#
# There is insufficient memory for the Java Runtime Environment to continue.
# Native memory allocation (malloc) failed to allocate 1617936 bytes. Error detail: Chunk::new
# Possible reasons:
#   The system is out of physical RAM or swap space
#   This process is running with CompressedOops enabled, and the Java Heap may be blocking the growth of the native heap
# Possible solutions:
#   Reduce memory load on the system
#   Increase physical memory or swap space
#   Check if swap backing store is full
#   Decrease Java heap size (-Xmx/-Xms)
#   Decrease number of Java threads
#   Decrease Java thread stack sizes (-Xss)
#   Set larger code cache with -XX:ReservedCodeCacheSize=
#   JVM is running with Unscaled Compressed Oops mode in which the Java heap is
#     placed in the first 4GB address space. The Java Heap base address is the
#     maximum limit for the native heap growth. Please use -XX:HeapBaseMinAddress
#     to set the Java Heap base and to place the Java Heap above 4GB virtual address.
# This output file may be truncated or incomplete.
#
#  Out of Memory Error (arena.cpp:168), pid=18516, tid=14744
#
# JRE version: OpenJDK Runtime Environment Temurin-21.0.10+7 (21.0.10+7) (build 21.0.10+7-LTS)
# Java VM: OpenJDK 64-Bit Server VM Temurin-21.0.10+7 (21.0.10+7-LTS, mixed mode, sharing, tiered, compressed oops, compressed class ptrs, parallel gc, windows-amd64)
# No core dump will be written. Minidumps are not enabled by default on client versions of Windows
#

---------------  S U M M A R Y ------------

Command Line: --add-modules=ALL-SYSTEM --add-opens=java.base/java.util=ALL-UNNAMED --add-opens=java.base/java.lang=ALL-UNNAMED --add-opens=java.base/sun.nio.fs=ALL-UNNAMED -Declipse.application=org.eclipse.jdt.ls.core.id1 -Dosgi.bundles.defaultStartLevel=4 -Declipse.product=org.eclipse.jdt.ls.core.product -Djava.import.generatesMetadataFilesAtProjectRoot=false -DDetectVMInstallationsJob.disabled=true -Dfile.encoding=utf8 -XX:+UseParallelGC -XX:GCTimeRatio=4 -XX:AdaptiveSizePolicyWeight=90 -Dsun.zip.disableMemoryMapping=true -Xmx2G -Xms100m -Xlog:disable -javaagent:c:\Users\Dell\.vscode\extensions\redhat.java-1.53.0-win32-x64\lombok\lombok-1.18.39-4050.jar c:\Users\Dell\.vscode\extensions\redhat.java-1.53.0-win32-x64\server\plugins\org.eclipse.equinox.launcher_1.7.100.v20251111-0406.jar -configuration c:\Users\Dell\AppData\Roaming\Code\User\globalStorage\redhat.java\1.53.0\config_ss_win -data c:\Users\Dell\AppData\Roaming\Code\User\workspaceStorage\8deed0398820b339646c0aa412961b18\redhat.java\ss_ws --pipe=\\.\pipe\lsp-a4e1d34b7a376bf21f8c499930158bb0-sock

Host: 12th Gen Intel(R) Core(TM) i5-1245U, 12 cores, 15G,  Windows 11 , 64 bit Build 22621 (10.0.22621.5415)
Time: Tue Mar 24 16:45:13 2026 Morocco Daylight Time elapsed time: 40.134391 seconds (0d 0h 0m 40s)

---------------  T H R E A D  ---------------

Current thread (0x00000178f54e2b10):  JavaThread "C2 CompilerThread2" daemon [_thread_in_native, id=14744, stack(0x0000000d7a500000,0x0000000d7a600000) (1024K)]


Current CompileTask:
C2:40134 6702   !   4       lombok.core.AST::buildWithField0 (121 bytes)

Stack: [0x0000000d7a500000,0x0000000d7a600000]
Native frames: (J=compiled Java code, j=interpreted, Vv=VM code, C=native code)
V  [jvm.dll+0x6d7a39]
V  [jvm.dll+0x8b4b26]
V  [jvm.dll+0x8b70de]
V  [jvm.dll+0x8b77c3]
V  [jvm.dll+0x284346]
V  [jvm.dll+0xc66ed]
V  [jvm.dll+0xc6c31]
V  [jvm.dll+0x3bec01]
V  [jvm.dll+0x38b162]
V  [jvm.dll+0x38a5aa]
V  [jvm.dll+0x24c560]
V  [jvm.dll+0x24bb40]
V  [jvm.dll+0x1cb34e]
V  [jvm.dll+0x25b85d]
V  [jvm.dll+0x259dea]
V  [jvm.dll+0x3f857e]
V  [jvm.dll+0x85f59d]
V  [jvm.dll+0x6d626d]
C  [ucrtbase.dll+0x29333]
C  [KERNEL32.DLL+0x1259d]
C  [ntdll.dll+0x5af78]


---------------  P R O C E S S  ---------------

Threads class SMR info:
_java_thread_list=0x00000178f5f11930, length=62, elements={
0x0000017896430b40, 0x00000178aced6880, 0x00000178aced99b0, 0x00000178acedbca0,
0x00000178aceddb70, 0x00000178acede700, 0x00000178964d2cb0, 0x00000178964d9bf0,
0x00000178964ded50, 0x00000178ef4432c0, 0x00000178ef5bb690, 0x00000178ef5cd8e0,
0x00000178f50be860, 0x00000178f509e9d0, 0x00000178f53e2870, 0x00000178f52e0150,
0x00000178f556c510, 0x00000178f556d360, 0x00000178f5662160, 0x00000178f565ece0,
0x00000178f565f370, 0x00000178f5660090, 0x00000178f5661ad0, 0x00000178f5661440,
0x00000178f565fa00, 0x00000178f5660720, 0x00000178f5660db0, 0x00000178f6c4adb0,
0x00000178f6c49a00, 0x00000178f6c4a720, 0x00000178f6c4c160, 0x00000178f6c4c7f0,
0x00000178f6c49370, 0x00000178f6c4bad0, 0x00000178f6c4a090, 0x00000178f6c4b440,
0x00000178ef40d120, 0x00000178ef4105a0, 0x00000178f54e16a0, 0x00000178f54e2b10,
0x00000178ef40ca90, 0x00000178ef40de40, 0x00000178ef40e4d0, 0x00000178ef4112c0,
0x00000178ef410c30, 0x00000178ef40b050, 0x00000178ef40eb60, 0x00000178ef40f880,
0x00000178ef411fe0, 0x00000178ef412670, 0x00000178ef40ff10, 0x00000178ef40b6e0,
0x00000178ef40c400, 0x00000178ef40d7b0, 0x0000017880fc8260, 0x0000017880fc4de0,
0x0000017880fc5470, 0x0000017880fc5b00, 0x0000017880fc7540, 0x0000017880fc6eb0,
0x0000017880fc7bd0, 0x0000017880fc6190
}

Java Threads: ( => current thread )
  0x0000017896430b40 JavaThread "main"                              [_thread_blocked, id=14172, stack(0x0000000d77000000,0x0000000d77100000) (1024K)]
  0x00000178aced6880 JavaThread "Reference Handler"          daemon [_thread_blocked, id=12344, stack(0x0000000d77400000,0x0000000d77500000) (1024K)]
  0x00000178aced99b0 JavaThread "Finalizer"                  daemon [_thread_blocked, id=7540, stack(0x0000000d77500000,0x0000000d77600000) (1024K)]
  0x00000178acedbca0 JavaThread "Signal Dispatcher"          daemon [_thread_blocked, id=17644, stack(0x0000000d77600000,0x0000000d77700000) (1024K)]
  0x00000178aceddb70 JavaThread "Attach Listener"            daemon [_thread_blocked, id=13620, stack(0x0000000d77700000,0x0000000d77800000) (1024K)]
  0x00000178acede700 JavaThread "Service Thread"             daemon [_thread_blocked, id=23912, stack(0x0000000d77800000,0x0000000d77900000) (1024K)]
  0x00000178964d2cb0 JavaThread "Monitor Deflation Thread"   daemon [_thread_blocked, id=3516, stack(0x0000000d77900000,0x0000000d77a00000) (1024K)]
  0x00000178964d9bf0 JavaThread "C2 CompilerThread0"         daemon [_thread_in_native, id=15836, stack(0x0000000d77a00000,0x0000000d77b00000) (1024K)]
  0x00000178964ded50 JavaThread "C1 CompilerThread0"         daemon [_thread_in_native, id=11920, stack(0x0000000d77b00000,0x0000000d77c00000) (1024K)]
  0x00000178ef4432c0 JavaThread "Common-Cleaner"             daemon [_thread_blocked, id=12880, stack(0x0000000d77c00000,0x0000000d77d00000) (1024K)]
  0x00000178ef5bb690 JavaThread "Notification Thread"        daemon [_thread_blocked, id=5312, stack(0x0000000d77e00000,0x0000000d77f00000) (1024K)]
  0x00000178ef5cd8e0 JavaThread "Active Thread: Equinox Container: 40ea4418-3600-4231-8fc5-e7206cfc32c4"        [_thread_blocked, id=11036, stack(0x0000000d78600000,0x0000000d78700000) (1024K)]
  0x00000178f50be860 JavaThread "Framework Event Dispatcher: Equinox Container: 40ea4418-3600-4231-8fc5-e7206cfc32c4" daemon [_thread_blocked, id=17096, stack(0x0000000d77f00000,0x0000000d78000000) (1024K)]
  0x00000178f509e9d0 JavaThread "Start Level: Equinox Container: 40ea4418-3600-4231-8fc5-e7206cfc32c4" daemon [_thread_blocked, id=20312, stack(0x0000000d78700000,0x0000000d78800000) (1024K)]
  0x00000178f53e2870 JavaThread "SCR Component Actor"        daemon [_thread_blocked, id=14084, stack(0x0000000d77d00000,0x0000000d77e00000) (1024K)]
  0x00000178f52e0150 JavaThread "Worker-JM"                         [_thread_blocked, id=22592, stack(0x0000000d78a00000,0x0000000d78b00000) (1024K)]
  0x00000178f556c510 JavaThread "Worker-0"                          [_thread_blocked, id=16172, stack(0x0000000d78d00000,0x0000000d78e00000) (1024K)]
  0x00000178f556d360 JavaThread "Worker-1"                          [_thread_blocked, id=12320, stack(0x0000000d78e00000,0x0000000d78f00000) (1024K)]
  0x00000178f5662160 JavaThread "Worker-2: Building"                [_thread_blocked, id=21344, stack(0x0000000d78f00000,0x0000000d79000000) (1024K)]
  0x00000178f565ece0 JavaThread "JNA Cleaner"                daemon [_thread_blocked, id=10992, stack(0x0000000d79100000,0x0000000d79200000) (1024K)]
  0x00000178f565f370 JavaThread "Thread-1"                   daemon [_thread_in_native, id=21188, stack(0x0000000d79400000,0x0000000d79500000) (1024K)]
  0x00000178f5660090 JavaThread "Thread-2"                   daemon [_thread_in_native, id=19124, stack(0x0000000d79500000,0x0000000d79600000) (1024K)]
  0x00000178f5661ad0 JavaThread "Thread-3"                   daemon [_thread_in_native, id=11112, stack(0x0000000d79600000,0x0000000d79700000) (1024K)]
  0x00000178f5661440 JavaThread "Thread-4"                   daemon [_thread_in_native, id=14148, stack(0x0000000d79700000,0x0000000d79800000) (1024K)]
  0x00000178f565fa00 JavaThread "Thread-5"                   daemon [_thread_in_native, id=13484, stack(0x0000000d79800000,0x0000000d79900000) (1024K)]
  0x00000178f5660720 JavaThread "Thread-6"                   daemon [_thread_in_native, id=16688, stack(0x0000000d79900000,0x0000000d79a00000) (1024K)]
  0x00000178f5660db0 JavaThread "Thread-7"                   daemon [_thread_in_native, id=12544, stack(0x0000000d79a00000,0x0000000d79b00000) (1024K)]
  0x00000178f6c4adb0 JavaThread "Thread-8"                   daemon [_thread_in_native, id=9980, stack(0x0000000d79b00000,0x0000000d79c00000) (1024K)]
  0x00000178f6c49a00 JavaThread "Thread-9"                   daemon [_thread_in_native, id=14532, stack(0x0000000d79c00000,0x0000000d79d00000) (1024K)]
  0x00000178f6c4a720 JavaThread "Thread-10"                  daemon [_thread_in_native, id=7552, stack(0x0000000d79d00000,0x0000000d79e00000) (1024K)]
  0x00000178f6c4c160 JavaThread "Thread-11"                  daemon [_thread_in_native, id=20340, stack(0x0000000d79e00000,0x0000000d79f00000) (1024K)]
  0x00000178f6c4c7f0 JavaThread "Thread-12"                  daemon [_thread_in_native, id=11652, stack(0x0000000d79f00000,0x0000000d7a000000) (1024K)]
  0x00000178f6c49370 JavaThread "Thread-13"                  daemon [_thread_in_native, id=5568, stack(0x0000000d7a000000,0x0000000d7a100000) (1024K)]
  0x00000178f6c4bad0 JavaThread "pool-2-thread-1"                   [_thread_blocked, id=8868, stack(0x0000000d7a100000,0x0000000d7a200000) (1024K)]
  0x00000178f6c4a090 JavaThread "WorkspaceEventsHandler"            [_thread_blocked, id=14376, stack(0x0000000d7a200000,0x0000000d7a300000) (1024K)]
  0x00000178f6c4b440 JavaThread "pool-1-thread-1"                   [_thread_blocked, id=14608, stack(0x0000000d7a300000,0x0000000d7a400000) (1024K)]
  0x00000178ef40d120 JavaThread "ForkJoinPool.commonPool-worker-1" daemon [_thread_blocked, id=19636, stack(0x0000000d78900000,0x0000000d78a00000) (1024K)]
  0x00000178ef4105a0 JavaThread "ForkJoinPool.commonPool-worker-2" daemon [_thread_blocked, id=19512, stack(0x0000000d7a400000,0x0000000d7a500000) (1024K)]
  0x00000178f54e16a0 JavaThread "C2 CompilerThread1"         daemon [_thread_in_native, id=21256, stack(0x0000000d79000000,0x0000000d79100000) (1024K)]
=>0x00000178f54e2b10 JavaThread "C2 CompilerThread2"         daemon [_thread_in_native, id=14744, stack(0x0000000d7a500000,0x0000000d7a600000) (1024K)]
  0x00000178ef40ca90 JavaThread "Compiler Source File Reader" daemon [_thread_blocked, id=24536, stack(0x0000000d7a600000,0x0000000d7a700000) (1024K)]
  0x00000178ef40de40 JavaThread "Compiler Source File Reader" daemon [_thread_blocked, id=4076, stack(0x0000000d7a700000,0x0000000d7a800000) (1024K)]
  0x00000178ef40e4d0 JavaThread "Compiler Source File Reader" daemon [_thread_blocked, id=19164, stack(0x0000000d7a800000,0x0000000d7a900000) (1024K)]
  0x00000178ef4112c0 JavaThread "Compiler Source File Reader" daemon [_thread_blocked, id=8916, stack(0x0000000d7a900000,0x0000000d7aa00000) (1024K)]
  0x00000178ef410c30 JavaThread "Compiler Source File Reader" daemon [_thread_blocked, id=14268, stack(0x0000000d7aa00000,0x0000000d7ab00000) (1024K)]
  0x00000178ef40b050 JavaThread "Compiler Source File Reader" daemon [_thread_blocked, id=10876, stack(0x0000000d7ab00000,0x0000000d7ac00000) (1024K)]
  0x00000178ef40eb60 JavaThread "Compiler Source File Reader" daemon [_thread_blocked, id=22644, stack(0x0000000d7ac00000,0x0000000d7ad00000) (1024K)]
  0x00000178ef40f880 JavaThread "Compiler Source File Reader" daemon [_thread_blocked, id=21840, stack(0x0000000d7ad00000,0x0000000d7ae00000) (1024K)]
  0x00000178ef411fe0 JavaThread "Compiler Source File Reader" daemon [_thread_blocked, id=5852, stack(0x0000000d7ae00000,0x0000000d7af00000) (1024K)]
  0x00000178ef412670 JavaThread "Compiler Source File Reader" daemon [_thread_blocked, id=19144, stack(0x0000000d7af00000,0x0000000d7b000000) (1024K)]
  0x00000178ef40ff10 JavaThread "Worker-3"                          [_thread_blocked, id=16848, stack(0x0000000d7b000000,0x0000000d7b100000) (1024K)]
  0x00000178ef40b6e0 JavaThread "Compiler Processing Task"   daemon [_thread_in_vm, id=20264, stack(0x0000000d7b100000,0x0000000d7b200000) (1024K)]
  0x00000178ef40c400 JavaThread "Compiler Class File Writer" daemon [_thread_blocked, id=19232, stack(0x0000000d7b200000,0x0000000d7b300000) (1024K)]
  0x00000178ef40d7b0 JavaThread "Compiler Class File Writer" daemon [_thread_blocked, id=7928, stack(0x0000000d7b300000,0x0000000d7b400000) (1024K)]
  0x0000017880fc8260 JavaThread "Compiler Class File Writer" daemon [_thread_blocked, id=8672, stack(0x0000000d7b400000,0x0000000d7b500000) (1024K)]
  0x0000017880fc4de0 JavaThread "Compiler Class File Writer" daemon [_thread_blocked, id=11668, stack(0x0000000d7b500000,0x0000000d7b600000) (1024K)]
  0x0000017880fc5470 JavaThread "Compiler Class File Writer" daemon [_thread_blocked, id=23420, stack(0x0000000d7b600000,0x0000000d7b700000) (1024K)]
  0x0000017880fc5b00 JavaThread "Compiler Class File Writer" daemon [_thread_blocked, id=14708, stack(0x0000000d7b700000,0x0000000d7b800000) (1024K)]
  0x0000017880fc7540 JavaThread "Compiler Class File Writer" daemon [_thread_blocked, id=20712, stack(0x0000000d7b800000,0x0000000d7b900000) (1024K)]
  0x0000017880fc6eb0 JavaThread "Compiler Class File Writer" daemon [_thread_blocked, id=22576, stack(0x0000000d7b900000,0x0000000d7ba00000) (1024K)]
  0x0000017880fc7bd0 JavaThread "Compiler Class File Writer" daemon [_thread_blocked, id=11136, stack(0x0000000d7ba00000,0x0000000d7bb00000) (1024K)]
  0x0000017880fc6190 JavaThread "Compiler Class File Writer" daemon [_thread_blocked, id=13412, stack(0x0000000d7bb00000,0x0000000d7bc00000) (1024K)]
Total: 62

Other Threads:
  0x00000178acec6ad0 VMThread "VM Thread"                           [id=19236, stack(0x0000000d77300000,0x0000000d77400000) (1024K)]
  0x000001789649ae00 WatcherThread "VM Periodic Task Thread"        [id=19904, stack(0x0000000d77200000,0x0000000d77300000) (1024K)]
  0x000001789644ee00 WorkerThread "GC Thread#0"                     [id=24180, stack(0x0000000d77100000,0x0000000d77200000) (1024K)]
  0x00000178f0962a40 WorkerThread "GC Thread#1"                     [id=22348, stack(0x0000000d78000000,0x0000000d78100000) (1024K)]
  0x00000178f528efd0 WorkerThread "GC Thread#2"                     [id=2896, stack(0x0000000d78100000,0x0000000d78200000) (1024K)]
  0x00000178f0956a90 WorkerThread "GC Thread#3"                     [id=3912, stack(0x0000000d78200000,0x0000000d78300000) (1024K)]
  0x00000178f044c760 WorkerThread "GC Thread#4"                     [id=18716, stack(0x0000000d78300000,0x0000000d78400000) (1024K)]
  0x00000178f044cb10 WorkerThread "GC Thread#5"                     [id=6060, stack(0x0000000d78400000,0x0000000d78500000) (1024K)]
  0x00000178f044cec0 WorkerThread "GC Thread#6"                     [id=10676, stack(0x0000000d78500000,0x0000000d78600000) (1024K)]
  0x00000178f08294c0 WorkerThread "GC Thread#7"                     [id=12564, stack(0x0000000d78800000,0x0000000d78900000) (1024K)]
  0x00000178f52d5c20 WorkerThread "GC Thread#8"                     [id=24564, stack(0x0000000d78b00000,0x0000000d78c00000) (1024K)]
  0x00000178f51634d0 WorkerThread "GC Thread#9"                     [id=9364, stack(0x0000000d78c00000,0x0000000d78d00000) (1024K)]
Total: 12

Threads with active compile tasks:
C2 CompilerThread0  40269 6701       4       lombok.core.AST::buildWithField (21 bytes)
C2 CompilerThread1  40269 6784   !   4       org.eclipse.jdt.internal.compiler.parser.Scanner::getNextToken0 (3068 bytes)
C2 CompilerThread2  40269 6702   !   4       lombok.core.AST::buildWithField0 (121 bytes)
Total: 3

VM state: not at safepoint (normal execution)

VM Mutex/Monitor currently owned by a thread:  ([mutex/lock_event])
[0x00007ff80b6bd060] MethodCompileQueue_lock - owner thread: 0x00000178ef40b6e0

Heap address: 0x0000000080000000, size: 2048 MB, Compressed Oops mode: 32-bit

CDS archive(s) mapped at: [0x00000178ad000000-0x00000178adba0000-0x00000178adba0000), size 12189696, SharedBaseAddress: 0x00000178ad000000, ArchiveRelocationMode: 1.
Compressed class space mapped at: 0x00000178ae000000-0x00000178ee000000, reserved size: 1073741824
Narrow klass base: 0x00000178ad000000, Narrow klass shift: 0, Narrow klass range: 0x100000000

GC Precious Log:
 CardTable entry size: 512
 CPUs: 12 total, 12 available
 Memory: 16068M
 Large Page Support: Disabled
 NUMA Support: Disabled
 Compressed Oops: Enabled (32-bit)
 Alignments: Space 512K, Generation 512K, Heap 2M
 Heap Min Capacity: 100M
 Heap Initial Capacity: 100M
 Heap Max Capacity: 2G
 Pre-touch: Disabled
 Parallel Workers: 10

Heap:
 PSYoungGen      total 19968K, used 14847K [0x00000000d5580000, 0x00000000d6d80000, 0x0000000100000000)
  eden space 16896K, 71% used [0x00000000d5580000,0x00000000d615a4a8,0x00000000d6600000)
  from space 3072K, 88% used [0x00000000d6a80000,0x00000000d6d25838,0x00000000d6d80000)
  to   space 3584K, 0% used [0x00000000d6680000,0x00000000d6680000,0x00000000d6a00000)
 ParOldGen       total 68608K, used 35013K [0x0000000080000000, 0x0000000084300000, 0x00000000d5580000)
  object space 68608K, 51% used [0x0000000080000000,0x0000000082231688,0x0000000084300000)
 Metaspace       used 44582K, committed 45632K, reserved 1114112K
  class space    used 4443K, committed 4928K, reserved 1048576K

Card table byte_map: [0x0000017895dd0000,0x00000178961e0000] _byte_map_base: 0x00000178959d0000

Marking Bits: (ParMarkBitMap*) 0x00007ff80b6c3450
 Begin Bits: [0x00000178a88e0000, 0x00000178aa8e0000)
 End Bits:   [0x00000178aa8e0000, 0x00000178ac8e0000)

Polling page: 0x0000017894190000

Metaspace:

Usage:
  Non-class:     39.20 MB used.
      Class:      4.34 MB used.
       Both:     43.54 MB used.

Virtual space:
  Non-class space:       64.00 MB reserved,      39.75 MB ( 62%) committed,  1 nodes.
      Class space:        1.00 GB reserved,       4.81 MB ( <1%) committed,  1 nodes.
             Both:        1.06 GB reserved,      44.56 MB (  4%) committed. 

Chunk freelists:
   Non-Class:  8.26 MB
       Class:  11.01 MB
        Both:  19.26 MB

MaxMetaspaceSize: unlimited
CompressedClassSpaceSize: 1.00 GB
Initial GC threshold: 21.00 MB
Current GC threshold: 58.38 MB
CDS: on
 - commit_granule_bytes: 65536.
 - commit_granule_words: 8192.
 - virtual_space_node_default_size: 8388608.
 - enlarge_chunks_in_place: 1.
 - use_allocation_guard: 0.


Internal statistics:

num_allocs_failed_limit: 6.
num_arena_births: 840.
num_arena_deaths: 14.
num_vsnodes_births: 2.
num_vsnodes_deaths: 0.
num_space_committed: 713.
num_space_uncommitted: 0.
num_chunks_returned_to_freelist: 20.
num_chunks_taken_from_freelist: 2736.
num_chunk_merges: 10.
num_chunk_splits: 1744.
num_chunks_enlarged: 1068.
num_inconsistent_stats: 0.

CodeHeap 'non-profiled nmethods': size=120000Kb used=4095Kb max_used=4095Kb free=115904Kb
 bounds [0x00000178a1100000, 0x00000178a1500000, 0x00000178a8630000]
CodeHeap 'profiled nmethods': size=120000Kb used=14790Kb max_used=14790Kb free=105209Kb
 bounds [0x0000017899630000, 0x000001789a4b0000, 0x00000178a0b60000]
CodeHeap 'non-nmethods': size=5760Kb used=1413Kb max_used=1478Kb free=4347Kb
 bounds [0x00000178a0b60000, 0x00000178a0dd0000, 0x00000178a1100000]
CodeCache: size=245760Kb, used=20298Kb, max_used=20363Kb, free=225460Kb
 total_blobs=7072, nmethods=6354, adapters=623, full_count=0
Compilation: enabled, stopped_count=0, restarted_count=0

Compilation events (20 events):
Event: 40.045 Thread 0x00000178f54e16a0 nmethod 6780 0x00000178a14ff090 code [0x00000178a14ff220, 0x00000178a14ff2d0]
Event: 40.047 Thread 0x00000178f54e16a0 6784   !   4       org.eclipse.jdt.internal.compiler.parser.Scanner::getNextToken0 (3068 bytes)
Event: 40.048 Thread 0x00000178964ded50 nmethod 6773 0x000001789a46ac10 code [0x000001789a46af80, 0x000001789a46c718]
Event: 40.051 Thread 0x00000178964ded50 6770       1       org.eclipse.jdt.internal.compiler.lookup.LocalVariableBinding::isCatchParameter (2 bytes)
Event: 40.054 Thread 0x00000178964ded50 nmethod 6770 0x00000178a14ff390 code [0x00000178a14ff520, 0x00000178a14ff5e8]
Event: 40.055 Thread 0x00000178964ded50 6781       1       java.nio.DirectByteBuffer::isReadOnly (2 bytes)
Event: 40.055 Thread 0x00000178964ded50 nmethod 6781 0x00000178a14ff690 code [0x00000178a14ff820, 0x00000178a14ff8e8]
Event: 40.055 Thread 0x00000178964ded50 6776       1       org.eclipse.core.internal.resources.Rules::buildRule (5 bytes)
Event: 40.056 Thread 0x00000178964ded50 nmethod 6776 0x00000178a14ff990 code [0x00000178a14ffb20, 0x00000178a14ffbe8]
Event: 40.070 Thread 0x00000178964ded50 6785       3       org.eclipse.jdt.internal.compiler.parser.Scanner::internalScanIdentifierOrKeyword (5041 bytes)
Event: 40.098 Thread 0x00000178964ded50 nmethod 6785 0x000001789a46cc10 code [0x000001789a46db80, 0x000001789a478c98]
Event: 40.099 Thread 0x00000178964ded50 6787       3       lombok.core.configuration.BubblingConfigurationResolver::resolve (432 bytes)
Event: 40.105 Thread 0x00000178964ded50 nmethod 6787 0x000001789a47ae10 code [0x000001789a47b3a0, 0x000001789a47e3d0]
Event: 40.105 Thread 0x00000178964ded50 6792       3       org.eclipse.jdt.internal.compiler.lookup.LookupEnvironment::getTypeFromSignature (376 bytes)
Event: 40.108 Thread 0x00000178964ded50 nmethod 6792 0x000001789a47f310 code [0x000001789a47f5e0, 0x000001789a480670]
Event: 40.108 Thread 0x00000178964ded50 6790       3       org.eclipse.jdt.internal.compiler.ast.SingleTypeReference::getTypeName (12 bytes)
Event: 40.108 Thread 0x00000178964ded50 nmethod 6790 0x000001789a480b10 code [0x000001789a480cc0, 0x000001789a480fb0]
Event: 40.109 Thread 0x00000178964ded50 6796       3       org.eclipse.jdt.internal.compiler.ast.ASTNode::resolveAnnotations (1058 bytes)
Event: 40.119 Thread 0x00000178964ded50 nmethod 6796 0x000001789a481090 code [0x000001789a481720, 0x000001789a485ef0]
Event: 40.122 Thread 0x00000178964ded50 6798       3       org.eclipse.jdt.internal.compiler.lookup.Scope::findMemberType (723 bytes)

GC Heap History (20 events):
Event: 30.114 GC heap before
{Heap before GC invocations=15 (full 2):
 PSYoungGen      total 24064K, used 23040K [0x00000000d5580000, 0x00000000d7200000, 0x0000000100000000)
  eden space 23040K, 100% used [0x00000000d5580000,0x00000000d6c00000,0x00000000d6c00000)
  from space 1024K, 0% used [0x00000000d7100000,0x00000000d7100000,0x00000000d7200000)
  to   space 1024K, 0% used [0x00000000d6d00000,0x00000000d6d00000,0x00000000d6e00000)
 ParOldGen       total 68608K, used 15483K [0x0000000080000000, 0x0000000084300000, 0x00000000d5580000)
  object space 68608K, 22% used [0x0000000080000000,0x0000000080f1ee78,0x0000000084300000)
 Metaspace       used 36370K, committed 37248K, reserved 1114112K
  class space    used 3754K, committed 4160K, reserved 1048576K
}
Event: 30.120 GC heap after
{Heap after GC invocations=15 (full 2):
 PSYoungGen      total 23552K, used 992K [0x00000000d5580000, 0x00000000d7180000, 0x0000000100000000)
  eden space 22528K, 0% used [0x00000000d5580000,0x00000000d5580000,0x00000000d6b80000)
  from space 1024K, 96% used [0x00000000d6d00000,0x00000000d6df8020,0x00000000d6e00000)
  to   space 2560K, 0% used [0x00000000d6f00000,0x00000000d6f00000,0x00000000d7180000)
 ParOldGen       total 68608K, used 16472K [0x0000000080000000, 0x0000000084300000, 0x00000000d5580000)
  object space 68608K, 24% used [0x0000000080000000,0x0000000081016388,0x0000000084300000)
 Metaspace       used 36370K, committed 37248K, reserved 1114112K
  class space    used 3754K, committed 4160K, reserved 1048576K
}
Event: 30.708 GC heap before
{Heap before GC invocations=16 (full 2):
 PSYoungGen      total 23552K, used 23520K [0x00000000d5580000, 0x00000000d7180000, 0x0000000100000000)
  eden space 22528K, 100% used [0x00000000d5580000,0x00000000d6b80000,0x00000000d6b80000)
  from space 1024K, 96% used [0x00000000d6d00000,0x00000000d6df8020,0x00000000d6e00000)
  to   space 2560K, 0% used [0x00000000d6f00000,0x00000000d6f00000,0x00000000d7180000)
 ParOldGen       total 68608K, used 16472K [0x0000000080000000, 0x0000000084300000, 0x00000000d5580000)
  object space 68608K, 24% used [0x0000000080000000,0x0000000081016388,0x0000000084300000)
 Metaspace       used 36810K, committed 37696K, reserved 1114112K
  class space    used 3785K, committed 4160K, reserved 1048576K
}
Event: 30.720 GC heap after
{Heap after GC invocations=16 (full 2):
 PSYoungGen      total 24576K, used 2112K [0x00000000d5580000, 0x00000000d7180000, 0x0000000100000000)
  eden space 22016K, 0% used [0x00000000d5580000,0x00000000d5580000,0x00000000d6b00000)
  from space 2560K, 82% used [0x00000000d6f00000,0x00000000d7110010,0x00000000d7180000)
  to   space 2560K, 0% used [0x00000000d6c80000,0x00000000d6c80000,0x00000000d6f00000)
 ParOldGen       total 68608K, used 17389K [0x0000000080000000, 0x0000000084300000, 0x00000000d5580000)
  object space 68608K, 25% used [0x0000000080000000,0x00000000810fb700,0x0000000084300000)
 Metaspace       used 36810K, committed 37696K, reserved 1114112K
  class space    used 3785K, committed 4160K, reserved 1048576K
}
Event: 31.366 GC heap before
{Heap before GC invocations=17 (full 2):
 PSYoungGen      total 24576K, used 24128K [0x00000000d5580000, 0x00000000d7180000, 0x0000000100000000)
  eden space 22016K, 100% used [0x00000000d5580000,0x00000000d6b00000,0x00000000d6b00000)
  from space 2560K, 82% used [0x00000000d6f00000,0x00000000d7110010,0x00000000d7180000)
  to   space 2560K, 0% used [0x00000000d6c80000,0x00000000d6c80000,0x00000000d6f00000)
 ParOldGen       total 68608K, used 17389K [0x0000000080000000, 0x0000000084300000, 0x00000000d5580000)
  object space 68608K, 25% used [0x0000000080000000,0x00000000810fb700,0x0000000084300000)
 Metaspace       used 37607K, committed 38528K, reserved 1114112K
  class space    used 3900K, committed 4288K, reserved 1048576K
}
Event: 31.379 GC heap after
{Heap after GC invocations=17 (full 2):
 PSYoungGen      total 24064K, used 1969K [0x00000000d5580000, 0x00000000d6f80000, 0x0000000100000000)
  eden space 22016K, 0% used [0x00000000d5580000,0x00000000d5580000,0x00000000d6b00000)
  from space 2048K, 96% used [0x00000000d6c80000,0x00000000d6e6c430,0x00000000d6e80000)
  to   space 1024K, 0% used [0x00000000d6e80000,0x00000000d6e80000,0x00000000d6f80000)
 ParOldGen       total 68608K, used 19253K [0x0000000080000000, 0x0000000084300000, 0x00000000d5580000)
  object space 68608K, 28% used [0x0000000080000000,0x00000000812cd710,0x0000000084300000)
 Metaspace       used 37607K, committed 38528K, reserved 1114112K
  class space    used 3900K, committed 4288K, reserved 1048576K
}
Event: 31.916 GC heap before
{Heap before GC invocations=18 (full 2):
 PSYoungGen      total 24064K, used 23985K [0x00000000d5580000, 0x00000000d6f80000, 0x0000000100000000)
  eden space 22016K, 100% used [0x00000000d5580000,0x00000000d6b00000,0x00000000d6b00000)
  from space 2048K, 96% used [0x00000000d6c80000,0x00000000d6e6c430,0x00000000d6e80000)
  to   space 1024K, 0% used [0x00000000d6e80000,0x00000000d6e80000,0x00000000d6f80000)
 ParOldGen       total 68608K, used 19253K [0x0000000080000000, 0x0000000084300000, 0x00000000d5580000)
  object space 68608K, 28% used [0x0000000080000000,0x00000000812cd710,0x0000000084300000)
 Metaspace       used 38415K, committed 39360K, reserved 1114112K
  class space    used 3951K, committed 4352K, reserved 1048576K
}
Event: 31.931 GC heap after
{Heap after GC invocations=18 (full 2):
 PSYoungGen      total 22016K, used 994K [0x00000000d5580000, 0x00000000d7400000, 0x0000000100000000)
  eden space 20992K, 0% used [0x00000000d5580000,0x00000000d5580000,0x00000000d6a00000)
  from space 1024K, 97% used [0x00000000d6e80000,0x00000000d6f78800,0x00000000d6f80000)
  to   space 4608K, 0% used [0x00000000d6a00000,0x00000000d6a00000,0x00000000d6e80000)
 ParOldGen       total 68608K, used 22226K [0x0000000080000000, 0x0000000084300000, 0x00000000d5580000)
  object space 68608K, 32% used [0x0000000080000000,0x00000000815b4ad0,0x0000000084300000)
 Metaspace       used 38415K, committed 39360K, reserved 1114112K
  class space    used 3951K, committed 4352K, reserved 1048576K
}
Event: 32.189 GC heap before
{Heap before GC invocations=19 (full 2):
 PSYoungGen      total 22016K, used 21985K [0x00000000d5580000, 0x00000000d7400000, 0x0000000100000000)
  eden space 20992K, 99% used [0x00000000d5580000,0x00000000d69ffff8,0x00000000d6a00000)
  from space 1024K, 97% used [0x00000000d6e80000,0x00000000d6f78800,0x00000000d6f80000)
  to   space 4608K, 0% used [0x00000000d6a00000,0x00000000d6a00000,0x00000000d6e80000)
 ParOldGen       total 68608K, used 22226K [0x0000000080000000, 0x0000000084300000, 0x00000000d5580000)
  object space 68608K, 32% used [0x0000000080000000,0x00000000815b4ad0,0x0000000084300000)
 Metaspace       used 38795K, committed 39680K, reserved 1114112K
  class space    used 3976K, committed 4352K, reserved 1048576K
}
Event: 32.202 GC heap after
{Heap after GC invocations=19 (full 2):
 PSYoungGen      total 23552K, used 2148K [0x00000000d5580000, 0x00000000d7000000, 0x0000000100000000)
  eden space 20992K, 0% used [0x00000000d5580000,0x00000000d5580000,0x00000000d6a00000)
  from space 2560K, 83% used [0x00000000d6a00000,0x00000000d6c19000,0x00000000d6c80000)
  to   space 3072K, 0% used [0x00000000d6d00000,0x00000000d6d00000,0x00000000d7000000)
 ParOldGen       total 68608K, used 23145K [0x0000000080000000, 0x0000000084300000, 0x00000000d5580000)
  object space 68608K, 33% used [0x0000000080000000,0x000000008169a480,0x0000000084300000)
 Metaspace       used 38795K, committed 39680K, reserved 1114112K
  class space    used 3976K, committed 4352K, reserved 1048576K
}
Event: 32.453 GC heap before
{Heap before GC invocations=20 (full 2):
 PSYoungGen      total 23552K, used 23140K [0x00000000d5580000, 0x00000000d7000000, 0x0000000100000000)
  eden space 20992K, 100% used [0x00000000d5580000,0x00000000d6a00000,0x00000000d6a00000)
  from space 2560K, 83% used [0x00000000d6a00000,0x00000000d6c19000,0x00000000d6c80000)
  to   space 3072K, 0% used [0x00000000d6d00000,0x00000000d6d00000,0x00000000d7000000)
 ParOldGen       total 68608K, used 23145K [0x0000000080000000, 0x0000000084300000, 0x00000000d5580000)
  object space 68608K, 33% used [0x0000000080000000,0x000000008169a480,0x0000000084300000)
 Metaspace       used 39101K, committed 40064K, reserved 1114112K
  class space    used 4000K, committed 4416K, reserved 1048576K
}
Event: 32.467 GC heap after
{Heap after GC invocations=20 (full 2):
 PSYoungGen      total 23040K, used 2048K [0x00000000d5580000, 0x00000000d6f00000, 0x0000000100000000)
  eden space 20992K, 0% used [0x00000000d5580000,0x00000000d5580000,0x00000000d6a00000)
  from space 2048K, 100% used [0x00000000d6d00000,0x00000000d6f00000,0x00000000d6f00000)
  to   space 2560K, 0% used [0x00000000d6a00000,0x00000000d6a00000,0x00000000d6c80000)
 ParOldGen       total 68608K, used 25158K [0x0000000080000000, 0x0000000084300000, 0x00000000d5580000)
  object space 68608K, 36% used [0x0000000080000000,0x0000000081891aa8,0x0000000084300000)
 Metaspace       used 39101K, committed 40064K, reserved 1114112K
  class space    used 4000K, committed 4416K, reserved 1048576K
}
Event: 33.214 GC heap before
{Heap before GC invocations=21 (full 2):
 PSYoungGen      total 23040K, used 23040K [0x00000000d5580000, 0x00000000d6f00000, 0x0000000100000000)
  eden space 20992K, 100% used [0x00000000d5580000,0x00000000d6a00000,0x00000000d6a00000)
  from space 2048K, 100% used [0x00000000d6d00000,0x00000000d6f00000,0x00000000d6f00000)
  to   space 2560K, 0% used [0x00000000d6a00000,0x00000000d6a00000,0x00000000d6c80000)
 ParOldGen       total 68608K, used 25158K [0x0000000080000000, 0x0000000084300000, 0x00000000d5580000)
  object space 68608K, 36% used [0x0000000080000000,0x0000000081891aa8,0x0000000084300000)
 Metaspace       used 39251K, committed 40192K, reserved 1114112K
  class space    used 4005K, committed 4416K, reserved 1048576K
}
Event: 33.231 GC heap after
{Heap after GC invocations=21 (full 2):
 PSYoungGen      total 23552K, used 2328K [0x00000000d5580000, 0x00000000d6f00000, 0x0000000100000000)
  eden space 20992K, 0% used [0x00000000d5580000,0x00000000d5580000,0x00000000d6a00000)
  from space 2560K, 90% used [0x00000000d6a00000,0x00000000d6c46210,0x00000000d6c80000)
  to   space 2560K, 0% used [0x00000000d6c80000,0x00000000d6c80000,0x00000000d6f00000)
 ParOldGen       total 68608K, used 27054K [0x0000000080000000, 0x0000000084300000, 0x00000000d5580000)
  object space 68608K, 39% used [0x0000000080000000,0x0000000081a6baa8,0x0000000084300000)
 Metaspace       used 39251K, committed 40192K, reserved 1114112K
  class space    used 4005K, committed 4416K, reserved 1048576K
}
Event: 34.201 GC heap before
{Heap before GC invocations=22 (full 2):
 PSYoungGen      total 23552K, used 23320K [0x00000000d5580000, 0x00000000d6f00000, 0x0000000100000000)
  eden space 20992K, 100% used [0x00000000d5580000,0x00000000d6a00000,0x00000000d6a00000)
  from space 2560K, 90% used [0x00000000d6a00000,0x00000000d6c46210,0x00000000d6c80000)
  to   space 2560K, 0% used [0x00000000d6c80000,0x00000000d6c80000,0x00000000d6f00000)
 ParOldGen       total 68608K, used 27054K [0x0000000080000000, 0x0000000084300000, 0x00000000d5580000)
  object space 68608K, 39% used [0x0000000080000000,0x0000000081a6baa8,0x0000000084300000)
 Metaspace       used 40856K, committed 41856K, reserved 1114112K
  class space    used 4118K, committed 4544K, reserved 1048576K
}
Event: 34.216 GC heap after
{Heap after GC invocations=22 (full 2):
 PSYoungGen      total 19456K, used 2537K [0x00000000d5580000, 0x00000000d7700000, 0x0000000100000000)
  eden space 16896K, 0% used [0x00000000d5580000,0x00000000d5580000,0x00000000d6600000)
  from space 2560K, 99% used [0x00000000d6c80000,0x00000000d6efa480,0x00000000d6f00000)
  to   space 6656K, 0% used [0x00000000d6600000,0x00000000d6600000,0x00000000d6c80000)
 ParOldGen       total 68608K, used 30455K [0x0000000080000000, 0x0000000084300000, 0x00000000d5580000)
  object space 68608K, 44% used [0x0000000080000000,0x0000000081dbde08,0x0000000084300000)
 Metaspace       used 40856K, committed 41856K, reserved 1114112K
  class space    used 4118K, committed 4544K, reserved 1048576K
}
Event: 36.147 GC heap before
{Heap before GC invocations=23 (full 2):
 PSYoungGen      total 19456K, used 19433K [0x00000000d5580000, 0x00000000d7700000, 0x0000000100000000)
  eden space 16896K, 100% used [0x00000000d5580000,0x00000000d6600000,0x00000000d6600000)
  from space 2560K, 99% used [0x00000000d6c80000,0x00000000d6efa480,0x00000000d6f00000)
  to   space 6656K, 0% used [0x00000000d6600000,0x00000000d6600000,0x00000000d6c80000)
 ParOldGen       total 68608K, used 30455K [0x0000000080000000, 0x0000000084300000, 0x00000000d5580000)
  object space 68608K, 44% used [0x0000000080000000,0x0000000081dbde08,0x0000000084300000)
 Metaspace       used 42246K, committed 43264K, reserved 1114112K
  class space    used 4267K, committed 4672K, reserved 1048576K
}
Event: 36.158 GC heap after
{Heap after GC invocations=23 (full 2):
 PSYoungGen      total 20992K, used 3637K [0x00000000d5580000, 0x00000000d6f00000, 0x0000000100000000)
  eden space 16896K, 0% used [0x00000000d5580000,0x00000000d5580000,0x00000000d6600000)
  from space 4096K, 88% used [0x00000000d6600000,0x00000000d698d400,0x00000000d6a00000)
  to   space 4608K, 0% used [0x00000000d6a80000,0x00000000d6a80000,0x00000000d6f00000)
 ParOldGen       total 68608K, used 31861K [0x0000000080000000, 0x0000000084300000, 0x00000000d5580000)
  object space 68608K, 46% used [0x0000000080000000,0x0000000081f1d5d0,0x0000000084300000)
 Metaspace       used 42246K, committed 43264K, reserved 1114112K
  class space    used 4267K, committed 4672K, reserved 1048576K
}
Event: 37.941 GC heap before
{Heap before GC invocations=24 (full 2):
 PSYoungGen      total 20992K, used 20518K [0x00000000d5580000, 0x00000000d6f00000, 0x0000000100000000)
  eden space 16896K, 99% used [0x00000000d5580000,0x00000000d65fc528,0x00000000d6600000)
  from space 4096K, 88% used [0x00000000d6600000,0x00000000d698d400,0x00000000d6a00000)
  to   space 4608K, 0% used [0x00000000d6a80000,0x00000000d6a80000,0x00000000d6f00000)
 ParOldGen       total 68608K, used 31861K [0x0000000080000000, 0x0000000084300000, 0x00000000d5580000)
  object space 68608K, 46% used [0x0000000080000000,0x0000000081f1d5d0,0x0000000084300000)
 Metaspace       used 43577K, committed 44736K, reserved 1114112K
  class space    used 4412K, committed 4928K, reserved 1048576K
}
Event: 37.952 GC heap after
{Heap after GC invocations=24 (full 2):
 PSYoungGen      total 19968K, used 2710K [0x00000000d5580000, 0x00000000d6d80000, 0x0000000100000000)
  eden space 16896K, 0% used [0x00000000d5580000,0x00000000d5580000,0x00000000d6600000)
  from space 3072K, 88% used [0x00000000d6a80000,0x00000000d6d25838,0x00000000d6d80000)
  to   space 3584K, 0% used [0x00000000d6680000,0x00000000d6680000,0x00000000d6a00000)
 ParOldGen       total 68608K, used 35013K [0x0000000080000000, 0x0000000084300000, 0x00000000d5580000)
  object space 68608K, 51% used [0x0000000080000000,0x0000000082231688,0x0000000084300000)
 Metaspace       used 43577K, committed 44736K, reserved 1114112K
  class space    used 4412K, committed 4928K, reserved 1048576K
}

Dll operation events (12 events):
Event: 0.016 Loaded shared library c:\Users\Dell\.vscode\extensions\redhat.java-1.53.0-win32-x64\jre\21.0.10-win32-x86_64\bin\java.dll
Event: 0.053 Loaded shared library c:\Users\Dell\.vscode\extensions\redhat.java-1.53.0-win32-x64\jre\21.0.10-win32-x86_64\bin\zip.dll
Event: 0.117 Loaded shared library C:\Users\Dell\.vscode\extensions\redhat.java-1.53.0-win32-x64\jre\21.0.10-win32-x86_64\bin\instrument.dll
Event: 0.124 Loaded shared library C:\Users\Dell\.vscode\extensions\redhat.java-1.53.0-win32-x64\jre\21.0.10-win32-x86_64\bin\net.dll
Event: 0.126 Loaded shared library C:\Users\Dell\.vscode\extensions\redhat.java-1.53.0-win32-x64\jre\21.0.10-win32-x86_64\bin\nio.dll
Event: 0.130 Loaded shared library C:\Users\Dell\.vscode\extensions\redhat.java-1.53.0-win32-x64\jre\21.0.10-win32-x86_64\bin\zip.dll
Event: 0.168 Loaded shared library C:\Users\Dell\.vscode\extensions\redhat.java-1.53.0-win32-x64\jre\21.0.10-win32-x86_64\bin\jimage.dll
Event: 0.337 Loaded shared library c:\Users\Dell\.vscode\extensions\redhat.java-1.53.0-win32-x64\jre\21.0.10-win32-x86_64\bin\verify.dll
Event: 2.112 Loaded shared library C:\Users\Dell\AppData\Roaming\Code\User\globalStorage\redhat.java\1.53.0\config_ss_win\org.eclipse.equinox.launcher\org.eclipse.equinox.launcher.win32.win32.x86_64_1.3.0.v20260203-2149\eclipse_11919.dll
Event: 2.931 Loaded shared library C:\Users\Dell\.vscode\extensions\redhat.java-1.53.0-win32-x64\jre\21.0.10-win32-x86_64\bin\management.dll
Event: 2.938 Loaded shared library C:\Users\Dell\.vscode\extensions\redhat.java-1.53.0-win32-x64\jre\21.0.10-win32-x86_64\bin\management_ext.dll
Event: 4.628 Loaded shared library C:\Users\Dell\AppData\Local\Temp\jna-2087039342\jna733604066129816363.dll

Deoptimization events (20 events):
Event: 40.014 Thread 0x00000178ef40b6e0 Uncommon trap: trap_request=0xffffffbe fr.pc=0x00000178a14e7774 relative=0x0000000000000254
Event: 40.014 Thread 0x00000178ef40b6e0 Uncommon trap: reason=profile_predicate action=maybe_recompile pc=0x00000178a14e7774 method=java.util.Arrays.fill([Ljava/lang/Object;Ljava/lang/Object;)V @ 5 c2
Event: 40.014 Thread 0x00000178ef40b6e0 DEOPT PACKING pc=0x00000178a14e7774 sp=0x0000000d7b1fe620
Event: 40.014 Thread 0x00000178ef40b6e0 DEOPT UNPACKING pc=0x00000178a0bb3aa2 sp=0x0000000d7b1fe5f8 mode 2
Event: 40.055 Thread 0x00000178ef40b6e0 Uncommon trap: trap_request=0xffffff45 fr.pc=0x00000178a140c44c relative=0x00000000000024cc
Event: 40.055 Thread 0x00000178ef40b6e0 Uncommon trap: reason=unstable_if action=reinterpret pc=0x00000178a140c44c method=org.eclipse.jdt.internal.compiler.parser.Scanner.internalScanIdentifierOrKeyword(II[C)Lorg/eclipse/jdt/internal/compiler/parser/TerminalToken; @ 4164 c2
Event: 40.060 Thread 0x00000178ef40b6e0 DEOPT PACKING pc=0x00000178a140c44c sp=0x0000000d7b1feac0
Event: 40.060 Thread 0x00000178ef40b6e0 DEOPT UNPACKING pc=0x00000178a0bb3aa2 sp=0x0000000d7b1fea60 mode 2
Event: 40.100 Thread 0x00000178ef40b6e0 Uncommon trap: trap_request=0xffffff45 fr.pc=0x00000178a14f82e0 relative=0x00000000000028e0
Event: 40.100 Thread 0x00000178ef40b6e0 Uncommon trap: reason=unstable_if action=reinterpret pc=0x00000178a14f82e0 method=org.eclipse.jdt.internal.compiler.lookup.Scope.findField(Lorg/eclipse/jdt/internal/compiler/lookup/TypeBinding;[CLorg/eclipse/jdt/internal/compiler/lookup/InvocationSite;ZZ)
Event: 40.100 Thread 0x00000178ef40b6e0 DEOPT PACKING pc=0x00000178a14f82e0 sp=0x0000000d7b1feb20
Event: 40.100 Thread 0x00000178ef40b6e0 DEOPT UNPACKING pc=0x00000178a0bb3aa2 sp=0x0000000d7b1feab0 mode 2
Event: 40.100 Thread 0x00000178ef40b6e0 Uncommon trap: trap_request=0xffffff45 fr.pc=0x00000178a14f2704 relative=0x00000000000032a4
Event: 40.100 Thread 0x00000178ef40b6e0 Uncommon trap: reason=unstable_if action=reinterpret pc=0x00000178a14f2704 method=org.eclipse.jdt.internal.compiler.lookup.Scope.enclosingSourceType()Lorg/eclipse/jdt/internal/compiler/lookup/SourceTypeBinding; @ 26 c2
Event: 40.100 Thread 0x00000178ef40b6e0 DEOPT PACKING pc=0x00000178a14f2704 sp=0x0000000d7b1feb70
Event: 40.100 Thread 0x00000178ef40b6e0 DEOPT UNPACKING pc=0x00000178a0bb3aa2 sp=0x0000000d7b1feab8 mode 2
Event: 40.102 Thread 0x00000178ef40b6e0 Uncommon trap: trap_request=0xffffff45 fr.pc=0x00000178a1464094 relative=0x0000000000001154
Event: 40.102 Thread 0x00000178ef40b6e0 Uncommon trap: reason=unstable_if action=reinterpret pc=0x00000178a1464094 method=org.eclipse.jdt.internal.compiler.lookup.LookupEnvironment.convertUnresolvedBinaryToRawType(Lorg/eclipse/jdt/internal/compiler/lookup/TypeBinding;)Lorg/eclipse/jdt/internal/
Event: 40.102 Thread 0x00000178ef40b6e0 DEOPT PACKING pc=0x00000178a1464094 sp=0x0000000d7b1fdfe0
Event: 40.102 Thread 0x00000178ef40b6e0 DEOPT UNPACKING pc=0x00000178a0bb3aa2 sp=0x0000000d7b1fdd48 mode 2

Classes loaded (20 events):
Event: 35.671 Loading class java/util/stream/ReduceOps$4
Event: 35.673 Loading class java/util/stream/ReduceOps$4 done
Event: 35.676 Loading class java/util/stream/ReduceOps$4ReducingSink
Event: 35.680 Loading class java/util/stream/ReduceOps$4ReducingSink done
Event: 35.698 Loading class java/nio/file/Files$2
Event: 35.700 Loading class java/nio/file/Files$2 done
Event: 36.247 Loading class java/util/concurrent/ArrayBlockingQueue
Event: 36.249 Loading class java/util/concurrent/ArrayBlockingQueue done
Event: 36.919 Loading class java/util/concurrent/ConcurrentHashMap$KeySpliterator
Event: 36.919 Loading class java/util/concurrent/ConcurrentHashMap$KeySpliterator done
Event: 37.383 Loading class java/util/stream/ReferencePipeline$4
Event: 37.383 Loading class java/util/stream/ReferencePipeline$4 done
Event: 37.390 Loading class java/util/stream/Nodes$IntFixedNodeBuilder
Event: 37.391 Loading class java/util/stream/Node$Builder$OfInt
Event: 37.391 Loading class java/util/stream/Node$Builder$OfInt done
Event: 37.391 Loading class java/util/stream/Nodes$IntArrayNode
Event: 37.391 Loading class java/util/stream/Nodes$IntArrayNode done
Event: 37.391 Loading class java/util/stream/Nodes$IntFixedNodeBuilder done
Event: 37.396 Loading class java/util/stream/ReferencePipeline$4$1
Event: 37.398 Loading class java/util/stream/ReferencePipeline$4$1 done

Classes unloaded (7 events):
Event: 3.730 Thread 0x00000178acec6ad0 Unloading class 0x00000178ae190800 'java/lang/invoke/LambdaForm$MH+0x00000178ae190800'
Event: 3.730 Thread 0x00000178acec6ad0 Unloading class 0x00000178ae190400 'java/lang/invoke/LambdaForm$MH+0x00000178ae190400'
Event: 3.730 Thread 0x00000178acec6ad0 Unloading class 0x00000178ae190000 'java/lang/invoke/LambdaForm$MH+0x00000178ae190000'
Event: 3.730 Thread 0x00000178acec6ad0 Unloading class 0x00000178ae18fc00 'java/lang/invoke/LambdaForm$MH+0x00000178ae18fc00'
Event: 3.730 Thread 0x00000178acec6ad0 Unloading class 0x00000178ae18f800 'java/lang/invoke/LambdaForm$BMH+0x00000178ae18f800'
Event: 3.730 Thread 0x00000178acec6ad0 Unloading class 0x00000178ae18f400 'java/lang/invoke/LambdaForm$DMH+0x00000178ae18f400'
Event: 3.730 Thread 0x00000178acec6ad0 Unloading class 0x00000178ae18e400 'java/lang/invoke/LambdaForm$DMH+0x00000178ae18e400'

Classes redefined (0 events):
No events

Internal exceptions (20 events):
Event: 34.381 Thread 0x00000178f5662160 Exception <a 'sun/nio/fs/WindowsException'{0x00000000d56ed520}> (0x00000000d56ed520) 
thrown [s\src\hotspot\share\prims\jni.cpp, line 520]
Event: 34.402 Thread 0x00000178f5662160 Exception <a 'sun/nio/fs/WindowsException'{0x00000000d5720178}> (0x00000000d5720178) 
thrown [s\src\hotspot\share\prims\jni.cpp, line 520]
Event: 34.414 Thread 0x00000178f5662160 Exception <a 'sun/nio/fs/WindowsException'{0x00000000d5733990}> (0x00000000d5733990) 
thrown [s\src\hotspot\share\prims\jni.cpp, line 520]
Event: 34.433 Thread 0x00000178f5662160 Exception <a 'sun/nio/fs/WindowsException'{0x00000000d57473c0}> (0x00000000d57473c0) 
thrown [s\src\hotspot\share\prims\jni.cpp, line 520]
Event: 34.445 Thread 0x00000178f5662160 Exception <a 'sun/nio/fs/WindowsException'{0x00000000d575aac0}> (0x00000000d575aac0) 
thrown [s\src\hotspot\share\prims\jni.cpp, line 520]
Event: 34.456 Thread 0x00000178f5662160 Exception <a 'sun/nio/fs/WindowsException'{0x00000000d576e348}> (0x00000000d576e348) 
thrown [s\src\hotspot\share\prims\jni.cpp, line 520]
Event: 34.468 Thread 0x00000178f5662160 Exception <a 'sun/nio/fs/WindowsException'{0x00000000d57818e0}> (0x00000000d57818e0) 
thrown [s\src\hotspot\share\prims\jni.cpp, line 520]
Event: 34.480 Thread 0x00000178f5662160 Exception <a 'sun/nio/fs/WindowsException'{0x00000000d5795118}> (0x00000000d5795118) 
thrown [s\src\hotspot\share\prims\jni.cpp, line 520]
Event: 34.497 Thread 0x00000178f5662160 Exception <a 'sun/nio/fs/WindowsException'{0x00000000d57a8b00}> (0x00000000d57a8b00) 
thrown [s\src\hotspot\share\prims\jni.cpp, line 520]
Event: 34.516 Thread 0x00000178f5662160 Exception <a 'sun/nio/fs/WindowsException'{0x00000000d57c10d0}> (0x00000000d57c10d0) 
thrown [s\src\hotspot\share\prims\jni.cpp, line 520]
Event: 34.530 Thread 0x00000178f5662160 Exception <a 'sun/nio/fs/WindowsException'{0x00000000d57d49c8}> (0x00000000d57d49c8) 
thrown [s\src\hotspot\share\prims\jni.cpp, line 520]
Event: 34.542 Thread 0x00000178f5662160 Exception <a 'sun/nio/fs/WindowsException'{0x00000000d57fca78}> (0x00000000d57fca78) 
thrown [s\src\hotspot\share\prims\jni.cpp, line 520]
Event: 34.559 Thread 0x00000178f5662160 Exception <a 'sun/nio/fs/WindowsException'{0x00000000d580fee0}> (0x00000000d580fee0) 
thrown [s\src\hotspot\share\prims\jni.cpp, line 520]
Event: 35.715 Thread 0x00000178f5662160 Exception <a 'java/lang/NoSuchMethodError'{0x00000000d5fb0578}: 'int java.lang.invoke.DirectMethodHandle$Holder.invokeSpecialIFC(java.lang.Object, java.lang.Object, java.lang.Object)'> (0x00000000d5fb0578) 
thrown [s\src\hotspot\share\interpreter\linkResolver.cpp, line 773]
Event: 36.718 Thread 0x00000178ef40b6e0 Exception <a 'java/lang/NoSuchMethodError'{0x00000000d5b66ea8}: 'java.lang.Object java.lang.invoke.DirectMethodHandle$Holder.invokeStatic(java.lang.Object, java.lang.Object, int, java.lang.Object)'> (0x00000000d5b66ea8) 
thrown [s\src\hotspot\share\interpreter\linkResolver.cpp, line 773]
Event: 36.718 Thread 0x00000178f556d360 Exception <a 'java/lang/NoSuchMethodError'{0x00000000d5b6efd8}: 'java.lang.Object java.lang.invoke.DirectMethodHandle$Holder.invokeStatic(java.lang.Object, java.lang.Object, int, java.lang.Object)'> (0x00000000d5b6efd8) 
thrown [s\src\hotspot\share\interpreter\linkResolver.cpp, line 773]
Event: 36.725 Thread 0x00000178ef40b6e0 Exception <a 'java/lang/NoSuchMethodError'{0x00000000d5b759a8}: 'java.lang.Object java.lang.invoke.DirectMethodHandle$Holder.newInvokeSpecial(java.lang.Object, java.lang.Object, int)'> (0x00000000d5b759a8) 
thrown [s\src\hotspot\share\interpreter\linkResolver.cpp, line 773]
Event: 36.727 Thread 0x00000178f556d360 Exception <a 'java/lang/NoSuchMethodError'{0x00000000d5b7cff0}: 'java.lang.Object java.lang.invoke.DirectMethodHandle$Holder.newInvokeSpecial(java.lang.Object, java.lang.Object, int)'> (0x00000000d5b7cff0) 
thrown [s\src\hotspot\share\interpreter\linkResolver.cpp, line 773]
Event: 36.925 Thread 0x00000178f5662160 Exception <a 'java/lang/NoSuchMethodError'{0x00000000d5d69e48}: 'java.lang.Object java.lang.invoke.DirectMethodHandle$Holder.newInvokeSpecial(java.lang.Object, java.lang.Object, int, int, java.lang.Object)'> (0x00000000d5d69e48) 
thrown [s\src\hotspot\share\interpreter\linkResolver.cpp, line 773]
Event: 40.100 Thread 0x00000178ef40b6e0 Implicit null exception at 0x00000178a14f036e to 0x00000178a14f26e8

ZGC Phase Switch (0 events):
No events

VM Operations (20 events):
Event: 36.147 Executing safepoint VM operation: ParallelGCFailedAllocation (Allocation Failure)
Event: 36.159 Executing safepoint VM operation: ParallelGCFailedAllocation (Allocation Failure) done
Event: 37.130 Executing non-safepoint VM operation: HandshakeAllThreads (Deoptimize)
Event: 37.134 Executing non-safepoint VM operation: HandshakeAllThreads (Deoptimize) done
Event: 37.502 Executing safepoint VM operation: ICBufferFull
Event: 37.503 Executing safepoint VM operation: ICBufferFull done
Event: 37.615 Executing non-safepoint VM operation: HandshakeAllThreads (Deoptimize)
Event: 37.616 Executing non-safepoint VM operation: HandshakeAllThreads (Deoptimize) done
Event: 37.852 Executing non-safepoint VM operation: HandshakeAllThreads (Deoptimize)
Event: 37.852 Executing non-safepoint VM operation: HandshakeAllThreads (Deoptimize) done
Event: 37.941 Executing safepoint VM operation: ParallelGCFailedAllocation (Allocation Failure)
Event: 37.952 Executing safepoint VM operation: ParallelGCFailedAllocation (Allocation Failure) done
Event: 38.426 Executing non-safepoint VM operation: HandshakeAllThreads (Deoptimize)
Event: 38.426 Executing non-safepoint VM operation: HandshakeAllThreads (Deoptimize) done
Event: 38.717 Executing safepoint VM operation: ICBufferFull
Event: 38.717 Executing safepoint VM operation: ICBufferFull done
Event: 39.331 Executing safepoint VM operation: ICBufferFull
Event: 39.331 Executing safepoint VM operation: ICBufferFull done
Event: 40.126 Executing safepoint VM operation: ICBufferFull
Event: 40.126 Executing safepoint VM operation: ICBufferFull done

Memory protections (0 events):
No events

Nmethod flushes (20 events):
Event: 28.983 Thread 0x00000178acec6ad0 flushing  nmethod 0x0000017899a79990
Event: 28.983 Thread 0x00000178acec6ad0 flushing  nmethod 0x0000017899a7e610
Event: 28.983 Thread 0x00000178acec6ad0 flushing  nmethod 0x0000017899a7ea10
Event: 28.983 Thread 0x00000178acec6ad0 flushing  nmethod 0x0000017899a7f390
Event: 28.983 Thread 0x00000178acec6ad0 flushing  nmethod 0x0000017899aa8710
Event: 28.983 Thread 0x00000178acec6ad0 flushing  nmethod 0x0000017899aa8b10
Event: 28.983 Thread 0x00000178acec6ad0 flushing  nmethod 0x0000017899aa9490
Event: 28.983 Thread 0x00000178acec6ad0 flushing  nmethod 0x0000017899aa9f10
Event: 28.983 Thread 0x00000178acec6ad0 flushing  nmethod 0x0000017899ab1a10
Event: 28.983 Thread 0x00000178acec6ad0 flushing  nmethod 0x0000017899ab4090
Event: 28.983 Thread 0x00000178acec6ad0 flushing  nmethod 0x0000017899ab8410
Event: 28.983 Thread 0x00000178acec6ad0 flushing  nmethod 0x0000017899ab8910
Event: 28.983 Thread 0x00000178acec6ad0 flushing  nmethod 0x0000017899abb310
Event: 28.983 Thread 0x00000178acec6ad0 flushing  nmethod 0x0000017899abc910
Event: 28.983 Thread 0x00000178acec6ad0 flushing  nmethod 0x0000017899ac2110
Event: 28.983 Thread 0x00000178acec6ad0 flushing  nmethod 0x0000017899ac3790
Event: 28.983 Thread 0x00000178acec6ad0 flushing  nmethod 0x0000017899ae6010
Event: 28.983 Thread 0x00000178acec6ad0 flushing osr nmethod 0x0000017899af2110
Event: 28.983 Thread 0x00000178acec6ad0 flushing osr nmethod 0x0000017899afac10
Event: 28.983 Thread 0x00000178acec6ad0 flushing osr nmethod 0x0000017899b2fb90

Events (20 events):
Event: 34.663 Thread 0x00000178f5662160 Thread added: 0x00000178ef40e4d0
Event: 34.664 Thread 0x00000178f5662160 Thread added: 0x00000178ef4112c0
Event: 34.666 Thread 0x00000178f5662160 Thread added: 0x00000178ef410c30
Event: 34.668 Thread 0x00000178f5662160 Thread added: 0x00000178ef40b050
Event: 34.669 Thread 0x00000178f5662160 Thread added: 0x00000178ef40eb60
Event: 34.669 Thread 0x00000178f5662160 Thread added: 0x00000178ef40f880
Event: 34.670 Thread 0x00000178f5662160 Thread added: 0x00000178ef411fe0
Event: 34.670 Thread 0x00000178f5662160 Thread added: 0x00000178ef412670
Event: 35.656 Thread 0x00000178f556c510 Thread added: 0x00000178ef40ff10
Event: 36.253 Thread 0x00000178f5662160 Thread added: 0x00000178ef40b6e0
Event: 36.931 Thread 0x00000178f5662160 Thread added: 0x00000178ef40c400
Event: 37.418 Thread 0x00000178f5662160 Thread added: 0x00000178ef40d7b0
Event: 38.513 Thread 0x00000178f5662160 Thread added: 0x0000017880fc8260
Event: 38.514 Thread 0x00000178f5662160 Thread added: 0x0000017880fc4de0
Event: 38.514 Thread 0x00000178f5662160 Thread added: 0x0000017880fc5470
Event: 38.514 Thread 0x00000178f5662160 Thread added: 0x0000017880fc5b00
Event: 38.515 Thread 0x00000178f5662160 Thread added: 0x0000017880fc7540
Event: 38.515 Thread 0x00000178f5662160 Thread added: 0x0000017880fc6eb0
Event: 39.005 Thread 0x00000178f5662160 Thread added: 0x0000017880fc7bd0
Event: 39.005 Thread 0x00000178f5662160 Thread added: 0x0000017880fc6190


Dynamic libraries:
0x00007ff756810000 - 0x00007ff75681e000 	c:\Users\Dell\.vscode\extensions\redhat.java-1.53.0-win32-x64\jre\21.0.10-win32-x86_64\bin\java.exe
0x00007ff8bcb10000 - 0x00007ff8bcd28000 	C:\WINDOWS\SYSTEM32\ntdll.dll
0x00007ff8bc7d0000 - 0x00007ff8bc894000 	C:\WINDOWS\System32\KERNEL32.DLL
0x00007ff8ba140000 - 0x00007ff8ba513000 	C:\WINDOWS\System32\KERNELBASE.dll
0x00007ff8ba520000 - 0x00007ff8ba631000 	C:\WINDOWS\System32\ucrtbase.dll
0x00007ff897ac0000 - 0x00007ff897ade000 	c:\Users\Dell\.vscode\extensions\redhat.java-1.53.0-win32-x64\jre\21.0.10-win32-x86_64\bin\VCRUNTIME140.dll
0x00007ff897aa0000 - 0x00007ff897ab8000 	c:\Users\Dell\.vscode\extensions\redhat.java-1.53.0-win32-x64\jre\21.0.10-win32-x86_64\bin\jli.dll
0x00007ff8bb400000 - 0x00007ff8bb5b2000 	C:\WINDOWS\System32\USER32.dll
0x00007ff8ad370000 - 0x00007ff8ad60c000 	C:\WINDOWS\WinSxS\amd64_microsoft.windows.common-controls_6595b64144ccf1df_6.0.22621.6060_none_2712eda17382d24b\COMCTL32.dll
0x00007ff8ba780000 - 0x00007ff8ba7a6000 	C:\WINDOWS\System32\win32u.dll
0x00007ff8bade0000 - 0x00007ff8bae87000 	C:\WINDOWS\System32\msvcrt.dll
0x00007ff8bc2a0000 - 0x00007ff8bc2c9000 	C:\WINDOWS\System32\GDI32.dll
0x00007ff8b9f60000 - 0x00007ff8ba07b000 	C:\WINDOWS\System32\gdi32full.dll
0x00007ff8b9c20000 - 0x00007ff8b9cba000 	C:\WINDOWS\System32\msvcp_win.dll
0x00007ff8bb910000 - 0x00007ff8bb941000 	C:\WINDOWS\System32\IMM32.DLL
0x00007ff8a4de0000 - 0x00007ff8a4dec000 	c:\Users\Dell\.vscode\extensions\redhat.java-1.53.0-win32-x64\jre\21.0.10-win32-x86_64\bin\vcruntime140_1.dll
0x00007ff8675e0000 - 0x00007ff86766d000 	c:\Users\Dell\.vscode\extensions\redhat.java-1.53.0-win32-x64\jre\21.0.10-win32-x86_64\bin\msvcp140.dll
0x00007ff80aa00000 - 0x00007ff80b7a1000 	c:\Users\Dell\.vscode\extensions\redhat.java-1.53.0-win32-x64\jre\21.0.10-win32-x86_64\bin\server\jvm.dll
0x00007ff8bae90000 - 0x00007ff8baf41000 	C:\WINDOWS\System32\ADVAPI32.dll
0x00007ff8ba920000 - 0x00007ff8ba9c8000 	C:\WINDOWS\System32\sechost.dll
0x00007ff8b9f30000 - 0x00007ff8b9f58000 	C:\WINDOWS\System32\bcrypt.dll
0x00007ff8bb5c0000 - 0x00007ff8bb6d8000 	C:\WINDOWS\System32\RPCRT4.dll
0x00007ff8bb6e0000 - 0x00007ff8bb751000 	C:\WINDOWS\System32\WS2_32.dll
0x00007ff8b4060000 - 0x00007ff8b4094000 	C:\WINDOWS\SYSTEM32\WINMM.dll
0x00007ff8b8a30000 - 0x00007ff8b8a7d000 	C:\WINDOWS\SYSTEM32\POWRPROF.dll
0x00007ff8ac330000 - 0x00007ff8ac33a000 	C:\WINDOWS\SYSTEM32\VERSION.dll
0x00007ff8b8a10000 - 0x00007ff8b8a23000 	C:\WINDOWS\SYSTEM32\UMPDC.dll
0x00007ff8b8c50000 - 0x00007ff8b8c68000 	C:\WINDOWS\SYSTEM32\kernel.appcore.dll
0x00007ff8962c0000 - 0x00007ff8962ca000 	c:\Users\Dell\.vscode\extensions\redhat.java-1.53.0-win32-x64\jre\21.0.10-win32-x86_64\bin\jimage.dll
0x00007ff8b75e0000 - 0x00007ff8b7813000 	C:\WINDOWS\SYSTEM32\DBGHELP.DLL
0x00007ff8bb060000 - 0x00007ff8bb3f1000 	C:\WINDOWS\System32\combase.dll
0x00007ff8baae0000 - 0x00007ff8babb8000 	C:\WINDOWS\System32\OLEAUT32.dll
0x00007ff8accf0000 - 0x00007ff8acd22000 	C:\WINDOWS\SYSTEM32\dbgcore.DLL
0x00007ff8b9eb0000 - 0x00007ff8b9f2b000 	C:\WINDOWS\System32\bcryptPrimitives.dll
0x00007ff894ee0000 - 0x00007ff894eef000 	c:\Users\Dell\.vscode\extensions\redhat.java-1.53.0-win32-x64\jre\21.0.10-win32-x86_64\bin\instrument.dll
0x00007ff88f470000 - 0x00007ff88f490000 	c:\Users\Dell\.vscode\extensions\redhat.java-1.53.0-win32-x64\jre\21.0.10-win32-x86_64\bin\java.dll
0x00007ff8bb950000 - 0x00007ff8bc1ec000 	C:\WINDOWS\System32\SHELL32.dll
0x00007ff8ba640000 - 0x00007ff8ba77f000 	C:\WINDOWS\System32\wintypes.dll
0x00007ff8b7ae0000 - 0x00007ff8b83fa000 	C:\WINDOWS\SYSTEM32\windows.storage.dll
0x00007ff8ba9d0000 - 0x00007ff8baad4000 	C:\WINDOWS\System32\SHCORE.dll
0x00007ff8ba8b0000 - 0x00007ff8ba919000 	C:\WINDOWS\System32\shlwapi.dll
0x00007ff8b9b50000 - 0x00007ff8b9b75000 	C:\WINDOWS\SYSTEM32\profapi.dll
0x00007ff883150000 - 0x00007ff883168000 	c:\Users\Dell\.vscode\extensions\redhat.java-1.53.0-win32-x64\jre\21.0.10-win32-x86_64\bin\zip.dll
0x00007ff894c40000 - 0x00007ff894c50000 	C:\Users\Dell\.vscode\extensions\redhat.java-1.53.0-win32-x64\jre\21.0.10-win32-x86_64\bin\net.dll
0x00007ff8b3560000 - 0x00007ff8b368c000 	C:\WINDOWS\SYSTEM32\WINHTTP.dll
0x00007ff8b9170000 - 0x00007ff8b91d9000 	C:\WINDOWS\system32\mswsock.dll
0x00007ff881ae0000 - 0x00007ff881af6000 	C:\Users\Dell\.vscode\extensions\redhat.java-1.53.0-win32-x64\jre\21.0.10-win32-x86_64\bin\nio.dll
0x00007ff88d6b0000 - 0x00007ff88d6c0000 	c:\Users\Dell\.vscode\extensions\redhat.java-1.53.0-win32-x64\jre\21.0.10-win32-x86_64\bin\verify.dll
0x00007ff869c90000 - 0x00007ff869cd5000 	C:\Users\Dell\AppData\Roaming\Code\User\globalStorage\redhat.java\1.53.0\config_ss_win\org.eclipse.equinox.launcher\org.eclipse.equinox.launcher.win32.win32.x86_64_1.3.0.v20260203-2149\eclipse_11919.dll
0x00007ff8bc920000 - 0x00007ff8bcac1000 	C:\WINDOWS\System32\ole32.dll
0x00007ff885f10000 - 0x00007ff885f1a000 	C:\Users\Dell\.vscode\extensions\redhat.java-1.53.0-win32-x64\jre\21.0.10-win32-x86_64\bin\management.dll
0x00007ff885ae0000 - 0x00007ff885aec000 	C:\Users\Dell\.vscode\extensions\redhat.java-1.53.0-win32-x64\jre\21.0.10-win32-x86_64\bin\management_ext.dll
0x00007ff8badd0000 - 0x00007ff8badd8000 	C:\WINDOWS\System32\PSAPI.DLL
0x00007ff8b94c0000 - 0x00007ff8b94db000 	C:\WINDOWS\SYSTEM32\CRYPTSP.dll
0x00007ff8b8c10000 - 0x00007ff8b8c47000 	C:\WINDOWS\system32\rsaenh.dll
0x00007ff8b9210000 - 0x00007ff8b9238000 	C:\WINDOWS\SYSTEM32\USERENV.dll
0x00007ff8b94a0000 - 0x00007ff8b94ac000 	C:\WINDOWS\SYSTEM32\CRYPTBASE.dll
0x00007ff8b86d0000 - 0x00007ff8b86fd000 	C:\WINDOWS\SYSTEM32\IPHLPAPI.DLL
0x00007ff8bb770000 - 0x00007ff8bb779000 	C:\WINDOWS\System32\NSI.dll
0x00007ff850cb0000 - 0x00007ff850cf9000 	C:\Users\Dell\AppData\Local\Temp\jna-2087039342\jna733604066129816363.dll
0x00007ff8b1ec0000 - 0x00007ff8b1ed9000 	C:\WINDOWS\SYSTEM32\dhcpcsvc6.DLL
0x00007ff8b1c20000 - 0x00007ff8b1c3f000 	C:\WINDOWS\SYSTEM32\dhcpcsvc.DLL

JVMTI agents:
c:\Users\Dell\.vscode\extensions\redhat.java-1.53.0-win32-x64\lombok\lombok-1.18.39-4050.jar path:c:\Users\Dell\.vscode\extensions\redhat.java-1.53.0-win32-x64\jre\21.0.10-win32-x86_64\bin\instrument.dll, loaded, initialized, instrumentlib options:none

dbghelp: loaded successfully - version: 4.0.5 - missing functions: none
symbol engine: initialized successfully - sym options: 0x614 - pdb path: .;c:\Users\Dell\.vscode\extensions\redhat.java-1.53.0-win32-x64\jre\21.0.10-win32-x86_64\bin;C:\WINDOWS\SYSTEM32;C:\WINDOWS\WinSxS\amd64_microsoft.windows.common-controls_6595b64144ccf1df_6.0.22621.6060_none_2712eda17382d24b;c:\Users\Dell\.vscode\extensions\redhat.java-1.53.0-win32-x64\jre\21.0.10-win32-x86_64\bin\server;C:\Users\Dell\AppData\Roaming\Code\User\globalStorage\redhat.java\1.53.0\config_ss_win\org.eclipse.equinox.launcher\org.eclipse.equinox.launcher.win32.win32.x86_64_1.3.0.v20260203-2149;C:\Users\Dell\AppData\Local\Temp\jna-2087039342

VM Arguments:
jvm_args: --add-modules=ALL-SYSTEM --add-opens=java.base/java.util=ALL-UNNAMED --add-opens=java.base/java.lang=ALL-UNNAMED --add-opens=java.base/sun.nio.fs=ALL-UNNAMED -Declipse.application=org.eclipse.jdt.ls.core.id1 -Dosgi.bundles.defaultStartLevel=4 -Declipse.product=org.eclipse.jdt.ls.core.product -Djava.import.generatesMetadataFilesAtProjectRoot=false -DDetectVMInstallationsJob.disabled=true -Dfile.encoding=utf8 -XX:+UseParallelGC -XX:GCTimeRatio=4 -XX:AdaptiveSizePolicyWeight=90 -Dsun.zip.disableMemoryMapping=true -Xmx2G -Xms100m -Xlog:disable -javaagent:c:\Users\Dell\.vscode\extensions\redhat.java-1.53.0-win32-x64\lombok\lombok-1.18.39-4050.jar 
java_command: c:\Users\Dell\.vscode\extensions\redhat.java-1.53.0-win32-x64\server\plugins\org.eclipse.equinox.launcher_1.7.100.v20251111-0406.jar -configuration c:\Users\Dell\AppData\Roaming\Code\User\globalStorage\redhat.java\1.53.0\config_ss_win -data c:\Users\Dell\AppData\Roaming\Code\User\workspaceStorage\8deed0398820b339646c0aa412961b18\redhat.java\ss_ws --pipe=\\.\pipe\lsp-a4e1d34b7a376bf21f8c499930158bb0-sock
java_class_path (initial): c:\Users\Dell\.vscode\extensions\redhat.java-1.53.0-win32-x64\server\plugins\org.eclipse.equinox.launcher_1.7.100.v20251111-0406.jar
Launcher Type: SUN_STANDARD

[Global flags]
    uintx AdaptiveSizePolicyWeight                 = 90                                        {product} {command line}
     intx CICompilerCount                          = 4                                         {product} {ergonomic}
    uintx GCTimeRatio                              = 4                                         {product} {command line}
   size_t InitialHeapSize                          = 104857600                                 {product} {command line}
   size_t MaxHeapSize                              = 2147483648                                {product} {command line}
   size_t MaxNewSize                               = 715653120                                 {product} {ergonomic}
   size_t MinHeapDeltaBytes                        = 524288                                    {product} {ergonomic}
   size_t MinHeapSize                              = 104857600                                 {product} {command line}
   size_t NewSize                                  = 34603008                                  {product} {ergonomic}
    uintx NonNMethodCodeHeapSize                   = 5839372                                {pd product} {ergonomic}
    uintx NonProfiledCodeHeapSize                  = 122909434                              {pd product} {ergonomic}
   size_t OldSize                                  = 70254592                                  {product} {ergonomic}
    uintx ProfiledCodeHeapSize                     = 122909434                              {pd product} {ergonomic}
    uintx ReservedCodeCacheSize                    = 251658240                              {pd product} {ergonomic}
     bool SegmentedCodeCache                       = true                                      {product} {ergonomic}
   size_t SoftMaxHeapSize                          = 2147483648                             {manageable} {ergonomic}
     bool UseCompressedOops                        = true                           {product lp64_product} {ergonomic}
     bool UseLargePagesIndividualAllocation        = false                                  {pd product} {ergonomic}
     bool UseParallelGC                            = true                                      {product} {command line}

Logging:
Log output configuration:
 #0: stdout all=off uptime,level,tags foldmultilines=false
 #1: stderr all=off uptime,level,tags foldmultilines=false

Release file:
JAVA_VERSION="21.0.10" 
MODULES="java.base java.compiler java.datatransfer java.xml java.prefs java.desktop java.instrument java.logging java.management java.security.sasl java.naming java.rmi java.management.rmi java.net.http java.scripting java.security.jgss java.transaction.xa java.sql java.sql.rowset java.xml.crypto java.se java.smartcardio jdk.accessibility jdk.internal.jvmstat jdk.attach jdk.charsets jdk.internal.opt jdk.zipfs jdk.compiler jdk.crypto.ec jdk.crypto.cryptoki jdk.crypto.mscapi jdk.dynalink jdk.internal.ed jdk.editpad jdk.hotspot.agent jdk.httpserver jdk.internal.le jdk.internal.vm.ci jdk.internal.vm.compiler jdk.internal.vm.compiler.management jdk.jartool jdk.javadoc jdk.jcmd jdk.management jdk.management.agent jdk.jconsole jdk.jdeps jdk.jdwp.agent jdk.jdi jdk.jfr jdk.jshell jdk.jsobject jdk.jstatd jdk.localedata jdk.management.jfr jdk.naming.dns jdk.naming.rmi jdk.net jdk.nio.mapmode jdk.random jdk.sctp jdk.security.auth jdk.security.jgss jdk.unsupported jdk.unsupported.desktop jdk.xml.dom" 

Environment Variables:
JAVA_HOME=C:\Program Files\Java\jdk-17
PATH=C:\Users\Dell\AppData\Local\Programs\Microsoft VS Code;C:\wamp64\app\oracle\product\11.2.0\server\bin;C:\Program Files\Common Files\Oracle\Java\javapath;C:\WINDOWS\System32;C:\WINDOWS;C:\WINDOWS\System32\Wbem;C:\WINDOWS\System32\WindowsPowerShell\v1.0\;C:\WINDOWS\System32\OpenSSH\;C:\Program Files\Java\jdk-17\bin;C:\Users\Dell\Desktop\yahya\approche agile\sonarqub\sonarqube-8.9.10.61524\sonarqube-8.9.10.61524\bin\windows-x86-64;C:\Users\Dell\Desktop\yahya\approche agile\sonarqub\sonar-scanner-cli-6.2.1.4610-windows-x64\sonar-scanner-6.2.1.4610-windows-x64\bin;C:\Program Files\Common Files\Oracle\Java\javapath;C:\Program Files\Java\jdk-17\bin\javaw.exe;C:\Program Files\Java\jdk-17\bin\java.exe;C:\Users\Dell\Downloads\mongosh-2.3.4-win32-x64\bin;C:\wamp64\bin\php\php8.3.6;C:\ProgramData\ComposerSetup\bin;C:\Program Files\Git\cmd;C:\TDM-GCC-64\bin;C:\Program Files\nodejs\;C:\Program Files (x86)\Microsoft SQL Server\170\Tools\Binn\;C:\Program Files\Microsoft SQL Server\170\Tools\Binn\;C:\Program Files\Microsoft SQL Server\Client SDK\ODBC\180\Tools\Binn\;C:\Program Files\Microsoft SQL Server\170\DTS\Binn\;C:\maven\apache-maven-3.9.14-bin\apache-maven-3.9.14\bin;c:\Users\Dell\AppData\Local\Programs\Trae\bin;C:\Users\Dell\AppData\Local\Programs\Python\Python311\Scripts\;C:\Users\Dell\AppData\Local\Programs\Python\Python311\;C:\Program Files\Java\jdk-17\bin;C:\Users\Dell\AppData\Local\Programs\Microsoft VS Code\bin;C:\Users\Dell\AppData\Roaming\Composer\vendor\bin;C:\Program Files\Docker\Docker\resources\bin;C:\Users\Dell\AppData\Roaming\npm;C:\Users\Dell\AppData\Local\Programs\Zed\bin
USERNAME=ZAIZI NACER
OS=Windows_NT
PROCESSOR_IDENTIFIER=Intel64 Family 6 Model 154 Stepping 4, GenuineIntel
TMP=C:\Users\Dell\AppData\Local\Temp
TEMP=C:\Users\Dell\AppData\Local\Temp




Periodic native trim disabled

---------------  S Y S T E M  ---------------

OS:
 Windows 11 , 64 bit Build 22621 (10.0.22621.5415)
OS uptime: 4 days 19:57 hours
Hyper-V role detected

CPU: total 12 (initial active 12) (6 cores per cpu, 2 threads per core) family 6 model 154 stepping 4 microcode 0x43b, cx8, cmov, fxsr, ht, mmx, 3dnowpref, sse, sse2, sse3, ssse3, sse4.1, sse4.2, popcnt, lzcnt, tsc, tscinvbit, avx, avx2, aes, erms, clmul, bmi1, bmi2, adx, sha, fma, vzeroupper, clflush, clflushopt, clwb, hv, serialize, rdtscp, rdpid, fsrm, f16c, cet_ibt, cet_ss
Processor Information for processor 0
  Max Mhz: 1600, Current Mhz: 1600, Mhz Limit: 1600
Processor Information for processor 1
  Max Mhz: 1600, Current Mhz: 1600, Mhz Limit: 1600
Processor Information for processor 2
  Max Mhz: 1600, Current Mhz: 1600, Mhz Limit: 1600
Processor Information for processor 3
  Max Mhz: 1600, Current Mhz: 1600, Mhz Limit: 1600
Processor Information for processor 4
  Max Mhz: 1600, Current Mhz: 1466, Mhz Limit: 1600
Processor Information for processor 5
  Max Mhz: 1600, Current Mhz: 1466, Mhz Limit: 1600
Processor Information for processor 6
  Max Mhz: 1600, Current Mhz: 1466, Mhz Limit: 1600
Processor Information for processor 7
  Max Mhz: 1600, Current Mhz: 1466, Mhz Limit: 1600
Processor Information for processor 8
  Max Mhz: 1600, Current Mhz: 1466, Mhz Limit: 1600
Processor Information for processor 9
  Max Mhz: 1600, Current Mhz: 1600, Mhz Limit: 1600
Processor Information for processor 10
  Max Mhz: 1600, Current Mhz: 1466, Mhz Limit: 1600
Processor Information for processor 11
  Max Mhz: 1600, Current Mhz: 1600, Mhz Limit: 1600

Memory: 4k page, system-wide physical 16068M (2335M free)
TotalPageFile size 19469M (AvailPageFile size 4M)
current process WorkingSet (physical memory assigned to process): 247M, peak: 249M
current process commit charge ("private bytes"): 360M, peak: 360M

vm_info: OpenJDK 64-Bit Server VM (21.0.10+7-LTS) for windows-amd64 JRE (21.0.10+7-LTS), built on 2026-01-20T00:00:00Z by "admin" with MS VC++ 17.12 (VS2022)

END.
