#
# There is insufficient memory for the Java Runtime Environment to continue.
# Native memory allocation (malloc) failed to allocate 429536 bytes. Error detail: Chunk::new
# Possible reasons:
#   The system is out of physical RAM or swap space
#   This process is running with CompressedOops enabled, and the Java Heap may be blocking the growth of the native heap
# Possible solutions:
#   Reduce memory load on the system
#   Increase physical memory or swap space
#   Check if swap backing store is full
#   Decrease Java heap size (-Xmx/-Xms)
#   Decrease number of Java threads
#   Decrease Java thread stack sizes (-Xss)
#   Set larger code cache with -XX:ReservedCodeCacheSize=
#   JVM is running with Unscaled Compressed Oops mode in which the Java heap is
#     placed in the first 4GB address space. The Java Heap base address is the
#     maximum limit for the native heap growth. Please use -XX:HeapBaseMinAddress
#     to set the Java Heap base and to place the Java Heap above 4GB virtual address.
# This output file may be truncated or incomplete.
#
#  Out of Memory Error (arena.cpp:168), pid=22632, tid=3164
#
# JRE version: OpenJDK Runtime Environment Temurin-21.0.10+7 (21.0.10+7) (build 21.0.10+7-LTS)
# Java VM: OpenJDK 64-Bit Server VM Temurin-21.0.10+7 (21.0.10+7-LTS, mixed mode, sharing, tiered, compressed oops, compressed class ptrs, parallel gc, windows-amd64)
# No core dump will be written. Minidumps are not enabled by default on client versions of Windows
#

---------------  S U M M A R Y ------------

Command Line: --add-modules=ALL-SYSTEM --add-opens=java.base/java.util=ALL-UNNAMED --add-opens=java.base/java.lang=ALL-UNNAMED --add-opens=java.base/sun.nio.fs=ALL-UNNAMED -Declipse.application=org.eclipse.jdt.ls.core.id1 -Dosgi.bundles.defaultStartLevel=4 -Declipse.product=org.eclipse.jdt.ls.core.product -Djava.import.generatesMetadataFilesAtProjectRoot=false -DDetectVMInstallationsJob.disabled=true -Dfile.encoding=utf8 -XX:+UseParallelGC -XX:GCTimeRatio=4 -XX:AdaptiveSizePolicyWeight=90 -Dsun.zip.disableMemoryMapping=true -Xmx2G -Xms100m -Xlog:disable -javaagent:c:\Users\Dell\.vscode\extensions\redhat.java-1.53.0-win32-x64\lombok\lombok-1.18.39-4050.jar c:\Users\Dell\.vscode\extensions\redhat.java-1.53.0-win32-x64\server\plugins\org.eclipse.equinox.launcher_1.7.100.v20251111-0406.jar -configuration c:\Users\Dell\AppData\Roaming\Code\User\globalStorage\redhat.java\1.53.0\config_ss_win -data c:\Users\Dell\AppData\Roaming\Code\User\workspaceStorage\8deed0398820b339646c0aa412961b18\redhat.java\ss_ws --pipe=\\.\pipe\lsp-1b09d4d298fed7972a8d35a5dd7f97f9-sock

Host: 12th Gen Intel(R) Core(TM) i5-1245U, 12 cores, 15G,  Windows 11 , 64 bit Build 22621 (10.0.22621.5415)
Time: Tue Mar 24 16:45:54 2026 Morocco Daylight Time elapsed time: 2.719159 seconds (0d 0h 0m 2s)

---------------  T H R E A D  ---------------

Current thread (0x0000029350af5e20):  JavaThread "C2 CompilerThread0" daemon [_thread_in_native, id=3164, stack(0x0000009becc00000,0x0000009becd00000) (1024K)]


Current CompileTask:
C2:2719 2128       4       jdk.internal.jimage.ImageLocation::verify (218 bytes)

Stack: [0x0000009becc00000,0x0000009becd00000]
Native frames: (J=compiled Java code, j=interpreted, Vv=VM code, C=native code)
V  [jvm.dll+0x6d7a39]
V  [jvm.dll+0x8b4b26]
V  [jvm.dll+0x8b70de]
V  [jvm.dll+0x8b77c3]
V  [jvm.dll+0x284346]
V  [jvm.dll+0xc66ed]
V  [jvm.dll+0xc6c31]
V  [jvm.dll+0x2fb29e]
V  [jvm.dll+0x5fe884]
V  [jvm.dll+0x255b17]
V  [jvm.dll+0x255edd]
V  [jvm.dll+0x24e500]
V  [jvm.dll+0x24ba42]
V  [jvm.dll+0x1cb34e]
V  [jvm.dll+0x25b85d]
V  [jvm.dll+0x259dea]
V  [jvm.dll+0x3f857e]
V  [jvm.dll+0x85f59d]
V  [jvm.dll+0x6d626d]
C  [ucrtbase.dll+0x29333]
C  [KERNEL32.DLL+0x1259d]
C  [ntdll.dll+0x5af78]


---------------  P R O C E S S  ---------------

Threads class SMR info:
_java_thread_list=0x0000029369e99040, length=17, elements={
0x0000029350a41c60, 0x00000293509eaeb0, 0x00000293509ebcd0, 0x00000293509ede10,
0x0000029350ae11f0, 0x0000029350ae5a20, 0x0000029350ae8100, 0x0000029350af5e20,
0x0000029350aeb4f0, 0x000002936890c810, 0x000002936978ef20, 0x0000029369ded030,
0x000002936e1d2530, 0x000002936e02b290, 0x000002936e115d30, 0x000002936e123070,
0x000002936e0b53f0
}

Java Threads: ( => current thread )
  0x0000029350a41c60 JavaThread "main"                              [_thread_blocked, id=5876, stack(0x0000009bec200000,0x0000009bec300000) (1024K)]
  0x00000293509eaeb0 JavaThread "Reference Handler"          daemon [_thread_blocked, id=16876, stack(0x0000009bec600000,0x0000009bec700000) (1024K)]
  0x00000293509ebcd0 JavaThread "Finalizer"                  daemon [_thread_blocked, id=16120, stack(0x0000009bec700000,0x0000009bec800000) (1024K)]
  0x00000293509ede10 JavaThread "Signal Dispatcher"          daemon [_thread_blocked, id=4128, stack(0x0000009bec800000,0x0000009bec900000) (1024K)]
  0x0000029350ae11f0 JavaThread "Attach Listener"            daemon [_thread_blocked, id=23628, stack(0x0000009bec900000,0x0000009beca00000) (1024K)]
  0x0000029350ae5a20 JavaThread "Service Thread"             daemon [_thread_blocked, id=10812, stack(0x0000009beca00000,0x0000009becb00000) (1024K)]
  0x0000029350ae8100 JavaThread "Monitor Deflation Thread"   daemon [_thread_blocked, id=18420, stack(0x0000009becb00000,0x0000009becc00000) (1024K)]
=>0x0000029350af5e20 JavaThread "C2 CompilerThread0"         daemon [_thread_in_native, id=3164, stack(0x0000009becc00000,0x0000009becd00000) (1024K)]
  0x0000029350aeb4f0 JavaThread "C1 CompilerThread0"         daemon [_thread_blocked, id=9384, stack(0x0000009becd00000,0x0000009bece00000) (1024K)]
  0x000002936890c810 JavaThread "Common-Cleaner"             daemon [_thread_blocked, id=19256, stack(0x0000009becf00000,0x0000009bed000000) (1024K)]
  0x000002936978ef20 JavaThread "Notification Thread"        daemon [_thread_blocked, id=12312, stack(0x0000009bed000000,0x0000009bed100000) (1024K)]
  0x0000029369ded030 JavaThread "Active Thread: Equinox Container: 7d66774b-347c-40aa-aac8-2e9991b3445c"        [_thread_blocked, id=24412, stack(0x0000009bed800000,0x0000009bed900000) (1024K)]
  0x000002936e1d2530 JavaThread "Framework Event Dispatcher: Equinox Container: 7d66774b-347c-40aa-aac8-2e9991b3445c" daemon [_thread_blocked, id=13048, stack(0x0000009bed100000,0x0000009bed200000) (1024K)]
  0x000002936e02b290 JavaThread "Start Level: Equinox Container: 7d66774b-347c-40aa-aac8-2e9991b3445c" daemon [_thread_in_vm, id=17772, stack(0x0000009bed900000,0x0000009beda00000) (1024K)]
  0x000002936e115d30 JavaThread "SCR Component Actor"        daemon [_thread_blocked, id=18684, stack(0x0000009bece00000,0x0000009becf00000) (1024K)]
  0x000002936e123070 JavaThread "C2 CompilerThread1"         daemon [_thread_blocked, id=11448, stack(0x0000009bedb00000,0x0000009bedc00000) (1024K)]
  0x000002936e0b53f0 JavaThread "C2 CompilerThread2"         daemon [_thread_blocked, id=15004, stack(0x0000009bedc00000,0x0000009bedd00000) (1024K)]
Total: 17

Other Threads:
  0x0000029350ae0a00 VMThread "VM Thread"                           [id=15060, stack(0x0000009bec500000,0x0000009bec600000) (1024K)]
  0x00000293508cca10 WatcherThread "VM Periodic Task Thread"        [id=21336, stack(0x0000009bec400000,0x0000009bec500000) (1024K)]
  0x0000029350a60d40 WorkerThread "GC Thread#0"                     [id=19712, stack(0x0000009bec300000,0x0000009bec400000) (1024K)]
  0x0000029369dd5150 WorkerThread "GC Thread#1"                     [id=16644, stack(0x0000009bed200000,0x0000009bed300000) (1024K)]
  0x0000029369d0b8c0 WorkerThread "GC Thread#2"                     [id=24572, stack(0x0000009bed300000,0x0000009bed400000) (1024K)]
  0x0000029368ac8320 WorkerThread "GC Thread#3"                     [id=8832, stack(0x0000009bed400000,0x0000009bed500000) (1024K)]
  0x0000029368ac86d0 WorkerThread "GC Thread#4"                     [id=4200, stack(0x0000009bed500000,0x0000009bed600000) (1024K)]
  0x0000029368ac8a80 WorkerThread "GC Thread#5"                     [id=12156, stack(0x0000009bed600000,0x0000009bed700000) (1024K)]
  0x0000029369e4eb60 WorkerThread "GC Thread#6"                     [id=21012, stack(0x0000009bed700000,0x0000009bed800000) (1024K)]
  0x0000029369d24fc0 WorkerThread "GC Thread#7"                     [id=15064, stack(0x0000009beda00000,0x0000009bedb00000) (1024K)]
Total: 10

Threads with active compile tasks:
C2 CompilerThread0  2740 2128       4       jdk.internal.jimage.ImageLocation::verify (218 bytes)
Total: 1

VM state: not at safepoint (normal execution)

VM Mutex/Monitor currently owned by a thread:  ([mutex/lock_event])
[0x00007ff80b6bc4e0] Metaspace_lock - owner thread: 0x000002936e02b290

Heap address: 0x0000000080000000, size: 2048 MB, Compressed Oops mode: 32-bit

CDS archive(s) mapped at: [0x0000029300000000-0x0000029300ba0000-0x0000029300ba0000), size 12189696, SharedBaseAddress: 0x0000029300000000, ArchiveRelocationMode: 1.
Compressed class space mapped at: 0x0000029301000000-0x0000029341000000, reserved size: 1073741824
Narrow klass base: 0x0000029300000000, Narrow klass shift: 0, Narrow klass range: 0x100000000

GC Precious Log:
 CardTable entry size: 512
 CPUs: 12 total, 12 available
 Memory: 16068M
 Large Page Support: Disabled
 NUMA Support: Disabled
 Compressed Oops: Enabled (32-bit)
 Alignments: Space 512K, Generation 512K, Heap 2M
 Heap Min Capacity: 100M
 Heap Initial Capacity: 100M
 Heap Max Capacity: 2G
 Pre-touch: Disabled
 Parallel Workers: 10

Heap:
 PSYoungGen      total 29696K, used 24646K [0x00000000d5580000, 0x00000000d7680000, 0x0000000100000000)
  eden space 25600K, 80% used [0x00000000d5580000,0x00000000d69943b8,0x00000000d6e80000)
  from space 4096K, 99% used [0x00000000d7280000,0x00000000d767d810,0x00000000d7680000)
  to   space 4096K, 0% used [0x00000000d6e80000,0x00000000d6e80000,0x00000000d7280000)
 ParOldGen       total 68608K, used 1143K [0x0000000080000000, 0x0000000084300000, 0x00000000d5580000)
  object space 68608K, 1% used [0x0000000080000000,0x000000008011dec8,0x0000000084300000)
 Metaspace       used 12059K, committed 12544K, reserved 1114112K
  class space    used 1291K, committed 1536K, reserved 1048576K

Card table byte_map: [0x00000293503e0000,0x00000293507f0000] _byte_map_base: 0x000002934ffe0000

Marking Bits: (ParMarkBitMap*) 0x00007ff80b6c3450
 Begin Bits: [0x0000029362ef0000, 0x0000029364ef0000)
 End Bits:   [0x0000029364ef0000, 0x0000029366ef0000)

Polling page: 0x000002934e8b0000

Metaspace:

Usage:
  Non-class:     10.52 MB used.
      Class:      1.26 MB used.
       Both:     11.78 MB used.

Virtual space:
  Non-class space:       64.00 MB reserved,      10.75 MB ( 17%) committed,  1 nodes.
      Class space:        1.00 GB reserved,       1.50 MB ( <1%) committed,  1 nodes.
             Both:        1.06 GB reserved,      12.25 MB (  1%) committed. 

Chunk freelists:
   Non-Class:  4.92 MB
       Class:  14.55 MB
        Both:  19.47 MB

MaxMetaspaceSize: unlimited
CompressedClassSpaceSize: 1.00 GB
Initial GC threshold: 21.00 MB
Current GC threshold: 21.00 MB
CDS: on
 - commit_granule_bytes: 65536.
 - commit_granule_words: 8192.
 - virtual_space_node_default_size: 8388608.
 - enlarge_chunks_in_place: 1.
 - use_allocation_guard: 0.


Internal statistics:

num_allocs_failed_limit: 0.
num_arena_births: 318.
num_arena_deaths: 0.
num_vsnodes_births: 2.
num_vsnodes_deaths: 0.
num_space_committed: 196.
num_space_uncommitted: 0.
num_chunks_returned_to_freelist: 0.
num_chunks_taken_from_freelist: 713.
num_chunk_merges: 0.
num_chunk_splits: 453.
num_chunks_enlarged: 290.
num_inconsistent_stats: 0.

CodeHeap 'non-profiled nmethods': size=120000Kb used=911Kb max_used=911Kb free=119088Kb
 bounds [0x000002935b710000, 0x000002935b980000, 0x0000029362c40000]
CodeHeap 'profiled nmethods': size=120000Kb used=3964Kb max_used=3964Kb free=116035Kb
 bounds [0x0000029353c40000, 0x0000029354020000, 0x000002935b170000]
CodeHeap 'non-nmethods': size=5760Kb used=1242Kb max_used=1257Kb free=4517Kb
 bounds [0x000002935b170000, 0x000002935b3e0000, 0x000002935b710000]
CodeCache: size=245760Kb, used=6117Kb, max_used=6132Kb, free=239640Kb
 total_blobs=2667, nmethods=2153, adapters=420, full_count=0
Compilation: enabled, stopped_count=0, restarted_count=0

Compilation events (20 events):
Event: 2.696 Thread 0x0000029350aeb4f0 nmethod 2123 0x0000029354009290 code [0x0000029354009440, 0x00000293540095b0]
Event: 2.696 Thread 0x0000029350aeb4f0 2124       3       java.util.Arrays$ArrayItr::next (36 bytes)
Event: 2.697 Thread 0x0000029350aeb4f0 nmethod 2124 0x0000029354009690 code [0x0000029354009840, 0x0000029354009a90]
Event: 2.697 Thread 0x0000029350aeb4f0 2126       3       java.util.concurrent.ConcurrentHashMap$KeyIterator::next (34 bytes)
Event: 2.697 Thread 0x0000029350aeb4f0 nmethod 2126 0x0000029354009b90 code [0x0000029354009d60, 0x0000029354009fe0]
Event: 2.697 Thread 0x0000029350aeb4f0 2139       3       java.time.temporal.ValueRange::isValidValue (24 bytes)
Event: 2.697 Thread 0x0000029350aeb4f0 nmethod 2139 0x000002935400a110 code [0x000002935400a2c0, 0x000002935400a480]
Event: 2.697 Thread 0x0000029350aeb4f0 2136       1       java.time.zone.ZoneOffsetTransition::getDateTimeBefore (5 bytes)
Event: 2.697 Thread 0x0000029350aeb4f0 nmethod 2136 0x000002935b7f2b90 code [0x000002935b7f2d20, 0x000002935b7f2de8]
Event: 2.700 Thread 0x0000029350aeb4f0 2144       3       java.util.LinkedList$ListItr::checkForComodification (23 bytes)
Event: 2.701 Thread 0x0000029350aeb4f0 nmethod 2144 0x000002935400a510 code [0x000002935400a6c0, 0x000002935400a8e8]
Event: 2.701 Thread 0x0000029350aeb4f0 2146       3       org.eclipse.osgi.internal.framework.FilterImpl$And::matches0 (41 bytes)
Event: 2.701 Thread 0x0000029350aeb4f0 nmethod 2146 0x000002935400aa10 code [0x000002935400abe0, 0x000002935400af08]
Event: 2.701 Thread 0x0000029350aeb4f0 2145       3       org.eclipse.osgi.framework.util.CaseInsensitiveDictionaryMap::get (15 bytes)
Event: 2.702 Thread 0x0000029350aeb4f0 nmethod 2145 0x000002935400b090 code [0x000002935400b2a0, 0x000002935400b9e0]
Event: 2.702 Thread 0x0000029350aeb4f0 2147       3       java.util.ArrayList$SubList$1::<init> (39 bytes)
Event: 2.702 Thread 0x0000029350aeb4f0 nmethod 2147 0x000002935400bc10 code [0x000002935400bdc0, 0x000002935400bf60]
Event: 2.706 Thread 0x000002936e123070 nmethod 2129 0x000002935b7f2e90 code [0x000002935b7f30a0, 0x000002935b7f3680]
Event: 2.712 Thread 0x0000029350aeb4f0 2148       3       org.eclipse.osgi.internal.loader.classpath.ClasspathManager::findLocalClassImpl (132 bytes)
Event: 2.713 Thread 0x0000029350aeb4f0 nmethod 2148 0x000002935400c090 code [0x000002935400c2e0, 0x000002935400cbb0]

GC Heap History (4 events):
Event: 0.955 GC heap before
{Heap before GC invocations=1 (full 0):
 PSYoungGen      total 29696K, used 25600K [0x00000000d5580000, 0x00000000d7680000, 0x0000000100000000)
  eden space 25600K, 100% used [0x00000000d5580000,0x00000000d6e80000,0x00000000d6e80000)
  from space 4096K, 0% used [0x00000000d7280000,0x00000000d7280000,0x00000000d7680000)
  to   space 4096K, 0% used [0x00000000d6e80000,0x00000000d6e80000,0x00000000d7280000)
 ParOldGen       total 68608K, used 0K [0x0000000080000000, 0x0000000084300000, 0x00000000d5580000)
  object space 68608K, 0% used [0x0000000080000000,0x0000000080000000,0x0000000084300000)
 Metaspace       used 4352K, committed 4608K, reserved 1114112K
  class space    used 475K, committed 576K, reserved 1048576K
}
Event: 0.963 GC heap after
{Heap after GC invocations=1 (full 0):
 PSYoungGen      total 29696K, used 3264K [0x00000000d5580000, 0x00000000d7680000, 0x0000000100000000)
  eden space 25600K, 0% used [0x00000000d5580000,0x00000000d5580000,0x00000000d6e80000)
  from space 4096K, 79% used [0x00000000d6e80000,0x00000000d71b0138,0x00000000d7280000)
  to   space 4096K, 0% used [0x00000000d7280000,0x00000000d7280000,0x00000000d7680000)
 ParOldGen       total 68608K, used 16K [0x0000000080000000, 0x0000000084300000, 0x00000000d5580000)
  object space 68608K, 0% used [0x0000000080000000,0x0000000080004000,0x0000000084300000)
 Metaspace       used 4352K, committed 4608K, reserved 1114112K
  class space    used 475K, committed 576K, reserved 1048576K
}
Event: 2.193 GC heap before
{Heap before GC invocations=2 (full 0):
 PSYoungGen      total 29696K, used 28864K [0x00000000d5580000, 0x00000000d7680000, 0x0000000100000000)
  eden space 25600K, 100% used [0x00000000d5580000,0x00000000d6e80000,0x00000000d6e80000)
  from space 4096K, 79% used [0x00000000d6e80000,0x00000000d71b0138,0x00000000d7280000)
  to   space 4096K, 0% used [0x00000000d7280000,0x00000000d7280000,0x00000000d7680000)
 ParOldGen       total 68608K, used 16K [0x0000000080000000, 0x0000000084300000, 0x00000000d5580000)
  object space 68608K, 0% used [0x0000000080000000,0x0000000080004000,0x0000000084300000)
 Metaspace       used 8200K, committed 8512K, reserved 1114112K
  class space    used 874K, committed 1024K, reserved 1048576K
}
Event: 2.202 GC heap after
{Heap after GC invocations=2 (full 0):
 PSYoungGen      total 29696K, used 4086K [0x00000000d5580000, 0x00000000d7680000, 0x0000000100000000)
  eden space 25600K, 0% used [0x00000000d5580000,0x00000000d5580000,0x00000000d6e80000)
  from space 4096K, 99% used [0x00000000d7280000,0x00000000d767d810,0x00000000d7680000)
  to   space 4096K, 0% used [0x00000000d6e80000,0x00000000d6e80000,0x00000000d7280000)
 ParOldGen       total 68608K, used 1143K [0x0000000080000000, 0x0000000084300000, 0x00000000d5580000)
  object space 68608K, 1% used [0x0000000080000000,0x000000008011dec8,0x0000000084300000)
 Metaspace       used 8200K, committed 8512K, reserved 1114112K
  class space    used 874K, committed 1024K, reserved 1048576K
}

Dll operation events (9 events):
Event: 0.017 Loaded shared library c:\Users\Dell\.vscode\extensions\redhat.java-1.53.0-win32-x64\jre\21.0.10-win32-x86_64\bin\java.dll
Event: 0.064 Loaded shared library c:\Users\Dell\.vscode\extensions\redhat.java-1.53.0-win32-x64\jre\21.0.10-win32-x86_64\bin\zip.dll
Event: 0.123 Loaded shared library C:\Users\Dell\.vscode\extensions\redhat.java-1.53.0-win32-x64\jre\21.0.10-win32-x86_64\bin\instrument.dll
Event: 0.128 Loaded shared library C:\Users\Dell\.vscode\extensions\redhat.java-1.53.0-win32-x64\jre\21.0.10-win32-x86_64\bin\net.dll
Event: 0.131 Loaded shared library C:\Users\Dell\.vscode\extensions\redhat.java-1.53.0-win32-x64\jre\21.0.10-win32-x86_64\bin\nio.dll
Event: 0.134 Loaded shared library C:\Users\Dell\.vscode\extensions\redhat.java-1.53.0-win32-x64\jre\21.0.10-win32-x86_64\bin\zip.dll
Event: 0.155 Loaded shared library C:\Users\Dell\.vscode\extensions\redhat.java-1.53.0-win32-x64\jre\21.0.10-win32-x86_64\bin\jimage.dll
Event: 0.237 Loaded shared library c:\Users\Dell\.vscode\extensions\redhat.java-1.53.0-win32-x64\jre\21.0.10-win32-x86_64\bin\verify.dll
Event: 2.141 Loaded shared library C:\Users\Dell\AppData\Roaming\Code\User\globalStorage\redhat.java\1.53.0\config_ss_win\org.eclipse.equinox.launcher\org.eclipse.equinox.launcher.win32.win32.x86_64_1.3.0.v20260203-2149\eclipse_11919.dll

Deoptimization events (20 events):
Event: 2.440 Thread 0x000002936e02b290 Uncommon trap: trap_request=0xffffff45 fr.pc=0x000002935b78ed34 relative=0x0000000000000094
Event: 2.440 Thread 0x000002936e02b290 Uncommon trap: reason=unstable_if action=reinterpret pc=0x000002935b78ed34 method=java.io.BufferedInputStream.getBufIfOpen(Z)[B @ 13 c2
Event: 2.440 Thread 0x000002936e02b290 DEOPT PACKING pc=0x000002935b78ed34 sp=0x0000009bed9f8950
Event: 2.440 Thread 0x000002936e02b290 DEOPT UNPACKING pc=0x000002935b1c3aa2 sp=0x0000009bed9f88e0 mode 2
Event: 2.550 Thread 0x000002936e02b290 Uncommon trap: trap_request=0xffffffc6 fr.pc=0x000002935b7dfda8 relative=0x0000000000001328
Event: 2.550 Thread 0x000002936e02b290 Uncommon trap: reason=bimorphic_or_optimized_type_check action=maybe_recompile pc=0x000002935b7dfda8 method=java.io.DataInputStream.readFully([BII)V @ 30 c2
Event: 2.550 Thread 0x000002936e02b290 DEOPT PACKING pc=0x000002935b7dfda8 sp=0x0000009bed9fb5c0
Event: 2.550 Thread 0x000002936e02b290 DEOPT UNPACKING pc=0x000002935b1c3aa2 sp=0x0000009bed9fb5b8 mode 2
Event: 2.550 Thread 0x000002936e02b290 Uncommon trap: trap_request=0xffffffc6 fr.pc=0x000002935b7dfda8 relative=0x0000000000001328
Event: 2.550 Thread 0x000002936e02b290 Uncommon trap: reason=bimorphic_or_optimized_type_check action=maybe_recompile pc=0x000002935b7dfda8 method=java.io.DataInputStream.readFully([BII)V @ 30 c2
Event: 2.550 Thread 0x000002936e02b290 DEOPT PACKING pc=0x000002935b7dfda8 sp=0x0000009bed9fb5b0
Event: 2.550 Thread 0x000002936e02b290 DEOPT UNPACKING pc=0x000002935b1c3aa2 sp=0x0000009bed9fb5a8 mode 2
Event: 2.550 Thread 0x000002936e02b290 Uncommon trap: trap_request=0xffffffc6 fr.pc=0x000002935b7dfda8 relative=0x0000000000001328
Event: 2.550 Thread 0x000002936e02b290 Uncommon trap: reason=bimorphic_or_optimized_type_check action=maybe_recompile pc=0x000002935b7dfda8 method=java.io.DataInputStream.readFully([BII)V @ 30 c2
Event: 2.550 Thread 0x000002936e02b290 DEOPT PACKING pc=0x000002935b7dfda8 sp=0x0000009bed9fb5b0
Event: 2.550 Thread 0x000002936e02b290 DEOPT UNPACKING pc=0x000002935b1c3aa2 sp=0x0000009bed9fb5a8 mode 2
Event: 2.550 Thread 0x000002936e02b290 Uncommon trap: trap_request=0xffffffc6 fr.pc=0x000002935b7dfda8 relative=0x0000000000001328
Event: 2.550 Thread 0x000002936e02b290 Uncommon trap: reason=bimorphic_or_optimized_type_check action=maybe_recompile pc=0x000002935b7dfda8 method=java.io.DataInputStream.readFully([BII)V @ 30 c2
Event: 2.550 Thread 0x000002936e02b290 DEOPT PACKING pc=0x000002935b7dfda8 sp=0x0000009bed9fb5b0
Event: 2.550 Thread 0x000002936e02b290 DEOPT UNPACKING pc=0x000002935b1c3aa2 sp=0x0000009bed9fb5a8 mode 2

Classes loaded (20 events):
Event: 2.516 Loading class java/nio/file/FileSystemException done
Event: 2.516 Loading class java/nio/file/NoSuchFileException done
Event: 2.610 Loading class java/util/Comparators$NaturalOrderComparator
Event: 2.611 Loading class java/util/Comparators$NaturalOrderComparator done
Event: 2.611 Loading class java/util/Collections$ReverseComparator2
Event: 2.611 Loading class java/util/Collections$ReverseComparator2 done
Event: 2.688 Loading class sun/util/calendar/ZoneInfoFile$Checksum
Event: 2.688 Loading class sun/util/calendar/ZoneInfoFile$Checksum done
Event: 2.689 Loading class java/time/zone/ZoneRulesProvider
Event: 2.689 Loading class java/time/zone/ZoneRulesProvider done
Event: 2.689 Loading class java/time/zone/ZoneRulesProvider$1
Event: 2.689 Loading class java/time/zone/ZoneRulesProvider$1 done
Event: 2.690 Loading class java/time/zone/TzdbZoneRulesProvider
Event: 2.690 Loading class java/time/zone/TzdbZoneRulesProvider done
Event: 2.692 Loading class java/time/zone/Ser
Event: 2.692 Loading class java/io/Externalizable
Event: 2.692 Loading class java/io/Externalizable done
Event: 2.692 Loading class java/time/zone/Ser done
Event: 2.697 Loading class java/util/Formatter$FixedString
Event: 2.698 Loading class java/util/Formatter$FixedString done

Classes unloaded (0 events):
No events

Classes redefined (0 events):
No events

Internal exceptions (20 events):
Event: 1.021 Thread 0x0000029350a41c60 Implicit null exception at 0x000002935b77d2c9 to 0x000002935b77dd88
Event: 1.021 Thread 0x0000029350a41c60 Implicit null exception at 0x000002935b76eb1a to 0x000002935b76ed20
Event: 1.021 Thread 0x0000029350a41c60 Exception <a 'java/lang/NoSuchMethodError'{0x00000000d56d7da0}: 'void java.lang.invoke.DirectMethodHandle$Holder.invokeStatic(java.lang.Object, java.lang.Object, java.lang.Object, java.lang.Object)'> (0x00000000d56d7da0) 
thrown [s\src\hotspot\share\interpreter\linkResolver.cpp, line 773]
Event: 1.023 Thread 0x0000029350a41c60 Implicit null exception at 0x000002935b77161a to 0x000002935b771824
Event: 1.023 Thread 0x0000029350a41c60 Implicit null exception at 0x000002935b71ba3d to 0x000002935b71bac1
Event: 1.134 Thread 0x0000029350a41c60 Exception <a 'java/lang/NoSuchMethodError'{0x00000000d599c6e8}: 'void java.lang.invoke.DirectMethodHandle$Holder.invokeSpecial(java.lang.Object, java.lang.Object, java.lang.Object)'> (0x00000000d599c6e8) 
thrown [s\src\hotspot\share\interpreter\linkResolver.cpp, line 773]
Event: 1.537 Thread 0x0000029350a41c60 Exception <a 'java/lang/NoSuchMethodError'{0x00000000d62b45e0}: 'int java.lang.invoke.DirectMethodHandle$Holder.invokeVirtual(java.lang.Object, java.lang.Object)'> (0x00000000d62b45e0) 
thrown [s\src\hotspot\share\interpreter\linkResolver.cpp, line 773]
Event: 1.657 Thread 0x0000029350a41c60 Exception <a 'java/lang/NoSuchMethodError'{0x00000000d6429510}: 'int java.lang.invoke.DirectMethodHandle$Holder.invokeStaticInit(java.lang.Object, java.lang.Object, java.lang.Object, java.lang.Object)'> (0x00000000d6429510) 
thrown [s\src\hotspot\share\interpreter\linkResolver.cpp, line 773]
Event: 1.658 Thread 0x0000029350a41c60 Exception <a 'java/lang/IncompatibleClassChangeError'{0x00000000d6431918}: Found class java.lang.Object, but interface was expected> (0x00000000d6431918) 
thrown [s\src\hotspot\share\interpreter\linkResolver.cpp, line 840]
Event: 1.659 Thread 0x0000029350a41c60 Exception <a 'java/lang/NoSuchMethodError'{0x00000000d6437ec8}: 'void java.lang.invoke.DirectMethodHandle$Holder.invokeStaticInit(java.lang.Object, java.lang.Object)'> (0x00000000d6437ec8) 
thrown [s\src\hotspot\share\interpreter\linkResolver.cpp, line 773]
Event: 1.662 Thread 0x0000029350a41c60 Exception <a 'java/lang/NoSuchMethodError'{0x00000000d6441060}: 'int java.lang.invoke.DirectMethodHandle$Holder.invokeStaticInit(java.lang.Object, java.lang.Object)'> (0x00000000d6441060) 
thrown [s\src\hotspot\share\interpreter\linkResolver.cpp, line 773]
Event: 1.761 Thread 0x0000029350a41c60 Exception <a 'java/lang/NoSuchMethodError'{0x00000000d6689bc8}: 'java.lang.Object java.lang.invoke.DirectMethodHandle$Holder.newInvokeSpecial(java.lang.Object, int, java.lang.Object)'> (0x00000000d6689bc8) 
thrown [s\src\hotspot\share\interpreter\linkResolver.cpp, line 773]
Event: 1.827 Thread 0x0000029350a41c60 Exception <a 'java/lang/ClassNotFoundException'{0x00000000d68a1e18}: sun/net/www/protocol/plurl/Handler> (0x00000000d68a1e18) 
thrown [s\src\hotspot\share\classfile\systemDictionary.cpp, line 312]
Event: 1.827 Thread 0x0000029350a41c60 Exception <a 'java/lang/ClassNotFoundException'{0x00000000d68a2c98}: sun/net/www/protocol/plurl/Handler> (0x00000000d68a2c98) 
thrown [s\src\hotspot\share\classfile\systemDictionary.cpp, line 312]
Event: 2.137 Thread 0x0000029350a41c60 Exception <a 'java/lang/UnsatisfiedLinkError'{0x00000000d6ced5b8}: 'void org.eclipse.equinox.launcher.JNIBridge._update_splash()'> (0x00000000d6ced5b8) 
thrown [s\src\hotspot\share\prims\nativeLookup.cpp, line 415]
Event: 2.269 Thread 0x000002936e02b290 Exception <a 'java/lang/NullPointerException'{0x00000000d57efb38}> (0x00000000d57efb38) 
thrown [s\src\hotspot\share\interpreter\linkResolver.cpp, line 1372]
Event: 2.269 Thread 0x000002936e02b290 Exception <a 'java/lang/NullPointerException'{0x00000000d57efe18}> (0x00000000d57efe18) 
thrown [s\src\hotspot\share\interpreter\linkResolver.cpp, line 1372]
Event: 2.442 Thread 0x000002936e02b290 Exception <a 'java/lang/NoSuchMethodError'{0x00000000d60e7700}: 'long java.lang.invoke.DirectMethodHandle$Holder.invokeSpecial(java.lang.Object, java.lang.Object)'> (0x00000000d60e7700) 
thrown [s\src\hotspot\share\interpreter\linkResolver.cpp, line 773]
Event: 2.533 Thread 0x000002936e02b290 Exception <a 'java/io/FileNotFoundException'{0x00000000d62d54f8}> (0x00000000d62d54f8) 
thrown [s\src\hotspot\share\prims\jni.cpp, line 520]
Event: 2.658 Thread 0x000002936e02b290 Exception <a 'java/lang/NoSuchMethodError'{0x00000000d65c4d10}: 'java.lang.Object java.lang.invoke.Invokers$Holder.linkToTargetMethod(java.lang.Object, long, java.lang.Object)'> (0x00000000d65c4d10) 
thrown [s\src\hotspot\share\interpreter\linkResolver.cpp, line 773]

ZGC Phase Switch (0 events):
No events

VM Operations (20 events):
Event: 0.907 Executing safepoint VM operation: ICBufferFull
Event: 0.907 Executing safepoint VM operation: ICBufferFull done
Event: 0.955 Executing safepoint VM operation: ParallelGCFailedAllocation (Allocation Failure)
Event: 0.963 Executing safepoint VM operation: ParallelGCFailedAllocation (Allocation Failure) done
Event: 1.717 Executing non-safepoint VM operation: HandshakeAllThreads (Deoptimize)
Event: 1.717 Executing non-safepoint VM operation: HandshakeAllThreads (Deoptimize) done
Event: 1.738 Executing non-safepoint VM operation: HandshakeAllThreads (Deoptimize)
Event: 1.738 Executing non-safepoint VM operation: HandshakeAllThreads (Deoptimize) done
Event: 1.797 Executing non-safepoint VM operation: HandshakeAllThreads (Deoptimize)
Event: 1.797 Executing non-safepoint VM operation: HandshakeAllThreads (Deoptimize) done
Event: 1.820 Executing non-safepoint VM operation: HandshakeAllThreads (Deoptimize)
Event: 1.820 Executing non-safepoint VM operation: HandshakeAllThreads (Deoptimize) done
Event: 1.965 Executing safepoint VM operation: ICBufferFull
Event: 1.965 Executing safepoint VM operation: ICBufferFull done
Event: 2.193 Executing safepoint VM operation: ParallelGCFailedAllocation (Allocation Failure)
Event: 2.202 Executing safepoint VM operation: ParallelGCFailedAllocation (Allocation Failure) done
Event: 2.364 Executing non-safepoint VM operation: HandshakeAllThreads (Deoptimize)
Event: 2.365 Executing non-safepoint VM operation: HandshakeAllThreads (Deoptimize) done
Event: 2.689 Executing non-safepoint VM operation: HandshakeAllThreads (Deoptimize)
Event: 2.689 Executing non-safepoint VM operation: HandshakeAllThreads (Deoptimize) done

Memory protections (0 events):
No events

Nmethod flushes (0 events):
No events

Events (20 events):
Event: 0.067 Thread 0x0000029350a41c60 Thread added: 0x0000029350ae5a20
Event: 0.067 Thread 0x0000029350a41c60 Thread added: 0x0000029350ae8100
Event: 0.067 Thread 0x0000029350a41c60 Thread added: 0x0000029350af5e20
Event: 0.067 Thread 0x0000029350a41c60 Thread added: 0x0000029350aeb4f0
Event: 0.106 Thread 0x0000029350aeb4f0 Thread added: 0x000002936884d2b0
Event: 0.125 Thread 0x0000029350a41c60 Thread added: 0x000002936890c810
Event: 0.343 Thread 0x0000029350a41c60 Thread added: 0x000002936978ef20
Event: 0.460 Thread 0x000002936884d2b0 Thread added: 0x00000293697f7950
Event: 1.099 Thread 0x00000293697f7950 Thread exited: 0x00000293697f7950
Event: 1.099 Thread 0x000002936884d2b0 Thread exited: 0x000002936884d2b0
Event: 1.204 Thread 0x0000029350aeb4f0 Thread added: 0x0000029369bd4bf0
Event: 1.207 Thread 0x0000029350aeb4f0 Thread added: 0x0000029369bf7400
Event: 1.686 Thread 0x0000029350a41c60 Thread added: 0x0000029369ded030
Event: 2.021 Thread 0x0000029369bf7400 Thread exited: 0x0000029369bf7400
Event: 2.127 Thread 0x0000029350a41c60 Thread added: 0x000002936e1d2530
Event: 2.135 Thread 0x0000029350a41c60 Thread added: 0x000002936e02b290
Event: 2.255 Thread 0x0000029369bd4bf0 Thread exited: 0x0000029369bd4bf0
Event: 2.351 Thread 0x000002936e02b290 Thread added: 0x000002936e115d30
Event: 2.450 Thread 0x0000029350aeb4f0 Thread added: 0x000002936e123070
Event: 2.450 Thread 0x0000029350aeb4f0 Thread added: 0x000002936e0b53f0


Dynamic libraries:
0x00007ff756810000 - 0x00007ff75681e000 	c:\Users\Dell\.vscode\extensions\redhat.java-1.53.0-win32-x64\jre\21.0.10-win32-x86_64\bin\java.exe
0x00007ff8bcb10000 - 0x00007ff8bcd28000 	C:\WINDOWS\SYSTEM32\ntdll.dll
0x00007ff8bc7d0000 - 0x00007ff8bc894000 	C:\WINDOWS\System32\KERNEL32.DLL
0x00007ff8ba140000 - 0x00007ff8ba513000 	C:\WINDOWS\System32\KERNELBASE.dll
0x00007ff8ba520000 - 0x00007ff8ba631000 	C:\WINDOWS\System32\ucrtbase.dll
0x00007ff897ac0000 - 0x00007ff897ad8000 	c:\Users\Dell\.vscode\extensions\redhat.java-1.53.0-win32-x64\jre\21.0.10-win32-x86_64\bin\jli.dll
0x00007ff897aa0000 - 0x00007ff897abe000 	c:\Users\Dell\.vscode\extensions\redhat.java-1.53.0-win32-x64\jre\21.0.10-win32-x86_64\bin\VCRUNTIME140.dll
0x00007ff8bb400000 - 0x00007ff8bb5b2000 	C:\WINDOWS\System32\USER32.dll
0x00007ff8ba780000 - 0x00007ff8ba7a6000 	C:\WINDOWS\System32\win32u.dll
0x00007ff8ad370000 - 0x00007ff8ad60c000 	C:\WINDOWS\WinSxS\amd64_microsoft.windows.common-controls_6595b64144ccf1df_6.0.22621.6060_none_2712eda17382d24b\COMCTL32.dll
0x00007ff8bc2a0000 - 0x00007ff8bc2c9000 	C:\WINDOWS\System32\GDI32.dll
0x00007ff8bade0000 - 0x00007ff8bae87000 	C:\WINDOWS\System32\msvcrt.dll
0x00007ff8b9f60000 - 0x00007ff8ba07b000 	C:\WINDOWS\System32\gdi32full.dll
0x00007ff8b9c20000 - 0x00007ff8b9cba000 	C:\WINDOWS\System32\msvcp_win.dll
0x00007ff8bb910000 - 0x00007ff8bb941000 	C:\WINDOWS\System32\IMM32.DLL
0x00007ff8a4de0000 - 0x00007ff8a4dec000 	c:\Users\Dell\.vscode\extensions\redhat.java-1.53.0-win32-x64\jre\21.0.10-win32-x86_64\bin\vcruntime140_1.dll
0x00007ff8675e0000 - 0x00007ff86766d000 	c:\Users\Dell\.vscode\extensions\redhat.java-1.53.0-win32-x64\jre\21.0.10-win32-x86_64\bin\msvcp140.dll
0x00007ff80aa00000 - 0x00007ff80b7a1000 	c:\Users\Dell\.vscode\extensions\redhat.java-1.53.0-win32-x64\jre\21.0.10-win32-x86_64\bin\server\jvm.dll
0x00007ff8bae90000 - 0x00007ff8baf41000 	C:\WINDOWS\System32\ADVAPI32.dll
0x00007ff8ba920000 - 0x00007ff8ba9c8000 	C:\WINDOWS\System32\sechost.dll
0x00007ff8b9f30000 - 0x00007ff8b9f58000 	C:\WINDOWS\System32\bcrypt.dll
0x00007ff8bb5c0000 - 0x00007ff8bb6d8000 	C:\WINDOWS\System32\RPCRT4.dll
0x00007ff8bb6e0000 - 0x00007ff8bb751000 	C:\WINDOWS\System32\WS2_32.dll
0x00007ff8b4060000 - 0x00007ff8b4094000 	C:\WINDOWS\SYSTEM32\WINMM.dll
0x00007ff8b8a30000 - 0x00007ff8b8a7d000 	C:\WINDOWS\SYSTEM32\POWRPROF.dll
0x00007ff8ac330000 - 0x00007ff8ac33a000 	C:\WINDOWS\SYSTEM32\VERSION.dll
0x00007ff8b8a10000 - 0x00007ff8b8a23000 	C:\WINDOWS\SYSTEM32\UMPDC.dll
0x00007ff8b8c50000 - 0x00007ff8b8c68000 	C:\WINDOWS\SYSTEM32\kernel.appcore.dll
0x00007ff8998b0000 - 0x00007ff8998ba000 	c:\Users\Dell\.vscode\extensions\redhat.java-1.53.0-win32-x64\jre\21.0.10-win32-x86_64\bin\jimage.dll
0x00007ff8b75e0000 - 0x00007ff8b7813000 	C:\WINDOWS\SYSTEM32\DBGHELP.DLL
0x00007ff8bb060000 - 0x00007ff8bb3f1000 	C:\WINDOWS\System32\combase.dll
0x00007ff8baae0000 - 0x00007ff8babb8000 	C:\WINDOWS\System32\OLEAUT32.dll
0x00007ff8accf0000 - 0x00007ff8acd22000 	C:\WINDOWS\SYSTEM32\dbgcore.DLL
0x00007ff8b9eb0000 - 0x00007ff8b9f2b000 	C:\WINDOWS\System32\bcryptPrimitives.dll
0x00007ff8962c0000 - 0x00007ff8962cf000 	c:\Users\Dell\.vscode\extensions\redhat.java-1.53.0-win32-x64\jre\21.0.10-win32-x86_64\bin\instrument.dll
0x00007ff88f470000 - 0x00007ff88f490000 	c:\Users\Dell\.vscode\extensions\redhat.java-1.53.0-win32-x64\jre\21.0.10-win32-x86_64\bin\java.dll
0x00007ff8bb950000 - 0x00007ff8bc1ec000 	C:\WINDOWS\System32\SHELL32.dll
0x00007ff8ba640000 - 0x00007ff8ba77f000 	C:\WINDOWS\System32\wintypes.dll
0x00007ff8b7ae0000 - 0x00007ff8b83fa000 	C:\WINDOWS\SYSTEM32\windows.storage.dll
0x00007ff8ba9d0000 - 0x00007ff8baad4000 	C:\WINDOWS\System32\SHCORE.dll
0x00007ff8ba8b0000 - 0x00007ff8ba919000 	C:\WINDOWS\System32\shlwapi.dll
0x00007ff8b9b50000 - 0x00007ff8b9b75000 	C:\WINDOWS\SYSTEM32\profapi.dll
0x00007ff883150000 - 0x00007ff883168000 	c:\Users\Dell\.vscode\extensions\redhat.java-1.53.0-win32-x64\jre\21.0.10-win32-x86_64\bin\zip.dll
0x00007ff894ee0000 - 0x00007ff894ef0000 	C:\Users\Dell\.vscode\extensions\redhat.java-1.53.0-win32-x64\jre\21.0.10-win32-x86_64\bin\net.dll
0x00007ff8b3560000 - 0x00007ff8b368c000 	C:\WINDOWS\SYSTEM32\WINHTTP.dll
0x00007ff8b9170000 - 0x00007ff8b91d9000 	C:\WINDOWS\system32\mswsock.dll
0x00007ff881ae0000 - 0x00007ff881af6000 	C:\Users\Dell\.vscode\extensions\redhat.java-1.53.0-win32-x64\jre\21.0.10-win32-x86_64\bin\nio.dll
0x00007ff894c40000 - 0x00007ff894c50000 	c:\Users\Dell\.vscode\extensions\redhat.java-1.53.0-win32-x64\jre\21.0.10-win32-x86_64\bin\verify.dll
0x00007ff869c90000 - 0x00007ff869cd5000 	C:\Users\Dell\AppData\Roaming\Code\User\globalStorage\redhat.java\1.53.0\config_ss_win\org.eclipse.equinox.launcher\org.eclipse.equinox.launcher.win32.win32.x86_64_1.3.0.v20260203-2149\eclipse_11919.dll
0x00007ff8bc920000 - 0x00007ff8bcac1000 	C:\WINDOWS\System32\ole32.dll

JVMTI agents:
c:\Users\Dell\.vscode\extensions\redhat.java-1.53.0-win32-x64\lombok\lombok-1.18.39-4050.jar path:c:\Users\Dell\.vscode\extensions\redhat.java-1.53.0-win32-x64\jre\21.0.10-win32-x86_64\bin\instrument.dll, loaded, initialized, instrumentlib options:none

dbghelp: loaded successfully - version: 4.0.5 - missing functions: none
symbol engine: initialized successfully - sym options: 0x614 - pdb path: .;c:\Users\Dell\.vscode\extensions\redhat.java-1.53.0-win32-x64\jre\21.0.10-win32-x86_64\bin;C:\WINDOWS\SYSTEM32;C:\WINDOWS\WinSxS\amd64_microsoft.windows.common-controls_6595b64144ccf1df_6.0.22621.6060_none_2712eda17382d24b;c:\Users\Dell\.vscode\extensions\redhat.java-1.53.0-win32-x64\jre\21.0.10-win32-x86_64\bin\server;C:\Users\Dell\AppData\Roaming\Code\User\globalStorage\redhat.java\1.53.0\config_ss_win\org.eclipse.equinox.launcher\org.eclipse.equinox.launcher.win32.win32.x86_64_1.3.0.v20260203-2149

VM Arguments:
jvm_args: --add-modules=ALL-SYSTEM --add-opens=java.base/java.util=ALL-UNNAMED --add-opens=java.base/java.lang=ALL-UNNAMED --add-opens=java.base/sun.nio.fs=ALL-UNNAMED -Declipse.application=org.eclipse.jdt.ls.core.id1 -Dosgi.bundles.defaultStartLevel=4 -Declipse.product=org.eclipse.jdt.ls.core.product -Djava.import.generatesMetadataFilesAtProjectRoot=false -DDetectVMInstallationsJob.disabled=true -Dfile.encoding=utf8 -XX:+UseParallelGC -XX:GCTimeRatio=4 -XX:AdaptiveSizePolicyWeight=90 -Dsun.zip.disableMemoryMapping=true -Xmx2G -Xms100m -Xlog:disable -javaagent:c:\Users\Dell\.vscode\extensions\redhat.java-1.53.0-win32-x64\lombok\lombok-1.18.39-4050.jar 
java_command: c:\Users\Dell\.vscode\extensions\redhat.java-1.53.0-win32-x64\server\plugins\org.eclipse.equinox.launcher_1.7.100.v20251111-0406.jar -configuration c:\Users\Dell\AppData\Roaming\Code\User\globalStorage\redhat.java\1.53.0\config_ss_win -data c:\Users\Dell\AppData\Roaming\Code\User\workspaceStorage\8deed0398820b339646c0aa412961b18\redhat.java\ss_ws --pipe=\\.\pipe\lsp-1b09d4d298fed7972a8d35a5dd7f97f9-sock
java_class_path (initial): c:\Users\Dell\.vscode\extensions\redhat.java-1.53.0-win32-x64\server\plugins\org.eclipse.equinox.launcher_1.7.100.v20251111-0406.jar
Launcher Type: SUN_STANDARD

[Global flags]
    uintx AdaptiveSizePolicyWeight                 = 90                                        {product} {command line}
     intx CICompilerCount                          = 4                                         {product} {ergonomic}
    uintx GCTimeRatio                              = 4                                         {product} {command line}
   size_t InitialHeapSize                          = 104857600                                 {product} {command line}
   size_t MaxHeapSize                              = 2147483648                                {product} {command line}
   size_t MaxNewSize                               = 715653120                                 {product} {ergonomic}
   size_t MinHeapDeltaBytes                        = 524288                                    {product} {ergonomic}
   size_t MinHeapSize                              = 104857600                                 {product} {command line}
   size_t NewSize                                  = 34603008                                  {product} {ergonomic}
    uintx NonNMethodCodeHeapSize                   = 5839372                                {pd product} {ergonomic}
    uintx NonProfiledCodeHeapSize                  = 122909434                              {pd product} {ergonomic}
   size_t OldSize                                  = 70254592                                  {product} {ergonomic}
    uintx ProfiledCodeHeapSize                     = 122909434                              {pd product} {ergonomic}
    uintx ReservedCodeCacheSize                    = 251658240                              {pd product} {ergonomic}
     bool SegmentedCodeCache                       = true                                      {product} {ergonomic}
   size_t SoftMaxHeapSize                          = 2147483648                             {manageable} {ergonomic}
     bool UseCompressedOops                        = true                           {product lp64_product} {ergonomic}
     bool UseLargePagesIndividualAllocation        = false                                  {pd product} {ergonomic}
     bool UseParallelGC                            = true                                      {product} {command line}

Logging:
Log output configuration:
 #0: stdout all=off uptime,level,tags foldmultilines=false
 #1: stderr all=off uptime,level,tags foldmultilines=false

Release file:
JAVA_VERSION="21.0.10" 
MODULES="java.base java.compiler java.datatransfer java.xml java.prefs java.desktop java.instrument java.logging java.management java.security.sasl java.naming java.rmi java.management.rmi java.net.http java.scripting java.security.jgss java.transaction.xa java.sql java.sql.rowset java.xml.crypto java.se java.smartcardio jdk.accessibility jdk.internal.jvmstat jdk.attach jdk.charsets jdk.internal.opt jdk.zipfs jdk.compiler jdk.crypto.ec jdk.crypto.cryptoki jdk.crypto.mscapi jdk.dynalink jdk.internal.ed jdk.editpad jdk.hotspot.agent jdk.httpserver jdk.internal.le jdk.internal.vm.ci jdk.internal.vm.compiler jdk.internal.vm.compiler.management jdk.jartool jdk.javadoc jdk.jcmd jdk.management jdk.management.agent jdk.jconsole jdk.jdeps jdk.jdwp.agent jdk.jdi jdk.jfr jdk.jshell jdk.jsobject jdk.jstatd jdk.localedata jdk.management.jfr jdk.naming.dns jdk.naming.rmi jdk.net jdk.nio.mapmode jdk.random jdk.sctp jdk.security.auth jdk.security.jgss jdk.unsupported jdk.unsupported.desktop jdk.xml.dom" 

Environment Variables:
JAVA_HOME=C:\Program Files\Java\jdk-17
PATH=C:\Users\Dell\AppData\Local\Programs\Microsoft VS Code;C:\wamp64\app\oracle\product\11.2.0\server\bin;C:\Program Files\Common Files\Oracle\Java\javapath;C:\WINDOWS\System32;C:\WINDOWS;C:\WINDOWS\System32\Wbem;C:\WINDOWS\System32\WindowsPowerShell\v1.0\;C:\WINDOWS\System32\OpenSSH\;C:\Program Files\Java\jdk-17\bin;C:\Users\Dell\Desktop\yahya\approche agile\sonarqub\sonarqube-8.9.10.61524\sonarqube-8.9.10.61524\bin\windows-x86-64;C:\Users\Dell\Desktop\yahya\approche agile\sonarqub\sonar-scanner-cli-6.2.1.4610-windows-x64\sonar-scanner-6.2.1.4610-windows-x64\bin;C:\Program Files\Common Files\Oracle\Java\javapath;C:\Program Files\Java\jdk-17\bin\javaw.exe;C:\Program Files\Java\jdk-17\bin\java.exe;C:\Users\Dell\Downloads\mongosh-2.3.4-win32-x64\bin;C:\wamp64\bin\php\php8.3.6;C:\ProgramData\ComposerSetup\bin;C:\Program Files\Git\cmd;C:\TDM-GCC-64\bin;C:\Program Files\nodejs\;C:\Program Files (x86)\Microsoft SQL Server\170\Tools\Binn\;C:\Program Files\Microsoft SQL Server\170\Tools\Binn\;C:\Program Files\Microsoft SQL Server\Client SDK\ODBC\180\Tools\Binn\;C:\Program Files\Microsoft SQL Server\170\DTS\Binn\;C:\maven\apache-maven-3.9.14-bin\apache-maven-3.9.14\bin;c:\Users\Dell\AppData\Local\Programs\Trae\bin;C:\Users\Dell\AppData\Local\Programs\Python\Python311\Scripts\;C:\Users\Dell\AppData\Local\Programs\Python\Python311\;C:\Program Files\Java\jdk-17\bin;C:\Users\Dell\AppData\Local\Programs\Microsoft VS Code\bin;C:\Users\Dell\AppData\Roaming\Composer\vendor\bin;C:\Program Files\Docker\Docker\resources\bin;C:\Users\Dell\AppData\Roaming\npm;C:\Users\Dell\AppData\Local\Programs\Zed\bin
USERNAME=ZAIZI NACER
OS=Windows_NT
PROCESSOR_IDENTIFIER=Intel64 Family 6 Model 154 Stepping 4, GenuineIntel
TMP=C:\Users\Dell\AppData\Local\Temp
TEMP=C:\Users\Dell\AppData\Local\Temp




Periodic native trim disabled

---------------  S Y S T E M  ---------------

OS:
 Windows 11 , 64 bit Build 22621 (10.0.22621.5415)
OS uptime: 4 days 19:58 hours
Hyper-V role detected

CPU: total 12 (initial active 12) (6 cores per cpu, 2 threads per core) family 6 model 154 stepping 4 microcode 0x43b, cx8, cmov, fxsr, ht, mmx, 3dnowpref, sse, sse2, sse3, ssse3, sse4.1, sse4.2, popcnt, lzcnt, tsc, tscinvbit, avx, avx2, aes, erms, clmul, bmi1, bmi2, adx, sha, fma, vzeroupper, clflush, clflushopt, clwb, hv, serialize, rdtscp, rdpid, fsrm, f16c, cet_ibt, cet_ss
Processor Information for processor 0
  Max Mhz: 1600, Current Mhz: 1600, Mhz Limit: 1600
Processor Information for processor 1
  Max Mhz: 1600, Current Mhz: 1520, Mhz Limit: 1600
Processor Information for processor 2
  Max Mhz: 1600, Current Mhz: 1600, Mhz Limit: 1600
Processor Information for processor 3
  Max Mhz: 1600, Current Mhz: 1520, Mhz Limit: 1600
Processor Information for processor 4
  Max Mhz: 1600, Current Mhz: 1466, Mhz Limit: 1600
Processor Information for processor 5
  Max Mhz: 1600, Current Mhz: 1466, Mhz Limit: 1600
Processor Information for processor 6
  Max Mhz: 1600, Current Mhz: 1600, Mhz Limit: 1600
Processor Information for processor 7
  Max Mhz: 1600, Current Mhz: 1466, Mhz Limit: 1600
Processor Information for processor 8
  Max Mhz: 1600, Current Mhz: 1466, Mhz Limit: 1600
Processor Information for processor 9
  Max Mhz: 1600, Current Mhz: 1466, Mhz Limit: 1600
Processor Information for processor 10
  Max Mhz: 1600, Current Mhz: 1466, Mhz Limit: 1600
Processor Information for processor 11
  Max Mhz: 1600, Current Mhz: 1466, Mhz Limit: 1600

Memory: 4k page, system-wide physical 16068M (2687M free)
TotalPageFile size 19469M (AvailPageFile size 9M)
current process WorkingSet (physical memory assigned to process): 103M, peak: 103M
current process commit charge ("private bytes"): 255M, peak: 256M

vm_info: OpenJDK 64-Bit Server VM (21.0.10+7-LTS) for windows-amd64 JRE (21.0.10+7-LTS), built on 2026-01-20T00:00:00Z by "admin" with MS VC++ 17.12 (VS2022)

END.
