#
# There is insufficient memory for the Java Runtime Environment to continue.
# Native memory allocation (malloc) failed to allocate 290592 bytes. Error detail: Chunk::new
# Possible reasons:
#   The system is out of physical RAM or swap space
#   This process is running with CompressedOops enabled, and the Java Heap may be blocking the growth of the native heap
# Possible solutions:
#   Reduce memory load on the system
#   Increase physical memory or swap space
#   Check if swap backing store is full
#   Decrease Java heap size (-Xmx/-Xms)
#   Decrease number of Java threads
#   Decrease Java thread stack sizes (-Xss)
#   Set larger code cache with -XX:ReservedCodeCacheSize=
#   JVM is running with Unscaled Compressed Oops mode in which the Java heap is
#     placed in the first 4GB address space. The Java Heap base address is the
#     maximum limit for the native heap growth. Please use -XX:HeapBaseMinAddress
#     to set the Java Heap base and to place the Java Heap above 4GB virtual address.
# This output file may be truncated or incomplete.
#
#  Out of Memory Error (arena.cpp:168), pid=7764, tid=13900
#
# JRE version: OpenJDK Runtime Environment Temurin-21.0.10+7 (21.0.10+7) (build 21.0.10+7-LTS)
# Java VM: OpenJDK 64-Bit Server VM Temurin-21.0.10+7 (21.0.10+7-LTS, mixed mode, sharing, tiered, compressed oops, compressed class ptrs, parallel gc, windows-amd64)
# No core dump will be written. Minidumps are not enabled by default on client versions of Windows
#

---------------  S U M M A R Y ------------

Command Line: --add-modules=ALL-SYSTEM --add-opens=java.base/java.util=ALL-UNNAMED --add-opens=java.base/java.lang=ALL-UNNAMED --add-opens=java.base/sun.nio.fs=ALL-UNNAMED -Declipse.application=org.eclipse.jdt.ls.core.id1 -Dosgi.bundles.defaultStartLevel=4 -Declipse.product=org.eclipse.jdt.ls.core.product -Djava.import.generatesMetadataFilesAtProjectRoot=false -DDetectVMInstallationsJob.disabled=true -Dfile.encoding=utf8 -XX:+UseParallelGC -XX:GCTimeRatio=4 -XX:AdaptiveSizePolicyWeight=90 -Dsun.zip.disableMemoryMapping=true -Xmx2G -Xms100m -Xlog:disable -javaagent:c:\Users\Dell\.vscode\extensions\redhat.java-1.53.0-win32-x64\lombok\lombok-1.18.39-4050.jar c:\Users\Dell\.vscode\extensions\redhat.java-1.53.0-win32-x64\server\plugins\org.eclipse.equinox.launcher_1.7.100.v20251111-0406.jar -configuration c:\Users\Dell\AppData\Roaming\Code\User\globalStorage\redhat.java\1.53.0\config_ss_win -data c:\Users\Dell\AppData\Roaming\Code\User\workspaceStorage\8deed0398820b339646c0aa412961b18\redhat.java\ss_ws --pipe=\\.\pipe\lsp-3748bc648b231f82911df8c4f4f9abd5-sock

Host: 12th Gen Intel(R) Core(TM) i5-1245U, 12 cores, 15G,  Windows 11 , 64 bit Build 22621 (10.0.22621.5415)
Time: Tue Mar 24 16:46:37 2026 Morocco Daylight Time elapsed time: 6.743433 seconds (0d 0h 0m 6s)

---------------  T H R E A D  ---------------

Current thread (0x000001f6dd696920):  JavaThread "C2 CompilerThread1" daemon [_thread_in_native, id=13900, stack(0x00000040a2800000,0x00000040a2900000) (1024K)]


Current CompileTask:
C2:6743 4497       4       jdk.internal.jrtfs.JrtPath::subpath (129 bytes)

Stack: [0x00000040a2800000,0x00000040a2900000]
Native frames: (J=compiled Java code, j=interpreted, Vv=VM code, C=native code)
V  [jvm.dll+0x6d7a39]
V  [jvm.dll+0x8b4b26]
V  [jvm.dll+0x8b70de]
V  [jvm.dll+0x8b77c3]
V  [jvm.dll+0x284346]
V  [jvm.dll+0xc66ed]
V  [jvm.dll+0xc6c31]
V  [jvm.dll+0x3bec3b]
V  [jvm.dll+0x38b162]
V  [jvm.dll+0x38a5aa]
V  [jvm.dll+0x24c560]
V  [jvm.dll+0x24bb40]
V  [jvm.dll+0x1cb34e]
V  [jvm.dll+0x25b85d]
V  [jvm.dll+0x259dea]
V  [jvm.dll+0x3f857e]
V  [jvm.dll+0x85f59d]
V  [jvm.dll+0x6d626d]
C  [ucrtbase.dll+0x29333]
C  [KERNEL32.DLL+0x1259d]
C  [ntdll.dll+0x5af78]


---------------  P R O C E S S  ---------------

Threads class SMR info:
_java_thread_list=0x000001f6e2c47210, length=39, elements={
0x000001f6813015c0, 0x000001f699cb7620, 0x000001f699cb8440, 0x000001f6813a68f0,
0x000001f6813a7a70, 0x000001f699cbb880, 0x000001f6813a9f80, 0x000001f6813b0ce0,
0x000001f6dc151fe0, 0x000001f6dc319540, 0x000001f6dc397af0, 0x000001f6dd80fe40,
0x000001f6e2237350, 0x000001f6e2236450, 0x000001f6e233ca80, 0x000001f6e217f0e0,
0x000001f6e223f9f0, 0x000001f6e23c1750, 0x000001f6e2534d80, 0x000001f6dd696920,
0x000001f6dd136b80, 0x000001f6e25339d0, 0x000001f6e25346f0, 0x000001f6e2531f90,
0x000001f6e2532620, 0x000001f6e2532cb0, 0x000001f6e2533340, 0x000001f6e2534060,
0x000001f6e306d680, 0x000001f6e3068130, 0x000001f6e306dd10, 0x000001f6e306e3a0,
0x000001f6e306ea30, 0x000001f6e306cff0, 0x000001f6e3068e50, 0x000001f6e306c960,
0x000001f6e306af20, 0x000001f6e30687c0, 0x000001f6e306f0c0
}

Java Threads: ( => current thread )
  0x000001f6813015c0 JavaThread "main"                              [_thread_blocked, id=18920, stack(0x00000040a0900000,0x00000040a0a00000) (1024K)]
  0x000001f699cb7620 JavaThread "Reference Handler"          daemon [_thread_blocked, id=2764, stack(0x00000040a0d00000,0x00000040a0e00000) (1024K)]
  0x000001f699cb8440 JavaThread "Finalizer"                  daemon [_thread_blocked, id=2240, stack(0x00000040a0e00000,0x00000040a0f00000) (1024K)]
  0x000001f6813a68f0 JavaThread "Signal Dispatcher"          daemon [_thread_blocked, id=21588, stack(0x00000040a0f00000,0x00000040a1000000) (1024K)]
  0x000001f6813a7a70 JavaThread "Attach Listener"            daemon [_thread_blocked, id=4808, stack(0x00000040a1000000,0x00000040a1100000) (1024K)]
  0x000001f699cbb880 JavaThread "Service Thread"             daemon [_thread_blocked, id=12112, stack(0x00000040a1100000,0x00000040a1200000) (1024K)]
  0x000001f6813a9f80 JavaThread "Monitor Deflation Thread"   daemon [_thread_blocked, id=13876, stack(0x00000040a1200000,0x00000040a1300000) (1024K)]
  0x000001f6813b0ce0 JavaThread "C2 CompilerThread0"         daemon [_thread_in_native, id=24212, stack(0x00000040a1300000,0x00000040a1400000) (1024K)]
  0x000001f6dc151fe0 JavaThread "C1 CompilerThread0"         daemon [_thread_blocked, id=6112, stack(0x00000040a1400000,0x00000040a1500000) (1024K)]
  0x000001f6dc319540 JavaThread "Common-Cleaner"             daemon [_thread_blocked, id=13452, stack(0x00000040a1500000,0x00000040a1600000) (1024K)]
  0x000001f6dc397af0 JavaThread "Notification Thread"        daemon [_thread_blocked, id=16912, stack(0x00000040a1700000,0x00000040a1800000) (1024K)]
  0x000001f6dd80fe40 JavaThread "Active Thread: Equinox Container: c6eaeab6-3cf3-4a90-81da-0a9fccdf788b"        [_thread_blocked, id=20312, stack(0x00000040a1f00000,0x00000040a2000000) (1024K)]
  0x000001f6e2237350 JavaThread "Framework Event Dispatcher: Equinox Container: c6eaeab6-3cf3-4a90-81da-0a9fccdf788b" daemon [_thread_blocked, id=20808, stack(0x00000040a2000000,0x00000040a2100000) (1024K)]
  0x000001f6e2236450 JavaThread "Start Level: Equinox Container: c6eaeab6-3cf3-4a90-81da-0a9fccdf788b" daemon [_thread_blocked, id=12172, stack(0x00000040a2100000,0x00000040a2200000) (1024K)]
  0x000001f6e233ca80 JavaThread "SCR Component Actor"        daemon [_thread_blocked, id=14088, stack(0x00000040a1800000,0x00000040a1900000) (1024K)]
  0x000001f6e217f0e0 JavaThread "Worker-JM"                         [_thread_blocked, id=9432, stack(0x00000040a2400000,0x00000040a2500000) (1024K)]
  0x000001f6e223f9f0 JavaThread "JNA Cleaner"                daemon [_thread_blocked, id=20444, stack(0x00000040a1600000,0x00000040a1700000) (1024K)]
  0x000001f6e23c1750 JavaThread "Worker-0: Building"                [_thread_in_vm, id=9484, stack(0x00000040a2300000,0x00000040a2400000) (1024K)]
  0x000001f6e2534d80 JavaThread "Worker-1"                          [_thread_blocked, id=6152, stack(0x00000040a2700000,0x00000040a2800000) (1024K)]
=>0x000001f6dd696920 JavaThread "C2 CompilerThread1"         daemon [_thread_in_native, id=13900, stack(0x00000040a2800000,0x00000040a2900000) (1024K)]
  0x000001f6dd136b80 JavaThread "C2 CompilerThread2"         daemon [_thread_in_native, id=22608, stack(0x00000040a2900000,0x00000040a2a00000) (1024K)]
  0x000001f6e25339d0 JavaThread "Worker-2"                          [_thread_blocked, id=4504, stack(0x00000040a2a00000,0x00000040a2b00000) (1024K)]
  0x000001f6e25346f0 JavaThread "Thread-1"                   daemon [_thread_in_native, id=19468, stack(0x00000040a2d00000,0x00000040a2e00000) (1024K)]
  0x000001f6e2531f90 JavaThread "Thread-2"                   daemon [_thread_in_native, id=23076, stack(0x00000040a2e00000,0x00000040a2f00000) (1024K)]
  0x000001f6e2532620 JavaThread "Thread-3"                   daemon [_thread_in_native, id=5180, stack(0x00000040a2f00000,0x00000040a3000000) (1024K)]
  0x000001f6e2532cb0 JavaThread "Thread-4"                   daemon [_thread_in_native, id=20456, stack(0x00000040a3000000,0x00000040a3100000) (1024K)]
  0x000001f6e2533340 JavaThread "Thread-5"                   daemon [_thread_in_native, id=23784, stack(0x00000040a3100000,0x00000040a3200000) (1024K)]
  0x000001f6e2534060 JavaThread "Thread-6"                   daemon [_thread_in_native, id=13148, stack(0x00000040a3200000,0x00000040a3300000) (1024K)]
  0x000001f6e306d680 JavaThread "Thread-7"                   daemon [_thread_in_native, id=5392, stack(0x00000040a3300000,0x00000040a3400000) (1024K)]
  0x000001f6e3068130 JavaThread "Thread-8"                   daemon [_thread_in_native, id=24280, stack(0x00000040a3400000,0x00000040a3500000) (1024K)]
  0x000001f6e306dd10 JavaThread "Thread-9"                   daemon [_thread_in_native, id=1840, stack(0x00000040a3500000,0x00000040a3600000) (1024K)]
  0x000001f6e306e3a0 JavaThread "Thread-10"                  daemon [_thread_in_native, id=15320, stack(0x00000040a3600000,0x00000040a3700000) (1024K)]
  0x000001f6e306ea30 JavaThread "Thread-11"                  daemon [_thread_in_native, id=12184, stack(0x00000040a3700000,0x00000040a3800000) (1024K)]
  0x000001f6e306cff0 JavaThread "Thread-12"                  daemon [_thread_in_native, id=21520, stack(0x00000040a3800000,0x00000040a3900000) (1024K)]
  0x000001f6e3068e50 JavaThread "Thread-13"                  daemon [_thread_in_native, id=21168, stack(0x00000040a3900000,0x00000040a3a00000) (1024K)]
  0x000001f6e306c960 JavaThread "pool-2-thread-1"                   [_thread_blocked, id=8932, stack(0x00000040a3a00000,0x00000040a3b00000) (1024K)]
  0x000001f6e306af20 JavaThread "WorkspaceEventsHandler"            [_thread_blocked, id=22672, stack(0x00000040a3b00000,0x00000040a3c00000) (1024K)]
  0x000001f6e30687c0 JavaThread "pool-1-thread-1"                   [_thread_blocked, id=8388, stack(0x00000040a3c00000,0x00000040a3d00000) (1024K)]
  0x000001f6e306f0c0 JavaThread "ForkJoinPool.commonPool-worker-1" daemon [_thread_blocked, id=24488, stack(0x00000040a3d00000,0x00000040a3e00000) (1024K)]
Total: 39

Other Threads:
  0x000001f699ca69c0 VMThread "VM Thread"                           [id=18724, stack(0x00000040a0c00000,0x00000040a0d00000) (1024K)]
  0x000001f699b9ba00 WatcherThread "VM Periodic Task Thread"        [id=11288, stack(0x00000040a0b00000,0x00000040a0c00000) (1024K)]
  0x000001f6813207b0 WorkerThread "GC Thread#0"                     [id=20100, stack(0x00000040a0a00000,0x00000040a0b00000) (1024K)]
  0x000001f6dd3731e0 WorkerThread "GC Thread#1"                     [id=8728, stack(0x00000040a1900000,0x00000040a1a00000) (1024K)]
  0x000001f6dd511980 WorkerThread "GC Thread#2"                     [id=12344, stack(0x00000040a1a00000,0x00000040a1b00000) (1024K)]
  0x000001f6dd511d30 WorkerThread "GC Thread#3"                     [id=7540, stack(0x00000040a1b00000,0x00000040a1c00000) (1024K)]
  0x000001f6dd6c07d0 WorkerThread "GC Thread#4"                     [id=17644, stack(0x00000040a1c00000,0x00000040a1d00000) (1024K)]
  0x000001f6dd6c0b80 WorkerThread "GC Thread#5"                     [id=13620, stack(0x00000040a1d00000,0x00000040a1e00000) (1024K)]
  0x000001f6e200b370 WorkerThread "GC Thread#6"                     [id=22804, stack(0x00000040a1e00000,0x00000040a1f00000) (1024K)]
  0x000001f6e200afc0 WorkerThread "GC Thread#7"                     [id=18236, stack(0x00000040a2200000,0x00000040a2300000) (1024K)]
  0x000001f6e200b720 WorkerThread "GC Thread#8"                     [id=13632, stack(0x00000040a2500000,0x00000040a2600000) (1024K)]
  0x000001f6e200a4b0 WorkerThread "GC Thread#9"                     [id=6952, stack(0x00000040a2600000,0x00000040a2700000) (1024K)]
Total: 12

Threads with active compile tasks:
C2 CompilerThread0  6806 4478       4       jdk.internal.jimage.ImageLocation::buildName (128 bytes)
C2 CompilerThread1  6806 4497       4       jdk.internal.jrtfs.JrtPath::subpath (129 bytes)
C2 CompilerThread2  6806 4481       4       jdk.internal.jimage.ImageReader$SharedImageReader::lambda$handleModulesSubTree$1 (43 bytes)
Total: 3

VM state: not at safepoint (normal execution)

VM Mutex/Monitor currently owned by a thread:  ([mutex/lock_event])
[0x00007ff80b6bc4e0] Metaspace_lock - owner thread: 0x000001f6e23c1750

Heap address: 0x0000000080000000, size: 2048 MB, Compressed Oops mode: 32-bit

CDS archive(s) mapped at: [0x000001f69a000000-0x000001f69aba0000-0x000001f69aba0000), size 12189696, SharedBaseAddress: 0x000001f69a000000, ArchiveRelocationMode: 1.
Compressed class space mapped at: 0x000001f69b000000-0x000001f6db000000, reserved size: 1073741824
Narrow klass base: 0x000001f69a000000, Narrow klass shift: 0, Narrow klass range: 0x100000000

GC Precious Log:
 CardTable entry size: 512
 CPUs: 12 total, 12 available
 Memory: 16068M
 Large Page Support: Disabled
 NUMA Support: Disabled
 Compressed Oops: Enabled (32-bit)
 Alignments: Space 512K, Generation 512K, Heap 2M
 Heap Min Capacity: 100M
 Heap Initial Capacity: 100M
 Heap Max Capacity: 2G
 Pre-touch: Disabled
 Parallel Workers: 10

Heap:
 PSYoungGen      total 23552K, used 22737K [0x00000000d5580000, 0x00000000d6f00000, 0x0000000100000000)
  eden space 20992K, 97% used [0x00000000d5580000,0x00000000d698c5e0,0x00000000d6a00000)
  from space 2560K, 86% used [0x00000000d6a00000,0x00000000d6c28000,0x00000000d6c80000)
  to   space 2560K, 0% used [0x00000000d6c80000,0x00000000d6c80000,0x00000000d6f00000)
 ParOldGen       total 68608K, used 25624K [0x0000000080000000, 0x0000000084300000, 0x00000000d5580000)
  object space 68608K, 37% used [0x0000000080000000,0x0000000081906268,0x0000000084300000)
 Metaspace       used 34688K, committed 35584K, reserved 1114112K
  class space    used 3522K, committed 3968K, reserved 1048576K

Card table byte_map: [0x000001f694fd0000,0x000001f6953e0000] _byte_map_base: 0x000001f694bd0000

Marking Bits: (ParMarkBitMap*) 0x00007ff80b6c3450
 Begin Bits: [0x000001f695690000, 0x000001f697690000)
 End Bits:   [0x000001f697690000, 0x000001f699690000)

Polling page: 0x000001f685dc0000

Metaspace:

Usage:
  Non-class:     30.43 MB used.
      Class:      3.44 MB used.
       Both:     33.88 MB used.

Virtual space:
  Non-class space:       64.00 MB reserved,      30.88 MB ( 48%) committed,  1 nodes.
      Class space:        1.00 GB reserved,       3.88 MB ( <1%) committed,  1 nodes.
             Both:        1.06 GB reserved,      34.75 MB (  3%) committed. 

Chunk freelists:
   Non-Class:  648.00 KB
       Class:  12.11 MB
        Both:  12.74 MB

MaxMetaspaceSize: unlimited
CompressedClassSpaceSize: 1.00 GB
Initial GC threshold: 21.00 MB
Current GC threshold: 35.00 MB
CDS: on
 - commit_granule_bytes: 65536.
 - commit_granule_words: 8192.
 - virtual_space_node_default_size: 8388608.
 - enlarge_chunks_in_place: 1.
 - use_allocation_guard: 0.


Internal statistics:

num_allocs_failed_limit: 3.
num_arena_births: 744.
num_arena_deaths: 14.
num_vsnodes_births: 2.
num_vsnodes_deaths: 0.
num_space_committed: 556.
num_space_uncommitted: 0.
num_chunks_returned_to_freelist: 17.
num_chunks_taken_from_freelist: 2175.
num_chunk_merges: 7.
num_chunk_splits: 1389.
num_chunks_enlarged: 856.
num_inconsistent_stats: 0.

CodeHeap 'non-profiled nmethods': size=120000Kb used=2620Kb max_used=2620Kb free=117379Kb
 bounds [0x000001f68d8b0000, 0x000001f68db40000, 0x000001f694de0000]
CodeHeap 'profiled nmethods': size=120000Kb used=8733Kb max_used=8733Kb free=111266Kb
 bounds [0x000001f685de0000, 0x000001f686670000, 0x000001f68d310000]
CodeHeap 'non-nmethods': size=5760Kb used=1359Kb max_used=1402Kb free=4400Kb
 bounds [0x000001f68d310000, 0x000001f68d580000, 0x000001f68d8b0000]
CodeCache: size=245760Kb, used=12712Kb, max_used=12755Kb, free=233045Kb
 total_blobs=5290, nmethods=4633, adapters=563, full_count=0
Compilation: enabled, stopped_count=0, restarted_count=0

Compilation events (20 events):
Event: 6.712 Thread 0x000001f6dc151fe0 4654       2       java.lang.invoke.StringConcatFactory::classIndex (84 bytes)
Event: 6.713 Thread 0x000001f6dc151fe0 nmethod 4654 0x000001f686660c90 code [0x000001f686660ee0, 0x000001f686661480]
Event: 6.713 Thread 0x000001f6dc151fe0 4655       2       java.lang.invoke.DirectMethodHandle$Holder::invokeStatic (24 bytes)
Event: 6.713 Thread 0x000001f6dc151fe0 nmethod 4655 0x000001f686661710 code [0x000001f6866618c0, 0x000001f686661a38]
Event: 6.714 Thread 0x000001f6dc151fe0 4656       3       java.util.Properties::load0 (249 bytes)
Event: 6.716 Thread 0x000001f6dc151fe0 nmethod 4656 0x000001f686661b90 code [0x000001f686661de0, 0x000001f686662760]
Event: 6.719 Thread 0x000001f6dc151fe0 4657 %     3       org.eclipse.jdt.internal.compiler.parser.Parser::computeReverseTable @ 17 (92 bytes)
Event: 6.721 Thread 0x000001f6dc151fe0 nmethod 4657% 0x000001f686662a90 code [0x000001f686662c80, 0x000001f686663278]
Event: 6.721 Thread 0x000001f6dc151fe0 4658 %     3       org.eclipse.jdt.internal.compiler.parser.Parser::computeReverseTable @ 51 (92 bytes)
Event: 6.722 Thread 0x000001f6dc151fe0 nmethod 4658% 0x000001f686663590 code [0x000001f686663780, 0x000001f686663d78]
Event: 6.723 Thread 0x000001f6dc151fe0 4659       1       java.lang.invoke.MethodHandleImpl$AsVarargsCollector::getTarget (5 bytes)
Event: 6.723 Thread 0x000001f6dc151fe0 nmethod 4659 0x000001f68db37190 code [0x000001f68db37320, 0x000001f68db373e8]
Event: 6.724 Thread 0x000001f6dc151fe0 4660   !   3       org.eclipse.jdt.internal.compiler.parser.Parser::readTable (173 bytes)
Event: 6.725 Thread 0x000001f6dc151fe0 nmethod 4660 0x000001f686664090 code [0x000001f686664360, 0x000001f686665130]
Event: 6.732 Thread 0x000001f6dc151fe0 4661       2       jdk.internal.jimage.BasicImageReader::getLocationIndex (52 bytes)
Event: 6.733 Thread 0x000001f6dc151fe0 nmethod 4661 0x000001f686665810 code [0x000001f686665a00, 0x000001f686665c98]
Event: 6.733 Thread 0x000001f6dc151fe0 4662       1       java.lang.ClassLoader::findResource (2 bytes)
Event: 6.734 Thread 0x000001f6dc151fe0 nmethod 4662 0x000001f68db37490 code [0x000001f68db37620, 0x000001f68db376f0]
Event: 6.734 Thread 0x000001f6813b0ce0 nmethod 4432 0x000001f68db37790 code [0x000001f68db37c60, 0x000001f68db3ac28]
Event: 6.735 Thread 0x000001f6813b0ce0 4499       4       java.util.ArrayList::equals (62 bytes)

GC Heap History (20 events):
Event: 3.670 GC heap before
{Heap before GC invocations=7 (full 1):
 PSYoungGen      total 29696K, used 4305K [0x00000000d5580000, 0x00000000d7800000, 0x0000000100000000)
  eden space 25088K, 0% used [0x00000000d5580000,0x00000000d5580000,0x00000000d6e00000)
  from space 4608K, 93% used [0x00000000d7380000,0x00000000d77b47c0,0x00000000d7800000)
  to   space 4608K, 0% used [0x00000000d6f00000,0x00000000d6f00000,0x00000000d7380000)
 ParOldGen       total 68608K, used 5731K [0x0000000080000000, 0x0000000084300000, 0x00000000d5580000)
  object space 68608K, 8% used [0x0000000080000000,0x0000000080598d68,0x0000000084300000)
 Metaspace       used 20884K, committed 21504K, reserved 1114112K
  class space    used 2064K, committed 2304K, reserved 1048576K
}
Event: 3.702 GC heap after
{Heap after GC invocations=7 (full 1):
 PSYoungGen      total 29696K, used 0K [0x00000000d5580000, 0x00000000d7800000, 0x0000000100000000)
  eden space 25088K, 0% used [0x00000000d5580000,0x00000000d5580000,0x00000000d6e00000)
  from space 4608K, 0% used [0x00000000d7380000,0x00000000d7380000,0x00000000d7800000)
  to   space 4608K, 0% used [0x00000000d6f00000,0x00000000d6f00000,0x00000000d7380000)
 ParOldGen       total 68608K, used 9013K [0x0000000080000000, 0x0000000084300000, 0x00000000d5580000)
  object space 68608K, 13% used [0x0000000080000000,0x00000000808cd698,0x0000000084300000)
 Metaspace       used 20872K, committed 21504K, reserved 1114112K
  class space    used 2061K, committed 2304K, reserved 1048576K
}
Event: 3.962 GC heap before
{Heap before GC invocations=8 (full 1):
 PSYoungGen      total 29696K, used 25088K [0x00000000d5580000, 0x00000000d7800000, 0x0000000100000000)
  eden space 25088K, 100% used [0x00000000d5580000,0x00000000d6e00000,0x00000000d6e00000)
  from space 4608K, 0% used [0x00000000d7380000,0x00000000d7380000,0x00000000d7800000)
  to   space 4608K, 0% used [0x00000000d6f00000,0x00000000d6f00000,0x00000000d7380000)
 ParOldGen       total 68608K, used 9013K [0x0000000080000000, 0x0000000084300000, 0x00000000d5580000)
  object space 68608K, 13% used [0x0000000080000000,0x00000000808cd698,0x0000000084300000)
 Metaspace       used 22509K, committed 23104K, reserved 1114112K
  class space    used 2168K, committed 2432K, reserved 1048576K
}
Event: 3.965 GC heap after
{Heap after GC invocations=8 (full 1):
 PSYoungGen      total 27136K, used 2052K [0x00000000d5580000, 0x00000000d7400000, 0x0000000100000000)
  eden space 24576K, 0% used [0x00000000d5580000,0x00000000d5580000,0x00000000d6d80000)
  from space 2560K, 80% used [0x00000000d6f00000,0x00000000d7101218,0x00000000d7180000)
  to   space 2560K, 0% used [0x00000000d7180000,0x00000000d7180000,0x00000000d7400000)
 ParOldGen       total 68608K, used 9021K [0x0000000080000000, 0x0000000084300000, 0x00000000d5580000)
  object space 68608K, 13% used [0x0000000080000000,0x00000000808cf698,0x0000000084300000)
 Metaspace       used 22509K, committed 23104K, reserved 1114112K
  class space    used 2168K, committed 2432K, reserved 1048576K
}
Event: 4.582 GC heap before
{Heap before GC invocations=9 (full 1):
 PSYoungGen      total 27136K, used 26606K [0x00000000d5580000, 0x00000000d7400000, 0x0000000100000000)
  eden space 24576K, 99% used [0x00000000d5580000,0x00000000d6d7a750,0x00000000d6d80000)
  from space 2560K, 80% used [0x00000000d6f00000,0x00000000d7101218,0x00000000d7180000)
  to   space 2560K, 0% used [0x00000000d7180000,0x00000000d7180000,0x00000000d7400000)
 ParOldGen       total 68608K, used 9021K [0x0000000080000000, 0x0000000084300000, 0x00000000d5580000)
  object space 68608K, 13% used [0x0000000080000000,0x00000000808cf698,0x0000000084300000)
 Metaspace       used 26409K, committed 27200K, reserved 1114112K
  class space    used 2591K, committed 2944K, reserved 1048576K
}
Event: 4.586 GC heap after
{Heap after GC invocations=9 (full 1):
 PSYoungGen      total 26624K, used 2556K [0x00000000d5580000, 0x00000000d7600000, 0x0000000100000000)
  eden space 24064K, 0% used [0x00000000d5580000,0x00000000d5580000,0x00000000d6d00000)
  from space 2560K, 99% used [0x00000000d7180000,0x00000000d73ff378,0x00000000d7400000)
  to   space 4608K, 0% used [0x00000000d6d00000,0x00000000d6d00000,0x00000000d7180000)
 ParOldGen       total 68608K, used 10314K [0x0000000080000000, 0x0000000084300000, 0x00000000d5580000)
  object space 68608K, 15% used [0x0000000080000000,0x0000000080a12bb8,0x0000000084300000)
 Metaspace       used 26409K, committed 27200K, reserved 1114112K
  class space    used 2591K, committed 2944K, reserved 1048576K
}
Event: 5.225 GC heap before
{Heap before GC invocations=10 (full 1):
 PSYoungGen      total 26624K, used 26620K [0x00000000d5580000, 0x00000000d7600000, 0x0000000100000000)
  eden space 24064K, 100% used [0x00000000d5580000,0x00000000d6d00000,0x00000000d6d00000)
  from space 2560K, 99% used [0x00000000d7180000,0x00000000d73ff378,0x00000000d7400000)
  to   space 4608K, 0% used [0x00000000d6d00000,0x00000000d6d00000,0x00000000d7180000)
 ParOldGen       total 68608K, used 10314K [0x0000000080000000, 0x0000000084300000, 0x00000000d5580000)
  object space 68608K, 15% used [0x0000000080000000,0x0000000080a12bb8,0x0000000084300000)
 Metaspace       used 29776K, committed 30592K, reserved 1114112K
  class space    used 2985K, committed 3328K, reserved 1048576K
}
Event: 5.231 GC heap after
{Heap after GC invocations=10 (full 1):
 PSYoungGen      total 28160K, used 4144K [0x00000000d5580000, 0x00000000d7580000, 0x0000000100000000)
  eden space 23552K, 0% used [0x00000000d5580000,0x00000000d5580000,0x00000000d6c80000)
  from space 4608K, 89% used [0x00000000d6d00000,0x00000000d710c0c0,0x00000000d7180000)
  to   space 4096K, 0% used [0x00000000d7180000,0x00000000d7180000,0x00000000d7580000)
 ParOldGen       total 68608K, used 10322K [0x0000000080000000, 0x0000000084300000, 0x00000000d5580000)
  object space 68608K, 15% used [0x0000000080000000,0x0000000080a14bb8,0x0000000084300000)
 Metaspace       used 29776K, committed 30592K, reserved 1114112K
  class space    used 2985K, committed 3328K, reserved 1048576K
}
Event: 5.768 GC heap before
{Heap before GC invocations=11 (full 1):
 PSYoungGen      total 28160K, used 27696K [0x00000000d5580000, 0x00000000d7580000, 0x0000000100000000)
  eden space 23552K, 100% used [0x00000000d5580000,0x00000000d6c80000,0x00000000d6c80000)
  from space 4608K, 89% used [0x00000000d6d00000,0x00000000d710c0c0,0x00000000d7180000)
  to   space 4096K, 0% used [0x00000000d7180000,0x00000000d7180000,0x00000000d7580000)
 ParOldGen       total 68608K, used 10322K [0x0000000080000000, 0x0000000084300000, 0x00000000d5580000)
  object space 68608K, 15% used [0x0000000080000000,0x0000000080a14bb8,0x0000000084300000)
 Metaspace       used 32044K, committed 33024K, reserved 1114112K
  class space    used 3239K, committed 3712K, reserved 1048576K
}
Event: 5.775 GC heap after
{Heap after GC invocations=11 (full 1):
 PSYoungGen      total 26624K, used 3263K [0x00000000d5580000, 0x00000000d7500000, 0x0000000100000000)
  eden space 23040K, 0% used [0x00000000d5580000,0x00000000d5580000,0x00000000d6c00000)
  from space 3584K, 91% used [0x00000000d7180000,0x00000000d74afef0,0x00000000d7500000)
  to   space 4096K, 0% used [0x00000000d6d00000,0x00000000d6d00000,0x00000000d7100000)
 ParOldGen       total 68608K, used 12819K [0x0000000080000000, 0x0000000084300000, 0x00000000d5580000)
  object space 68608K, 18% used [0x0000000080000000,0x0000000080c84e48,0x0000000084300000)
 Metaspace       used 32044K, committed 33024K, reserved 1114112K
  class space    used 3239K, committed 3712K, reserved 1048576K
}
Event: 5.977 GC heap before
{Heap before GC invocations=12 (full 1):
 PSYoungGen      total 26624K, used 26303K [0x00000000d5580000, 0x00000000d7500000, 0x0000000100000000)
  eden space 23040K, 100% used [0x00000000d5580000,0x00000000d6c00000,0x00000000d6c00000)
  from space 3584K, 91% used [0x00000000d7180000,0x00000000d74afef0,0x00000000d7500000)
  to   space 4096K, 0% used [0x00000000d6d00000,0x00000000d6d00000,0x00000000d7100000)
 ParOldGen       total 68608K, used 12819K [0x0000000080000000, 0x0000000084300000, 0x00000000d5580000)
  object space 68608K, 18% used [0x0000000080000000,0x0000000080c84e48,0x0000000084300000)
 Metaspace       used 32450K, committed 33344K, reserved 1114112K
  class space    used 3310K, committed 3712K, reserved 1048576K
}
Event: 5.985 GC heap after
{Heap after GC invocations=12 (full 1):
 PSYoungGen      total 25600K, used 2769K [0x00000000d5580000, 0x00000000d7200000, 0x0000000100000000)
  eden space 22528K, 0% used [0x00000000d5580000,0x00000000d5580000,0x00000000d6b80000)
  from space 3072K, 90% used [0x00000000d6d00000,0x00000000d6fb4460,0x00000000d7000000)
  to   space 2048K, 0% used [0x00000000d7000000,0x00000000d7000000,0x00000000d7200000)
 ParOldGen       total 68608K, used 15861K [0x0000000080000000, 0x0000000084300000, 0x00000000d5580000)
  object space 68608K, 23% used [0x0000000080000000,0x0000000080f7d640,0x0000000084300000)
 Metaspace       used 32450K, committed 33344K, reserved 1114112K
  class space    used 3310K, committed 3712K, reserved 1048576K
}
Event: 6.117 GC heap before
{Heap before GC invocations=13 (full 1):
 PSYoungGen      total 25600K, used 25297K [0x00000000d5580000, 0x00000000d7200000, 0x0000000100000000)
  eden space 22528K, 100% used [0x00000000d5580000,0x00000000d6b80000,0x00000000d6b80000)
  from space 3072K, 90% used [0x00000000d6d00000,0x00000000d6fb4460,0x00000000d7000000)
  to   space 2048K, 0% used [0x00000000d7000000,0x00000000d7000000,0x00000000d7200000)
 ParOldGen       total 68608K, used 15861K [0x0000000080000000, 0x0000000084300000, 0x00000000d5580000)
  object space 68608K, 23% used [0x0000000080000000,0x0000000080f7d640,0x0000000084300000)
 Metaspace       used 32485K, committed 33344K, reserved 1114112K
  class space    used 3310K, committed 3712K, reserved 1048576K
}
Event: 6.126 GC heap after
{Heap after GC invocations=13 (full 1):
 PSYoungGen      total 23040K, used 2018K [0x00000000d5580000, 0x00000000d7700000, 0x0000000100000000)
  eden space 20992K, 0% used [0x00000000d5580000,0x00000000d5580000,0x00000000d6a00000)
  from space 2048K, 98% used [0x00000000d7000000,0x00000000d71f8800,0x00000000d7200000)
  to   space 6144K, 0% used [0x00000000d6a00000,0x00000000d6a00000,0x00000000d7000000)
 ParOldGen       total 68608K, used 19125K [0x0000000080000000, 0x0000000084300000, 0x00000000d5580000)
  object space 68608K, 27% used [0x0000000080000000,0x00000000812ad708,0x0000000084300000)
 Metaspace       used 32485K, committed 33344K, reserved 1114112K
  class space    used 3310K, committed 3712K, reserved 1048576K
}
Event: 6.230 GC heap before
{Heap before GC invocations=14 (full 1):
 PSYoungGen      total 23040K, used 23010K [0x00000000d5580000, 0x00000000d7700000, 0x0000000100000000)
  eden space 20992K, 100% used [0x00000000d5580000,0x00000000d6a00000,0x00000000d6a00000)
  from space 2048K, 98% used [0x00000000d7000000,0x00000000d71f8800,0x00000000d7200000)
  to   space 6144K, 0% used [0x00000000d6a00000,0x00000000d6a00000,0x00000000d7000000)
 ParOldGen       total 68608K, used 19125K [0x0000000080000000, 0x0000000084300000, 0x00000000d5580000)
  object space 68608K, 27% used [0x0000000080000000,0x00000000812ad708,0x0000000084300000)
 Metaspace       used 32513K, committed 33408K, reserved 1114112K
  class space    used 3310K, committed 3712K, reserved 1048576K
}
Event: 6.235 GC heap after
{Heap after GC invocations=14 (full 1):
 PSYoungGen      total 23552K, used 2276K [0x00000000d5580000, 0x00000000d7100000, 0x0000000100000000)
  eden space 20992K, 0% used [0x00000000d5580000,0x00000000d5580000,0x00000000d6a00000)
  from space 2560K, 88% used [0x00000000d6a00000,0x00000000d6c39000,0x00000000d6c80000)
  to   space 3584K, 0% used [0x00000000d6d80000,0x00000000d6d80000,0x00000000d7100000)
 ParOldGen       total 68608K, used 21085K [0x0000000080000000, 0x0000000084300000, 0x00000000d5580000)
  object space 68608K, 30% used [0x0000000080000000,0x0000000081497708,0x0000000084300000)
 Metaspace       used 32513K, committed 33408K, reserved 1114112K
  class space    used 3310K, committed 3712K, reserved 1048576K
}
Event: 6.325 GC heap before
{Heap before GC invocations=15 (full 1):
 PSYoungGen      total 23552K, used 23268K [0x00000000d5580000, 0x00000000d7100000, 0x0000000100000000)
  eden space 20992K, 100% used [0x00000000d5580000,0x00000000d6a00000,0x00000000d6a00000)
  from space 2560K, 88% used [0x00000000d6a00000,0x00000000d6c39000,0x00000000d6c80000)
  to   space 3584K, 0% used [0x00000000d6d80000,0x00000000d6d80000,0x00000000d7100000)
 ParOldGen       total 68608K, used 21085K [0x0000000080000000, 0x0000000084300000, 0x00000000d5580000)
  object space 68608K, 30% used [0x0000000080000000,0x0000000081497708,0x0000000084300000)
 Metaspace       used 32540K, committed 33408K, reserved 1114112K
  class space    used 3311K, committed 3712K, reserved 1048576K
}
Event: 6.331 GC heap after
{Heap after GC invocations=15 (full 1):
 PSYoungGen      total 23552K, used 2496K [0x00000000d5580000, 0x00000000d7000000, 0x0000000100000000)
  eden space 20992K, 0% used [0x00000000d5580000,0x00000000d5580000,0x00000000d6a00000)
  from space 2560K, 97% used [0x00000000d6d80000,0x00000000d6ff0010,0x00000000d7000000)
  to   space 3072K, 0% used [0x00000000d6a00000,0x00000000d6a00000,0x00000000d6d00000)
 ParOldGen       total 68608K, used 23232K [0x0000000080000000, 0x0000000084300000, 0x00000000d5580000)
  object space 68608K, 33% used [0x0000000080000000,0x00000000816b0258,0x0000000084300000)
 Metaspace       used 32540K, committed 33408K, reserved 1114112K
  class space    used 3311K, committed 3712K, reserved 1048576K
}
Event: 6.428 GC heap before
{Heap before GC invocations=16 (full 1):
 PSYoungGen      total 23552K, used 23488K [0x00000000d5580000, 0x00000000d7000000, 0x0000000100000000)
  eden space 20992K, 100% used [0x00000000d5580000,0x00000000d6a00000,0x00000000d6a00000)
  from space 2560K, 97% used [0x00000000d6d80000,0x00000000d6ff0010,0x00000000d7000000)
  to   space 3072K, 0% used [0x00000000d6a00000,0x00000000d6a00000,0x00000000d6d00000)
 ParOldGen       total 68608K, used 23232K [0x0000000080000000, 0x0000000084300000, 0x00000000d5580000)
  object space 68608K, 33% used [0x0000000080000000,0x00000000816b0258,0x0000000084300000)
 Metaspace       used 32627K, committed 33536K, reserved 1114112K
  class space    used 3311K, committed 3712K, reserved 1048576K
}
Event: 6.433 GC heap after
{Heap after GC invocations=16 (full 1):
 PSYoungGen      total 23552K, used 2208K [0x00000000d5580000, 0x00000000d6f00000, 0x0000000100000000)
  eden space 20992K, 0% used [0x00000000d5580000,0x00000000d5580000,0x00000000d6a00000)
  from space 2560K, 86% used [0x00000000d6a00000,0x00000000d6c28000,0x00000000d6c80000)
  to   space 2560K, 0% used [0x00000000d6c80000,0x00000000d6c80000,0x00000000d6f00000)
 ParOldGen       total 68608K, used 25624K [0x0000000080000000, 0x0000000084300000, 0x00000000d5580000)
  object space 68608K, 37% used [0x0000000080000000,0x0000000081906268,0x0000000084300000)
 Metaspace       used 32627K, committed 33536K, reserved 1114112K
  class space    used 3311K, committed 3712K, reserved 1048576K
}

Dll operation events (10 events):
Event: 0.017 Loaded shared library c:\Users\Dell\.vscode\extensions\redhat.java-1.53.0-win32-x64\jre\21.0.10-win32-x86_64\bin\java.dll
Event: 0.075 Loaded shared library c:\Users\Dell\.vscode\extensions\redhat.java-1.53.0-win32-x64\jre\21.0.10-win32-x86_64\bin\zip.dll
Event: 0.156 Loaded shared library C:\Users\Dell\.vscode\extensions\redhat.java-1.53.0-win32-x64\jre\21.0.10-win32-x86_64\bin\instrument.dll
Event: 0.164 Loaded shared library C:\Users\Dell\.vscode\extensions\redhat.java-1.53.0-win32-x64\jre\21.0.10-win32-x86_64\bin\net.dll
Event: 0.167 Loaded shared library C:\Users\Dell\.vscode\extensions\redhat.java-1.53.0-win32-x64\jre\21.0.10-win32-x86_64\bin\nio.dll
Event: 0.173 Loaded shared library C:\Users\Dell\.vscode\extensions\redhat.java-1.53.0-win32-x64\jre\21.0.10-win32-x86_64\bin\zip.dll
Event: 0.195 Loaded shared library C:\Users\Dell\.vscode\extensions\redhat.java-1.53.0-win32-x64\jre\21.0.10-win32-x86_64\bin\jimage.dll
Event: 0.316 Loaded shared library c:\Users\Dell\.vscode\extensions\redhat.java-1.53.0-win32-x64\jre\21.0.10-win32-x86_64\bin\verify.dll
Event: 1.938 Loaded shared library C:\Users\Dell\AppData\Roaming\Code\User\globalStorage\redhat.java\1.53.0\config_ss_win\org.eclipse.equinox.launcher\org.eclipse.equinox.launcher.win32.win32.x86_64_1.3.0.v20260203-2149\eclipse_11919.dll
Event: 3.201 Loaded shared library C:\Users\Dell\AppData\Local\Temp\jna-2087039342\jna11882920944422382498.dll

Deoptimization events (20 events):
Event: 6.553 Thread 0x000001f6e30687c0 DEOPT UNPACKING pc=0x000001f68d364242 sp=0x00000040a3cfc8f8 mode 0
Event: 6.553 Thread 0x000001f6e306f0c0 DEOPT UNPACKING pc=0x000001f68d364242 sp=0x00000040a3dfcf80 mode 0
Event: 6.554 Thread 0x000001f6e306f0c0 DEOPT PACKING pc=0x000001f686655d26 sp=0x00000040a3dfda90
Event: 6.554 Thread 0x000001f6e306f0c0 DEOPT UNPACKING pc=0x000001f68d364242 sp=0x00000040a3dfcf80 mode 0
Event: 6.555 Thread 0x000001f6e30687c0 DEOPT PACKING pc=0x000001f686655d26 sp=0x00000040a3cfd400
Event: 6.555 Thread 0x000001f6e30687c0 DEOPT UNPACKING pc=0x000001f68d364242 sp=0x00000040a3cfc8f8 mode 0
Event: 6.556 Thread 0x000001f6e30687c0 DEOPT PACKING pc=0x000001f686655d26 sp=0x00000040a3cfd400
Event: 6.556 Thread 0x000001f6e30687c0 DEOPT UNPACKING pc=0x000001f68d364242 sp=0x00000040a3cfc8f8 mode 0
Event: 6.556 Thread 0x000001f6e30687c0 DEOPT PACKING pc=0x000001f6864bdd35 sp=0x00000040a3cfd120
Event: 6.556 Thread 0x000001f6e30687c0 DEOPT UNPACKING pc=0x000001f68d364242 sp=0x00000040a3cfc630 mode 0
Event: 6.557 Thread 0x000001f6e306f0c0 DEOPT PACKING pc=0x000001f686655d26 sp=0x00000040a3dfda90
Event: 6.557 Thread 0x000001f6e306f0c0 DEOPT UNPACKING pc=0x000001f68d364242 sp=0x00000040a3dfcf80 mode 0
Event: 6.557 Thread 0x000001f6e306f0c0 DEOPT PACKING pc=0x000001f686655d26 sp=0x00000040a3dfda90
Event: 6.557 Thread 0x000001f6e306f0c0 DEOPT UNPACKING pc=0x000001f68d364242 sp=0x00000040a3dfcf80 mode 0
Event: 6.557 Thread 0x000001f6e30687c0 DEOPT PACKING pc=0x000001f686655d26 sp=0x00000040a3cfd3d0
Event: 6.558 Thread 0x000001f6e30687c0 DEOPT UNPACKING pc=0x000001f68d364242 sp=0x00000040a3cfc8c0 mode 0
Event: 6.715 Thread 0x000001f6e23c1750 Uncommon trap: trap_request=0xffffffc6 fr.pc=0x000001f68db2d1e0 relative=0x00000000000011e0
Event: 6.715 Thread 0x000001f6e23c1750 Uncommon trap: reason=bimorphic_or_optimized_type_check action=maybe_recompile pc=0x000001f68db2d1e0 method=java.util.Properties$LineReader.readLine()I @ 479 c2
Event: 6.715 Thread 0x000001f6e23c1750 DEOPT PACKING pc=0x000001f68db2d1e0 sp=0x00000040a23fdbc0
Event: 6.715 Thread 0x000001f6e23c1750 DEOPT UNPACKING pc=0x000001f68d363aa2 sp=0x00000040a23fdb58 mode 2

Classes loaded (20 events):
Event: 5.691 Loading class java/lang/invoke/MethodHandleImpl$Makers
Event: 5.691 Loading class java/lang/invoke/MethodHandleImpl$Makers done
Event: 5.691 Loading class java/lang/invoke/MethodHandleImpl$Makers$1
Event: 5.691 Loading class java/lang/invoke/MethodHandleImpl$Makers$1 done
Event: 5.691 Loading class java/lang/invoke/MethodHandleImpl$Makers$2
Event: 5.692 Loading class java/lang/invoke/MethodHandleImpl$Makers$2 done
Event: 5.692 Loading class java/lang/invoke/MethodHandleImpl$Makers$3
Event: 5.692 Loading class java/lang/invoke/MethodHandleImpl$Makers$3 done
Event: 5.698 Loading class java/lang/runtime/ObjectMethods$1
Event: 5.699 Loading class java/lang/runtime/ObjectMethods$1 done
Event: 5.913 Loading class java/lang/invoke/MethodHandleImpl$CountingWrapper
Event: 5.914 Loading class java/lang/invoke/MethodHandleImpl$CountingWrapper done
Event: 5.948 Loading class java/nio/channels/Channels$ReadableByteChannelImpl
Event: 5.948 Loading class java/nio/channels/Channels$ReadableByteChannelImpl done
Event: 5.950 Loading class java/nio/channels/NonWritableChannelException
Event: 5.950 Loading class java/nio/channels/NonWritableChannelException done
Event: 6.272 Loading class java/lang/invoke/MethodHandleImpl$CountingWrapper$1
Event: 6.272 Loading class java/lang/invoke/MethodHandleImpl$CountingWrapper$1 done
Event: 6.561 Loading class java/lang/ExceptionInInitializerError
Event: 6.561 Loading class java/lang/ExceptionInInitializerError done

Classes unloaded (7 events):
Event: 3.676 Thread 0x000001f699ca69c0 Unloading class 0x000001f69b18d000 'java/lang/invoke/LambdaForm$MH+0x000001f69b18d000'
Event: 3.676 Thread 0x000001f699ca69c0 Unloading class 0x000001f69b18cc00 'java/lang/invoke/LambdaForm$MH+0x000001f69b18cc00'
Event: 3.676 Thread 0x000001f699ca69c0 Unloading class 0x000001f69b18c800 'java/lang/invoke/LambdaForm$MH+0x000001f69b18c800'
Event: 3.676 Thread 0x000001f699ca69c0 Unloading class 0x000001f69b18c400 'java/lang/invoke/LambdaForm$MH+0x000001f69b18c400'
Event: 3.676 Thread 0x000001f699ca69c0 Unloading class 0x000001f69b18c000 'java/lang/invoke/LambdaForm$BMH+0x000001f69b18c000'
Event: 3.676 Thread 0x000001f699ca69c0 Unloading class 0x000001f69b18bc00 'java/lang/invoke/LambdaForm$DMH+0x000001f69b18bc00'
Event: 3.676 Thread 0x000001f699ca69c0 Unloading class 0x000001f69b18ac00 'java/lang/invoke/LambdaForm$DMH+0x000001f69b18ac00'

Classes redefined (0 events):
No events

Internal exceptions (20 events):
Event: 5.688 Thread 0x000001f6e306f0c0 Exception <a 'java/lang/NoSuchMethodError'{0x00000000d67edb18}: 'java.lang.Object java.lang.invoke.DirectMethodHandle$Holder.invokeStaticInit(java.lang.Object, java.lang.Object, java.lang.Object, java.lang.Object, java.lang.Object, java.lang.Object, java.lang.Object)'> (0x00000000d67edb18) 
thrown [s\src\hotspot\share\interpreter\linkResolver.cpp, line 773]
Event: 5.690 Thread 0x000001f6e306f0c0 Exception <a 'java/lang/NoSuchMethodError'{0x00000000d67f7230}: 'java.lang.Object java.lang.invoke.Invokers$Holder.invoke_MT(java.lang.Object, java.lang.Object, java.lang.Object, java.lang.Object, java.lang.Object, java.lang.Object, java.lang.Object, java.lang.Object, java.lang.Object, java.lang.Object)'> (0x00000000d67f7230) 
thrown [s\src\hotspot\share\interpreter\linkResolver.cpp, line 773]
Event: 5.690 Thread 0x000001f6e23c1750 Exception <a 'java/lang/NoSuchMethodError'{0x00000000d67ff988}: 'java.lang.Object java.lang.invoke.Invokers$Holder.invoke_MT(java.lang.Object, java.lang.Object, java.lang.Object, java.lang.Object, java.lang.Object, java.lang.Object, java.lang.Object, java.lang.Object, java.lang.Object, java.lang.Object)'> (0x00000000d67ff988) 
thrown [s\src\hotspot\share\interpreter\linkResolver.cpp, line 773]
Event: 5.690 Thread 0x000001f6e30687c0 Exception <a 'java/lang/NoSuchMethodError'{0x00000000d67bda58}: 'java.lang.Object java.lang.invoke.Invokers$Holder.invoke_MT(java.lang.Object, java.lang.Object, java.lang.Object, java.lang.Object, java.lang.Object, java.lang.Object, java.lang.Object, java.lang.Object, java.lang.Object, java.lang.Object)'> (0x00000000d67bda58) 
thrown [s\src\hotspot\share\interpreter\linkResolver.cpp, line 773]
Event: 5.700 Thread 0x000001f6e23c1750 Exception <a 'java/lang/NoSuchMethodError'{0x00000000d68701f8}: 'int java.lang.invoke.DirectMethodHandle$Holder.invokeVirtual(java.lang.Object, java.lang.Object, java.lang.Object)'> (0x00000000d68701f8) 
thrown [s\src\hotspot\share\interpreter\linkResolver.cpp, line 773]
Event: 5.701 Thread 0x000001f6e23c1750 Exception <a 'java/lang/NoSuchMethodError'{0x00000000d6874940}: 'int java.lang.invoke.DirectMethodHandle$Holder.invokeStaticInit(java.lang.Object, int, int)'> (0x00000000d6874940) 
thrown [s\src\hotspot\share\interpreter\linkResolver.cpp, line 773]
Event: 5.705 Thread 0x000001f6e23c1750 Exception <a 'java/lang/NoSuchMethodError'{0x00000000d687c6c8}: 'int java.lang.invoke.DirectMethodHandle$Holder.invokeStaticInit(java.lang.Object, long, long)'> (0x00000000d687c6c8) 
thrown [s\src\hotspot\share\interpreter\linkResolver.cpp, line 773]
Event: 5.709 Thread 0x000001f6e23c1750 Exception <a 'java/lang/NoSuchMethodError'{0x00000000d6883a50}: 'int java.lang.invoke.DirectMethodHandle$Holder.invokeStaticInit(java.lang.Object, float, float)'> (0x00000000d6883a50) 
thrown [s\src\hotspot\share\interpreter\linkResolver.cpp, line 773]
Event: 5.711 Thread 0x000001f6e23c1750 Exception <a 'java/lang/NoSuchMethodError'{0x00000000d688ae00}: 'int java.lang.invoke.DirectMethodHandle$Holder.invokeStaticInit(java.lang.Object, double, double)'> (0x00000000d688ae00) 
thrown [s\src\hotspot\share\interpreter\linkResolver.cpp, line 773]
Event: 5.712 Thread 0x000001f6e23c1750 Exception <a 'java/lang/NoSuchMethodError'{0x00000000d688f9f0}: 'int java.lang.invoke.DirectMethodHandle$Holder.invokeStatic(java.lang.Object, long)'> (0x00000000d688f9f0) 
thrown [s\src\hotspot\share\interpreter\linkResolver.cpp, line 773]
Event: 5.722 Thread 0x000001f6e306f0c0 Exception <a 'java/lang/NoSuchMethodError'{0x00000000d68cf7a0}: 'int java.lang.invoke.Invokers$Holder.linkToTargetMethod(java.lang.Object, java.lang.Object)'> (0x00000000d68cf7a0) 
thrown [s\src\hotspot\share\interpreter\linkResolver.cpp, line 773]
Event: 5.722 Thread 0x000001f6e30687c0 Exception <a 'java/lang/NoSuchMethodError'{0x00000000d68b8e40}: 'int java.lang.invoke.Invokers$Holder.linkToTargetMethod(java.lang.Object, java.lang.Object)'> (0x00000000d68b8e40) 
thrown [s\src\hotspot\share\interpreter\linkResolver.cpp, line 773]
Event: 5.722 Thread 0x000001f6e23c1750 Exception <a 'java/lang/NoSuchMethodError'{0x00000000d68d7718}: 'int java.lang.invoke.Invokers$Holder.linkToTargetMethod(java.lang.Object, java.lang.Object)'> (0x00000000d68d7718) 
thrown [s\src\hotspot\share\interpreter\linkResolver.cpp, line 773]
Event: 5.911 Thread 0x000001f6e30687c0 Exception <a 'java/lang/NoSuchMethodError'{0x00000000d68b4038}: 'int java.lang.invoke.DirectMethodHandle$Holder.invokeSpecial(java.lang.Object, java.lang.Object, java.lang.Object, java.lang.Object)'> (0x00000000d68b4038) 
thrown [s\src\hotspot\share\interpreter\linkResolver.cpp, line 773]
Event: 5.911 Thread 0x000001f6e23c1750 Exception <a 'java/lang/NoSuchMethodError'{0x00000000d68ac478}: 'int java.lang.invoke.DirectMethodHandle$Holder.invokeSpecial(java.lang.Object, java.lang.Object, java.lang.Object, java.lang.Object)'> (0x00000000d68ac478) 
thrown [s\src\hotspot\share\interpreter\linkResolver.cpp, line 773]
Event: 5.913 Thread 0x000001f6e23c1750 Exception <a 'java/lang/NoSuchMethodError'{0x00000000d68f4d20}: 'java.lang.Object java.lang.invoke.DirectMethodHandle$Holder.invokeStatic(java.lang.Object, int, java.lang.Object, java.lang.Object)'> (0x00000000d68f4d20) 
thrown [s\src\hotspot\share\interpreter\linkResolver.cpp, line 773]
Event: 5.913 Thread 0x000001f6e23c1750 Exception <a 'java/lang/NoSuchMethodError'{0x00000000d68f8b08}: 'java.lang.Object java.lang.invoke.DelegatingMethodHandle$Holder.delegate(java.lang.Object, int, java.lang.Object, java.lang.Object)'> (0x00000000d68f8b08) 
thrown [s\src\hotspot\share\interpreter\linkResolver.cpp, line 773]
Event: 5.913 Thread 0x000001f6e30687c0 Exception <a 'java/lang/NoSuchMethodError'{0x00000000d68be390}: 'java.lang.Object java.lang.invoke.DelegatingMethodHandle$Holder.delegate(java.lang.Object, int, java.lang.Object, java.lang.Object)'> (0x00000000d68be390) 
thrown [s\src\hotspot\share\interpreter\linkResolver.cpp, line 773]
Event: 5.917 Thread 0x000001f6e30687c0 Exception <a 'java/lang/NoSuchMethodError'{0x00000000d68cd280}: 'int java.lang.invoke.Invokers$Holder.linkToTargetMethod(java.lang.Object, java.lang.Object, java.lang.Object)'> (0x00000000d68cd280) 
thrown [s\src\hotspot\share\interpreter\linkResolver.cpp, line 773]
Event: 5.918 Thread 0x000001f6e23c1750 Exception <a 'java/lang/NoSuchMethodError'{0x00000000d6923330}: 'int java.lang.invoke.Invokers$Holder.linkToTargetMethod(java.lang.Object, java.lang.Object, java.lang.Object)'> (0x00000000d6923330) 
thrown [s\src\hotspot\share\interpreter\linkResolver.cpp, line 773]

ZGC Phase Switch (0 events):
No events

VM Operations (20 events):
Event: 5.435 Executing non-safepoint VM operation: HandshakeAllThreads (Deoptimize)
Event: 5.435 Executing non-safepoint VM operation: HandshakeAllThreads (Deoptimize) done
Event: 5.447 Executing non-safepoint VM operation: HandshakeAllThreads (Deoptimize)
Event: 5.447 Executing non-safepoint VM operation: HandshakeAllThreads (Deoptimize) done
Event: 5.524 Executing non-safepoint VM operation: HandshakeAllThreads (Deoptimize)
Event: 5.524 Executing non-safepoint VM operation: HandshakeAllThreads (Deoptimize) done
Event: 5.524 Executing non-safepoint VM operation: HandshakeAllThreads (Deoptimize)
Event: 5.524 Executing non-safepoint VM operation: HandshakeAllThreads (Deoptimize) done
Event: 5.767 Executing safepoint VM operation: ParallelGCFailedAllocation (Allocation Failure)
Event: 5.775 Executing safepoint VM operation: ParallelGCFailedAllocation (Allocation Failure) done
Event: 5.977 Executing safepoint VM operation: ParallelGCFailedAllocation (Allocation Failure)
Event: 5.985 Executing safepoint VM operation: ParallelGCFailedAllocation (Allocation Failure) done
Event: 6.117 Executing safepoint VM operation: ParallelGCFailedAllocation (Allocation Failure)
Event: 6.126 Executing safepoint VM operation: ParallelGCFailedAllocation (Allocation Failure) done
Event: 6.230 Executing safepoint VM operation: ParallelGCFailedAllocation (Allocation Failure)
Event: 6.235 Executing safepoint VM operation: ParallelGCFailedAllocation (Allocation Failure) done
Event: 6.325 Executing safepoint VM operation: ParallelGCFailedAllocation (Allocation Failure)
Event: 6.331 Executing safepoint VM operation: ParallelGCFailedAllocation (Allocation Failure) done
Event: 6.428 Executing safepoint VM operation: ParallelGCFailedAllocation (Allocation Failure)
Event: 6.434 Executing safepoint VM operation: ParallelGCFailedAllocation (Allocation Failure) done

Memory protections (0 events):
No events

Nmethod flushes (0 events):
No events

Events (20 events):
Event: 3.527 Thread 0x000001f6e23c1750 Thread added: 0x000001f6e25339d0
Event: 4.046 Thread 0x000001f6e2236450 Thread added: 0x000001f6e2532620
Event: 4.130 Thread 0x000001f6e2532620 Thread exited: 0x000001f6e2532620
Event: 4.520 Thread 0x000001f6813015c0 Thread added: 0x000001f6e25346f0
Event: 4.521 Thread 0x000001f6813015c0 Thread added: 0x000001f6e2531f90
Event: 4.522 Thread 0x000001f6813015c0 Thread added: 0x000001f6e2532620
Event: 4.522 Thread 0x000001f6813015c0 Thread added: 0x000001f6e2532cb0
Event: 4.523 Thread 0x000001f6813015c0 Thread added: 0x000001f6e2533340
Event: 4.523 Thread 0x000001f6813015c0 Thread added: 0x000001f6e2534060
Event: 4.523 Thread 0x000001f6813015c0 Thread added: 0x000001f6e306d680
Event: 4.524 Thread 0x000001f6813015c0 Thread added: 0x000001f6e3068130
Event: 4.524 Thread 0x000001f6813015c0 Thread added: 0x000001f6e306dd10
Event: 4.524 Thread 0x000001f6813015c0 Thread added: 0x000001f6e306e3a0
Event: 4.524 Thread 0x000001f6813015c0 Thread added: 0x000001f6e306ea30
Event: 4.524 Thread 0x000001f6813015c0 Thread added: 0x000001f6e306cff0
Event: 4.525 Thread 0x000001f6813015c0 Thread added: 0x000001f6e3068e50
Event: 4.563 Thread 0x000001f6813015c0 Thread added: 0x000001f6e306c960
Event: 5.001 Thread 0x000001f6813015c0 Thread added: 0x000001f6e306af20
Event: 5.001 Thread 0x000001f6813015c0 Thread added: 0x000001f6e30687c0
Event: 5.364 Thread 0x000001f6e30687c0 Thread added: 0x000001f6e306f0c0


Dynamic libraries:
0x00007ff756810000 - 0x00007ff75681e000 	c:\Users\Dell\.vscode\extensions\redhat.java-1.53.0-win32-x64\jre\21.0.10-win32-x86_64\bin\java.exe
0x00007ff8bcb10000 - 0x00007ff8bcd28000 	C:\WINDOWS\SYSTEM32\ntdll.dll
0x00007ff8bc7d0000 - 0x00007ff8bc894000 	C:\WINDOWS\System32\KERNEL32.DLL
0x00007ff8ba140000 - 0x00007ff8ba513000 	C:\WINDOWS\System32\KERNELBASE.dll
0x00007ff8ba520000 - 0x00007ff8ba631000 	C:\WINDOWS\System32\ucrtbase.dll
0x00007ff897ac0000 - 0x00007ff897ad8000 	c:\Users\Dell\.vscode\extensions\redhat.java-1.53.0-win32-x64\jre\21.0.10-win32-x86_64\bin\jli.dll
0x00007ff897aa0000 - 0x00007ff897abe000 	c:\Users\Dell\.vscode\extensions\redhat.java-1.53.0-win32-x64\jre\21.0.10-win32-x86_64\bin\VCRUNTIME140.dll
0x00007ff8bb400000 - 0x00007ff8bb5b2000 	C:\WINDOWS\System32\USER32.dll
0x00007ff8ba780000 - 0x00007ff8ba7a6000 	C:\WINDOWS\System32\win32u.dll
0x00007ff8bc2a0000 - 0x00007ff8bc2c9000 	C:\WINDOWS\System32\GDI32.dll
0x00007ff8ad370000 - 0x00007ff8ad60c000 	C:\WINDOWS\WinSxS\amd64_microsoft.windows.common-controls_6595b64144ccf1df_6.0.22621.6060_none_2712eda17382d24b\COMCTL32.dll
0x00007ff8b9f60000 - 0x00007ff8ba07b000 	C:\WINDOWS\System32\gdi32full.dll
0x00007ff8bade0000 - 0x00007ff8bae87000 	C:\WINDOWS\System32\msvcrt.dll
0x00007ff8b9c20000 - 0x00007ff8b9cba000 	C:\WINDOWS\System32\msvcp_win.dll
0x00007ff8bb910000 - 0x00007ff8bb941000 	C:\WINDOWS\System32\IMM32.DLL
0x00007ff8a4de0000 - 0x00007ff8a4dec000 	c:\Users\Dell\.vscode\extensions\redhat.java-1.53.0-win32-x64\jre\21.0.10-win32-x86_64\bin\vcruntime140_1.dll
0x00007ff8675e0000 - 0x00007ff86766d000 	c:\Users\Dell\.vscode\extensions\redhat.java-1.53.0-win32-x64\jre\21.0.10-win32-x86_64\bin\msvcp140.dll
0x00007ff80aa00000 - 0x00007ff80b7a1000 	c:\Users\Dell\.vscode\extensions\redhat.java-1.53.0-win32-x64\jre\21.0.10-win32-x86_64\bin\server\jvm.dll
0x00007ff8bae90000 - 0x00007ff8baf41000 	C:\WINDOWS\System32\ADVAPI32.dll
0x00007ff8ba920000 - 0x00007ff8ba9c8000 	C:\WINDOWS\System32\sechost.dll
0x00007ff8b9f30000 - 0x00007ff8b9f58000 	C:\WINDOWS\System32\bcrypt.dll
0x00007ff8bb5c0000 - 0x00007ff8bb6d8000 	C:\WINDOWS\System32\RPCRT4.dll
0x00007ff8bb6e0000 - 0x00007ff8bb751000 	C:\WINDOWS\System32\WS2_32.dll
0x00007ff8b4060000 - 0x00007ff8b4094000 	C:\WINDOWS\SYSTEM32\WINMM.dll
0x00007ff8b8a30000 - 0x00007ff8b8a7d000 	C:\WINDOWS\SYSTEM32\POWRPROF.dll
0x00007ff8ac330000 - 0x00007ff8ac33a000 	C:\WINDOWS\SYSTEM32\VERSION.dll
0x00007ff8b8a10000 - 0x00007ff8b8a23000 	C:\WINDOWS\SYSTEM32\UMPDC.dll
0x00007ff8b8c50000 - 0x00007ff8b8c68000 	C:\WINDOWS\SYSTEM32\kernel.appcore.dll
0x00007ff8998b0000 - 0x00007ff8998ba000 	c:\Users\Dell\.vscode\extensions\redhat.java-1.53.0-win32-x64\jre\21.0.10-win32-x86_64\bin\jimage.dll
0x00007ff8b75e0000 - 0x00007ff8b7813000 	C:\WINDOWS\SYSTEM32\DBGHELP.DLL
0x00007ff8bb060000 - 0x00007ff8bb3f1000 	C:\WINDOWS\System32\combase.dll
0x00007ff8baae0000 - 0x00007ff8babb8000 	C:\WINDOWS\System32\OLEAUT32.dll
0x00007ff8accf0000 - 0x00007ff8acd22000 	C:\WINDOWS\SYSTEM32\dbgcore.DLL
0x00007ff8b9eb0000 - 0x00007ff8b9f2b000 	C:\WINDOWS\System32\bcryptPrimitives.dll
0x00007ff8962c0000 - 0x00007ff8962cf000 	c:\Users\Dell\.vscode\extensions\redhat.java-1.53.0-win32-x64\jre\21.0.10-win32-x86_64\bin\instrument.dll
0x00007ff88f470000 - 0x00007ff88f490000 	c:\Users\Dell\.vscode\extensions\redhat.java-1.53.0-win32-x64\jre\21.0.10-win32-x86_64\bin\java.dll
0x00007ff8bb950000 - 0x00007ff8bc1ec000 	C:\WINDOWS\System32\SHELL32.dll
0x00007ff8ba640000 - 0x00007ff8ba77f000 	C:\WINDOWS\System32\wintypes.dll
0x00007ff8b7ae0000 - 0x00007ff8b83fa000 	C:\WINDOWS\SYSTEM32\windows.storage.dll
0x00007ff8ba9d0000 - 0x00007ff8baad4000 	C:\WINDOWS\System32\SHCORE.dll
0x00007ff8ba8b0000 - 0x00007ff8ba919000 	C:\WINDOWS\System32\shlwapi.dll
0x00007ff8b9b50000 - 0x00007ff8b9b75000 	C:\WINDOWS\SYSTEM32\profapi.dll
0x00007ff883150000 - 0x00007ff883168000 	c:\Users\Dell\.vscode\extensions\redhat.java-1.53.0-win32-x64\jre\21.0.10-win32-x86_64\bin\zip.dll
0x00007ff894ee0000 - 0x00007ff894ef0000 	C:\Users\Dell\.vscode\extensions\redhat.java-1.53.0-win32-x64\jre\21.0.10-win32-x86_64\bin\net.dll
0x00007ff8b3560000 - 0x00007ff8b368c000 	C:\WINDOWS\SYSTEM32\WINHTTP.dll
0x00007ff8b9170000 - 0x00007ff8b91d9000 	C:\WINDOWS\system32\mswsock.dll
0x00007ff881ae0000 - 0x00007ff881af6000 	C:\Users\Dell\.vscode\extensions\redhat.java-1.53.0-win32-x64\jre\21.0.10-win32-x86_64\bin\nio.dll
0x00007ff894c40000 - 0x00007ff894c50000 	c:\Users\Dell\.vscode\extensions\redhat.java-1.53.0-win32-x64\jre\21.0.10-win32-x86_64\bin\verify.dll
0x00007ff850cb0000 - 0x00007ff850cf5000 	C:\Users\Dell\AppData\Roaming\Code\User\globalStorage\redhat.java\1.53.0\config_ss_win\org.eclipse.equinox.launcher\org.eclipse.equinox.launcher.win32.win32.x86_64_1.3.0.v20260203-2149\eclipse_11919.dll
0x00007ff8bc920000 - 0x00007ff8bcac1000 	C:\WINDOWS\System32\ole32.dll
0x00007ff8b94c0000 - 0x00007ff8b94db000 	C:\WINDOWS\SYSTEM32\CRYPTSP.dll
0x00007ff8b8c10000 - 0x00007ff8b8c47000 	C:\WINDOWS\system32\rsaenh.dll
0x00007ff8b9210000 - 0x00007ff8b9238000 	C:\WINDOWS\SYSTEM32\USERENV.dll
0x00007ff8b94a0000 - 0x00007ff8b94ac000 	C:\WINDOWS\SYSTEM32\CRYPTBASE.dll
0x00007ff8b86d0000 - 0x00007ff8b86fd000 	C:\WINDOWS\SYSTEM32\IPHLPAPI.DLL
0x00007ff8bb770000 - 0x00007ff8bb779000 	C:\WINDOWS\System32\NSI.dll
0x00007ff833ae0000 - 0x00007ff833b29000 	C:\Users\Dell\AppData\Local\Temp\jna-2087039342\jna11882920944422382498.dll
0x00007ff8badd0000 - 0x00007ff8badd8000 	C:\WINDOWS\System32\PSAPI.DLL
0x00007ff8b1ec0000 - 0x00007ff8b1ed9000 	C:\WINDOWS\SYSTEM32\dhcpcsvc6.DLL
0x00007ff8b1c20000 - 0x00007ff8b1c3f000 	C:\WINDOWS\SYSTEM32\dhcpcsvc.DLL

JVMTI agents:
c:\Users\Dell\.vscode\extensions\redhat.java-1.53.0-win32-x64\lombok\lombok-1.18.39-4050.jar path:c:\Users\Dell\.vscode\extensions\redhat.java-1.53.0-win32-x64\jre\21.0.10-win32-x86_64\bin\instrument.dll, loaded, initialized, instrumentlib options:none

dbghelp: loaded successfully - version: 4.0.5 - missing functions: none
symbol engine: initialized successfully - sym options: 0x614 - pdb path: .;c:\Users\Dell\.vscode\extensions\redhat.java-1.53.0-win32-x64\jre\21.0.10-win32-x86_64\bin;C:\WINDOWS\SYSTEM32;C:\WINDOWS\WinSxS\amd64_microsoft.windows.common-controls_6595b64144ccf1df_6.0.22621.6060_none_2712eda17382d24b;c:\Users\Dell\.vscode\extensions\redhat.java-1.53.0-win32-x64\jre\21.0.10-win32-x86_64\bin\server;C:\Users\Dell\AppData\Roaming\Code\User\globalStorage\redhat.java\1.53.0\config_ss_win\org.eclipse.equinox.launcher\org.eclipse.equinox.launcher.win32.win32.x86_64_1.3.0.v20260203-2149;C:\Users\Dell\AppData\Local\Temp\jna-2087039342

VM Arguments:
jvm_args: --add-modules=ALL-SYSTEM --add-opens=java.base/java.util=ALL-UNNAMED --add-opens=java.base/java.lang=ALL-UNNAMED --add-opens=java.base/sun.nio.fs=ALL-UNNAMED -Declipse.application=org.eclipse.jdt.ls.core.id1 -Dosgi.bundles.defaultStartLevel=4 -Declipse.product=org.eclipse.jdt.ls.core.product -Djava.import.generatesMetadataFilesAtProjectRoot=false -DDetectVMInstallationsJob.disabled=true -Dfile.encoding=utf8 -XX:+UseParallelGC -XX:GCTimeRatio=4 -XX:AdaptiveSizePolicyWeight=90 -Dsun.zip.disableMemoryMapping=true -Xmx2G -Xms100m -Xlog:disable -javaagent:c:\Users\Dell\.vscode\extensions\redhat.java-1.53.0-win32-x64\lombok\lombok-1.18.39-4050.jar 
java_command: c:\Users\Dell\.vscode\extensions\redhat.java-1.53.0-win32-x64\server\plugins\org.eclipse.equinox.launcher_1.7.100.v20251111-0406.jar -configuration c:\Users\Dell\AppData\Roaming\Code\User\globalStorage\redhat.java\1.53.0\config_ss_win -data c:\Users\Dell\AppData\Roaming\Code\User\workspaceStorage\8deed0398820b339646c0aa412961b18\redhat.java\ss_ws --pipe=\\.\pipe\lsp-3748bc648b231f82911df8c4f4f9abd5-sock
java_class_path (initial): c:\Users\Dell\.vscode\extensions\redhat.java-1.53.0-win32-x64\server\plugins\org.eclipse.equinox.launcher_1.7.100.v20251111-0406.jar
Launcher Type: SUN_STANDARD

[Global flags]
    uintx AdaptiveSizePolicyWeight                 = 90                                        {product} {command line}
     intx CICompilerCount                          = 4                                         {product} {ergonomic}
    uintx GCTimeRatio                              = 4                                         {product} {command line}
   size_t InitialHeapSize                          = 104857600                                 {product} {command line}
   size_t MaxHeapSize                              = 2147483648                                {product} {command line}
   size_t MaxNewSize                               = 715653120                                 {product} {ergonomic}
   size_t MinHeapDeltaBytes                        = 524288                                    {product} {ergonomic}
   size_t MinHeapSize                              = 104857600                                 {product} {command line}
   size_t NewSize                                  = 34603008                                  {product} {ergonomic}
    uintx NonNMethodCodeHeapSize                   = 5839372                                {pd product} {ergonomic}
    uintx NonProfiledCodeHeapSize                  = 122909434                              {pd product} {ergonomic}
   size_t OldSize                                  = 70254592                                  {product} {ergonomic}
    uintx ProfiledCodeHeapSize                     = 122909434                              {pd product} {ergonomic}
    uintx ReservedCodeCacheSize                    = 251658240                              {pd product} {ergonomic}
     bool SegmentedCodeCache                       = true                                      {product} {ergonomic}
   size_t SoftMaxHeapSize                          = 2147483648                             {manageable} {ergonomic}
     bool UseCompressedOops                        = true                           {product lp64_product} {ergonomic}
     bool UseLargePagesIndividualAllocation        = false                                  {pd product} {ergonomic}
     bool UseParallelGC                            = true                                      {product} {command line}

Logging:
Log output configuration:
 #0: stdout all=off uptime,level,tags foldmultilines=false
 #1: stderr all=off uptime,level,tags foldmultilines=false

Release file:
JAVA_VERSION="21.0.10" 
MODULES="java.base java.compiler java.datatransfer java.xml java.prefs java.desktop java.instrument java.logging java.management java.security.sasl java.naming java.rmi java.management.rmi java.net.http java.scripting java.security.jgss java.transaction.xa java.sql java.sql.rowset java.xml.crypto java.se java.smartcardio jdk.accessibility jdk.internal.jvmstat jdk.attach jdk.charsets jdk.internal.opt jdk.zipfs jdk.compiler jdk.crypto.ec jdk.crypto.cryptoki jdk.crypto.mscapi jdk.dynalink jdk.internal.ed jdk.editpad jdk.hotspot.agent jdk.httpserver jdk.internal.le jdk.internal.vm.ci jdk.internal.vm.compiler jdk.internal.vm.compiler.management jdk.jartool jdk.javadoc jdk.jcmd jdk.management jdk.management.agent jdk.jconsole jdk.jdeps jdk.jdwp.agent jdk.jdi jdk.jfr jdk.jshell jdk.jsobject jdk.jstatd jdk.localedata jdk.management.jfr jdk.naming.dns jdk.naming.rmi jdk.net jdk.nio.mapmode jdk.random jdk.sctp jdk.security.auth jdk.security.jgss jdk.unsupported jdk.unsupported.desktop jdk.xml.dom" 

Environment Variables:
JAVA_HOME=C:\Program Files\Java\jdk-17
PATH=C:\Users\Dell\AppData\Local\Programs\Microsoft VS Code;C:\wamp64\app\oracle\product\11.2.0\server\bin;C:\Program Files\Common Files\Oracle\Java\javapath;C:\WINDOWS\System32;C:\WINDOWS;C:\WINDOWS\System32\Wbem;C:\WINDOWS\System32\WindowsPowerShell\v1.0\;C:\WINDOWS\System32\OpenSSH\;C:\Program Files\Java\jdk-17\bin;C:\Users\Dell\Desktop\yahya\approche agile\sonarqub\sonarqube-8.9.10.61524\sonarqube-8.9.10.61524\bin\windows-x86-64;C:\Users\Dell\Desktop\yahya\approche agile\sonarqub\sonar-scanner-cli-6.2.1.4610-windows-x64\sonar-scanner-6.2.1.4610-windows-x64\bin;C:\Program Files\Common Files\Oracle\Java\javapath;C:\Program Files\Java\jdk-17\bin\javaw.exe;C:\Program Files\Java\jdk-17\bin\java.exe;C:\Users\Dell\Downloads\mongosh-2.3.4-win32-x64\bin;C:\wamp64\bin\php\php8.3.6;C:\ProgramData\ComposerSetup\bin;C:\Program Files\Git\cmd;C:\TDM-GCC-64\bin;C:\Program Files\nodejs\;C:\Program Files (x86)\Microsoft SQL Server\170\Tools\Binn\;C:\Program Files\Microsoft SQL Server\170\Tools\Binn\;C:\Program Files\Microsoft SQL Server\Client SDK\ODBC\180\Tools\Binn\;C:\Program Files\Microsoft SQL Server\170\DTS\Binn\;C:\maven\apache-maven-3.9.14-bin\apache-maven-3.9.14\bin;c:\Users\Dell\AppData\Local\Programs\Trae\bin;C:\Users\Dell\AppData\Local\Programs\Python\Python311\Scripts\;C:\Users\Dell\AppData\Local\Programs\Python\Python311\;C:\Program Files\Java\jdk-17\bin;C:\Users\Dell\AppData\Local\Programs\Microsoft VS Code\bin;C:\Users\Dell\AppData\Roaming\Composer\vendor\bin;C:\Program Files\Docker\Docker\resources\bin;C:\Users\Dell\AppData\Roaming\npm;C:\Users\Dell\AppData\Local\Programs\Zed\bin
USERNAME=ZAIZI NACER
OS=Windows_NT
PROCESSOR_IDENTIFIER=Intel64 Family 6 Model 154 Stepping 4, GenuineIntel
TMP=C:\Users\Dell\AppData\Local\Temp
TEMP=C:\Users\Dell\AppData\Local\Temp




Periodic native trim disabled

---------------  S Y S T E M  ---------------

OS:
 Windows 11 , 64 bit Build 22621 (10.0.22621.5415)
OS uptime: 4 days 19:59 hours
Hyper-V role detected

CPU: total 12 (initial active 12) (6 cores per cpu, 2 threads per core) family 6 model 154 stepping 4 microcode 0x43b, cx8, cmov, fxsr, ht, mmx, 3dnowpref, sse, sse2, sse3, ssse3, sse4.1, sse4.2, popcnt, lzcnt, tsc, tscinvbit, avx, avx2, aes, erms, clmul, bmi1, bmi2, adx, sha, fma, vzeroupper, clflush, clflushopt, clwb, hv, serialize, rdtscp, rdpid, fsrm, f16c, cet_ibt, cet_ss
Processor Information for processor 0
  Max Mhz: 1600, Current Mhz: 1600, Mhz Limit: 1600
Processor Information for processor 1
  Max Mhz: 1600, Current Mhz: 1600, Mhz Limit: 1600
Processor Information for processor 2
  Max Mhz: 1600, Current Mhz: 1600, Mhz Limit: 1600
Processor Information for processor 3
  Max Mhz: 1600, Current Mhz: 1520, Mhz Limit: 1600
Processor Information for processor 4
  Max Mhz: 1600, Current Mhz: 1466, Mhz Limit: 1600
Processor Information for processor 5
  Max Mhz: 1600, Current Mhz: 1600, Mhz Limit: 1600
Processor Information for processor 6
  Max Mhz: 1600, Current Mhz: 1466, Mhz Limit: 1600
Processor Information for processor 7
  Max Mhz: 1600, Current Mhz: 1600, Mhz Limit: 1600
Processor Information for processor 8
  Max Mhz: 1600, Current Mhz: 1466, Mhz Limit: 1600
Processor Information for processor 9
  Max Mhz: 1600, Current Mhz: 1466, Mhz Limit: 1600
Processor Information for processor 10
  Max Mhz: 1600, Current Mhz: 1600, Mhz Limit: 1600
Processor Information for processor 11
  Max Mhz: 1600, Current Mhz: 1466, Mhz Limit: 1600

Memory: 4k page, system-wide physical 16068M (2849M free)
TotalPageFile size 19469M (AvailPageFile size 7M)
current process WorkingSet (physical memory assigned to process): 195M, peak: 195M
current process commit charge ("private bytes"): 316M, peak: 325M

vm_info: OpenJDK 64-Bit Server VM (21.0.10+7-LTS) for windows-amd64 JRE (21.0.10+7-LTS), built on 2026-01-20T00:00:00Z by "admin" with MS VC++ 17.12 (VS2022)

END.
